

Processing HomeController#index (for 127.0.0.1 at 2009-10-25 11:07:38) [GET]
Rendering home/index
Completed in 7ms (View: 5, DB: 0) | 200 OK [http://localhost/home/index]


Processing Rails::InfoController#properties (for 127.0.0.1 at 2009-11-02 15:49:02) [GET]
  [4;36;1mSQL (0.3ms)[0m   [0;1m SELECT name
 FROM sqlite_master
 WHERE type = 'table' AND NOT name = 'sqlite_sequence'
[0m
Completed in 99ms (View: 13, DB: 0) | 200 OK [http://localhost/rails/info/properties]


Processing HomeController#index (for 127.0.0.1 at 2009-11-02 15:49:13) [GET]
Rendering home/index
Completed in 18ms (View: 17, DB: 0) | 200 OK [http://localhost/home/index]


Processing HomeController#index (for 127.0.0.1 at 2009-11-02 16:25:28) [GET]
Rendering home/index
Completed in 2ms (View: 1, DB: 0) | 200 OK [http://localhost/]


Processing HomeController#index (for 127.0.0.1 at 2009-11-02 16:28:38) [GET]
Rendering home/index
Completed in 2ms (View: 1, DB: 0) | 200 OK [http://localhost/]


Processing HomeController#index (for 127.0.0.1 at 2009-11-02 16:31:01) [GET]
Rendering home/index
Completed in 4ms (View: 3, DB: 0) | 200 OK [http://localhost/]


Processing HomeController#index (for 127.0.0.1 at 2009-11-02 16:32:20) [GET]
Rendering home/index
Completed in 4ms (View: 2, DB: 0) | 200 OK [http://localhost/]


Processing HomeController#index (for 127.0.0.1 at 2009-11-02 16:32:39) [GET]
Rendering home/index
Completed in 2ms (View: 1, DB: 0) | 200 OK [http://localhost/]


Processing HomeController#index (for 127.0.0.1 at 2009-11-02 16:37:35) [GET]
Rendering home/index
Completed in 2ms (View: 1, DB: 0) | 200 OK [http://localhost/]


Processing HomeController#index (for 127.0.0.1 at 2009-11-02 16:38:13) [GET]
Rendering home/index
Completed in 2ms (View: 1, DB: 0) | 200 OK [http://localhost/]


Processing HomeController#index (for 127.0.0.1 at 2009-11-02 16:38:34) [GET]
Rendering home/index
Completed in 4ms (View: 3, DB: 0) | 200 OK [http://localhost/]


Processing HomeController#index (for 127.0.0.1 at 2009-11-02 16:46:54) [GET]
Rendering home/index
Completed in 5ms (View: 3, DB: 0) | 200 OK [http://localhost/]


Processing HomeController#index (for 127.0.0.1 at 2009-11-02 16:47:25) [GET]
Rendering home/index
Completed in 5ms (View: 4, DB: 0) | 200 OK [http://localhost/]


Processing HomeController#index (for 127.0.0.1 at 2009-11-02 16:47:47) [GET]
Rendering home/index
Completed in 4ms (View: 3, DB: 0) | 200 OK [http://localhost/]


Processing HomeController#index (for 127.0.0.1 at 2009-11-02 16:48:02) [GET]
Rendering home/index
Completed in 5ms (View: 3, DB: 0) | 200 OK [http://localhost/]


Processing HomeController#index (for 127.0.0.1 at 2009-11-02 16:48:11) [GET]
Rendering home/index
Completed in 5ms (View: 4, DB: 0) | 200 OK [http://localhost/]


Processing HomeController#index (for 127.0.0.1 at 2009-11-02 16:48:33) [GET]
Rendering home/index
Completed in 4ms (View: 3, DB: 0) | 200 OK [http://localhost/]


Processing HomeController#index (for 127.0.0.1 at 2009-11-02 16:58:29) [GET]
Rendering template within layouts/application
Rendering home/index
Completed in 92ms (View: 91, DB: 0) | 200 OK [http://localhost/]


Processing HomeController#index (for 127.0.0.1 at 2009-11-02 16:58:55) [GET]
Rendering template within layouts/application
Rendering home/index
Completed in 5ms (View: 3, DB: 0) | 200 OK [http://localhost/]


Processing HomeController#index (for 127.0.0.1 at 2009-11-02 16:59:02) [GET]
Rendering template within layouts/application
Rendering home/index
Completed in 4ms (View: 3, DB: 0) | 200 OK [http://localhost/]


Processing HomeController#index (for 127.0.0.1 at 2009-11-02 16:59:25) [GET]
Rendering template within layouts/application
Rendering home/index
Completed in 5ms (View: 3, DB: 0) | 200 OK [http://localhost/]


Processing HomeController#index (for 127.0.0.1 at 2009-11-02 16:59:43) [GET]
Rendering template within layouts/application
Rendering home/index
Completed in 5ms (View: 3, DB: 0) | 200 OK [http://localhost/]


Processing HomeController#index (for 127.0.0.1 at 2009-11-02 16:59:49) [GET]
Rendering template within layouts/application
Rendering home/index
Completed in 5ms (View: 4, DB: 0) | 200 OK [http://localhost/]


Processing HomeController#index (for 127.0.0.1 at 2009-11-02 17:08:02) [GET]
Rendering template within layouts/application
Rendering home/index
Completed in 2ms (View: 1, DB: 0) | 200 OK [http://localhost/]


Processing HomeController#index (for 127.0.0.1 at 2009-11-02 17:08:19) [GET]
Rendering template within layouts/application
Rendering home/index
Completed in 64ms (View: 63, DB: 0) | 200 OK [http://localhost/]


Processing HomeController#index (for 127.0.0.1 at 2009-11-02 17:08:59) [GET]
Rendering template within layouts/application
Rendering home/index
Completed in 4ms (View: 3, DB: 0) | 200 OK [http://localhost/]


Processing HomeController#index (for 127.0.0.1 at 2009-11-02 17:11:33) [GET]
Rendering template within layouts/application
Rendering home/index
Completed in 4ms (View: 3, DB: 0) | 200 OK [http://localhost/]


Processing HomeController#index (for 127.0.0.1 at 2009-11-02 17:12:35) [GET]
Rendering template within layouts/application
Rendering home/index

ActionView::TemplateError (undefined local variable or method `home_path' for #<ActionView::Base:0x104401938>) on line #16 of app/views/home/index.html.erb:
13: </p>
14: 
15: <div class="footer">
16: <%= link_to "Home", home_path %> | Carnegie Mellon University | Contact Us | Site Map | About Us
17: </div>

    app/views/home/index.html.erb:16

Rendered rescues/_trace (37.2ms)
Rendered rescues/_request_and_response (1.1ms)
Rendering rescues/layout (internal_server_error)


Processing HomeController#index (for 127.0.0.1 at 2009-11-02 17:13:29) [GET]
Rendering template within layouts/application
Rendering home/index

ActionView::TemplateError (undefined method `page_path' for #<ActionView::Base:0x10415c0c0>) on line #16 of app/views/home/index.html.erb:
13: </p>
14: 
15: <div class="footer">
16: <%= link_to "Home", page_path(:home) %> | Carnegie Mellon University | Contact Us | Site Map | About Us
17: </div>

    app/views/home/index.html.erb:16

Rendered rescues/_trace (37.8ms)
Rendered rescues/_request_and_response (0.3ms)
Rendering rescues/layout (internal_server_error)


Processing HomeController#index (for 127.0.0.1 at 2009-11-02 17:15:47) [GET]
Rendering template within layouts/application
Rendering home/index
Completed in 5ms (View: 3, DB: 0) | 200 OK [http://localhost/]


Processing HomeController#index (for 127.0.0.1 at 2009-11-02 17:15:49) [GET]
Rendering template within layouts/application
Rendering home/index
Completed in 2ms (View: 1, DB: 0) | 200 OK [http://localhost/]


Processing HomeController#index (for 127.0.0.1 at 2009-11-02 17:15:50) [GET]
Rendering template within layouts/application
Rendering home/index
Completed in 2ms (View: 1, DB: 0) | 200 OK [http://localhost/]


Processing HomeController#index (for 127.0.0.1 at 2009-11-02 17:17:01) [GET]
Rendering template within layouts/application
Rendering home/index
Completed in 5ms (View: 3, DB: 0) | 200 OK [http://localhost/]


Processing ApplicationController#index (for 127.0.0.1 at 2009-11-02 17:17:03) [GET]

ActionController::RoutingError (No route matches "/www.cmu.edu" with {:method=>:get}):
  

Rendering rescues/layout (not_found)


Processing HomeController#index (for 127.0.0.1 at 2009-11-02 17:17:18) [GET]
Rendering template within layouts/application
Rendering home/index
Completed in 5ms (View: 3, DB: 0) | 200 OK [http://localhost/]


Processing ApplicationController#index (for 127.0.0.1 at 2009-11-02 17:17:19) [GET]

ActionController::RoutingError (No route matches "/www.cmu.edu" with {:method=>:get}):
  

Rendering rescues/layout (not_found)


Processing HomeController#index (for 127.0.0.1 at 2009-11-02 17:17:27) [GET]
Rendering template within layouts/application
Rendering home/index
Completed in 5ms (View: 4, DB: 0) | 200 OK [http://localhost/]


Processing HomeController#index (for 127.0.0.1 at 2009-11-02 17:17:40) [GET]
Rendering template within layouts/application
Rendering home/index
Completed in 5ms (View: 4, DB: 0) | 200 OK [http://localhost/]


Processing HomeController#index (for 127.0.0.1 at 2009-11-02 17:18:01) [GET]
Rendering template within layouts/application
Rendering home/index
Completed in 5ms (View: 4, DB: 0) | 200 OK [http://localhost/]


Processing HomeController#index (for 127.0.0.1 at 2009-11-02 17:18:13) [GET]
Rendering template within layouts/application
Rendering home/index
Completed in 5ms (View: 3, DB: 0) | 200 OK [http://localhost/]


Processing HomeController#index (for 127.0.0.1 at 2009-11-14 14:55:59) [GET]
Rendering template within layouts/application
Rendering home/index
Completed in 1453ms (View: 1453, DB: 0) | 200 OK [http://localhost/home/index]


Processing HomeController#index (for 127.0.0.1 at 2009-11-14 14:56:06) [GET]
Rendering template within layouts/application
Rendering home/index
Completed in 16ms (View: 16, DB: 0) | 200 OK [http://localhost/]


Processing HomeController#index (for 127.0.0.1 at 2009-11-14 14:56:09) [GET]
Rendering template within layouts/application
Rendering home/index
Completed in 0ms (View: 0, DB: 0) | 200 OK [http://localhost/]


Processing HomeController#index (for 127.0.0.1 at 2009-11-14 15:04:38) [GET]
Rendering template within layouts/application
Rendering home/index
Completed in 16ms (View: 16, DB: 0) | 200 OK [http://localhost/]


Processing HomeController#index (for 127.0.0.1 at 2009-11-14 15:06:55) [GET]
Rendering template within layouts/application
Rendering home/index
Completed in 15ms (View: 0, DB: 0) | 200 OK [http://localhost/]


Processing HomeController#index (for 127.0.0.1 at 2009-11-17 15:58:00) [GET]
Rendering template within layouts/application
Rendering home/index
Completed in 1437ms (View: 1437, DB: 0) | 200 OK [http://127.0.0.1/]


Processing HomeController#index (for 127.0.0.1 at 2009-11-17 16:00:03) [GET]
Rendering template within layouts/application
Rendering home/index
Completed in 0ms (View: 0, DB: 0) | 200 OK [http://localhost/]


Processing HomeController#index (for 127.0.0.1 at 2009-11-17 16:29:49) [GET]
Rendering template within layouts/application
Rendering home/index
Completed in 31ms (View: 31, DB: 0) | 200 OK [http://localhost/]


Processing HomeController#index (for 127.0.0.1 at 2009-11-17 16:30:34) [GET]
Rendering template within layouts/application
Rendering home/index
Completed in 31ms (View: 31, DB: 0) | 200 OK [http://localhost/]


Processing HomeController#index (for 127.0.0.1 at 2009-11-18 19:02:21) [GET]
Rendering template within layouts/application
Rendering home/index
Completed in 1484ms (View: 1484, DB: 0) | 200 OK [http://127.0.0.1/]
  [4;36;1mSQL (0.0ms)[0m   [0;1m SELECT name
 FROM sqlite_master
 WHERE type = 'table' AND NOT name = 'sqlite_sequence'
[0m
  [4;35;1mSQL (0.0ms)[0m   [0mSELECT version FROM schema_migrations[0m
Migrating to CreateUsers (20091018163815)
  [4;36;1mSQL (0.0ms)[0m   [0;1mselect sqlite_version(*)[0m
  [4;35;1mSQL (0.0ms)[0m   [0m SELECT name
 FROM sqlite_master
 WHERE type = 'table' AND NOT name = 'sqlite_sequence'
[0m
  [4;36;1mSQL (0.0ms)[0m   [0;1mSELECT version FROM schema_migrations[0m
  [4;35;1mSQL (0.0ms)[0m   [0m SELECT name
 FROM sqlite_master
 WHERE type = 'table' AND NOT name = 'sqlite_sequence'
[0m
  [4;36;1mSQL (0.0ms)[0m   [0;1mPRAGMA index_list("users")[0m
  [4;36;1mSQL (0.0ms)[0m   [0;1m SELECT name
 FROM sqlite_master
 WHERE type = 'table' AND NOT name = 'sqlite_sequence'
[0m
  [4;35;1mSQL (0.0ms)[0m   [0mSELECT version FROM schema_migrations[0m
Migrating to CreateUsers (20091018163815)
Migrating to CreateGroups (20091121190959)
  [4;36;1mSQL (0.0ms)[0m   [0;1mselect sqlite_version(*)[0m
  [4;36;1mSQL (0.0ms)[0m   [0;1m SELECT name
 FROM sqlite_master
 WHERE type = 'table' AND NOT name = 'sqlite_sequence'
[0m
  [4;35;1mSQL (0.0ms)[0m   [0mSELECT version FROM schema_migrations[0m
Migrating to CreateUsers (20091018163815)
Migrating to CreateGroups (20091121190959)
  [4;36;1mSQL (0.0ms)[0m   [0;1mselect sqlite_version(*)[0m
  [4;35;1mSQL (0.0ms)[0m   [0mCREATE TABLE "groups" ("id" INTEGER PRIMARY KEY AUTOINCREMENT NOT NULL, "gid" decimal, "gname" varchar(255), "created_at" datetime, "updated_at" datetime) [0m
  [4;36;1mSQL (0.0ms)[0m   [0;1mINSERT INTO schema_migrations (version) VALUES ('20091121190959')[0m
  [4;35;1mSQL (0.0ms)[0m   [0m SELECT name
 FROM sqlite_master
 WHERE type = 'table' AND NOT name = 'sqlite_sequence'
[0m
  [4;36;1mSQL (0.0ms)[0m   [0;1mSELECT version FROM schema_migrations[0m
  [4;35;1mSQL (0.0ms)[0m   [0m SELECT name
 FROM sqlite_master
 WHERE type = 'table' AND NOT name = 'sqlite_sequence'
[0m
  [4;36;1mSQL (0.0ms)[0m   [0;1mPRAGMA index_list("groups")[0m
  [4;35;1mSQL (0.0ms)[0m   [0mPRAGMA index_list("users")[0m
  [4;36;1mSQL (0.0ms)[0m   [0;1m SELECT name
 FROM sqlite_master
 WHERE type = 'table' AND NOT name = 'sqlite_sequence'
[0m
  [4;35;1mSQL (0.0ms)[0m   [0mSELECT version FROM schema_migrations[0m
Migrating to CreateUsers (20091018163815)
Migrating to CreateGroups (20091121190959)
Migrating to CreateBallots (20091121191422)
  [4;36;1mSQL (0.0ms)[0m   [0;1mselect sqlite_version(*)[0m
  [4;35;1mSQL (0.0ms)[0m   [0mCREATE TABLE "ballots" ("id" INTEGER PRIMARY KEY AUTOINCREMENT NOT NULL, "bid" decimal, "gid" decimal, "eid" decimal, "rstring" varchar(255), "created_at" datetime, "updated_at" datetime) [0m
  [4;36;1mSQL (0.0ms)[0m   [0;1mINSERT INTO schema_migrations (version) VALUES ('20091121191422')[0m
  [4;35;1mSQL (0.0ms)[0m   [0m SELECT name
 FROM sqlite_master
 WHERE type = 'table' AND NOT name = 'sqlite_sequence'
[0m
  [4;36;1mSQL (0.0ms)[0m   [0;1mSELECT version FROM schema_migrations[0m
  [4;35;1mSQL (0.0ms)[0m   [0m SELECT name
 FROM sqlite_master
 WHERE type = 'table' AND NOT name = 'sqlite_sequence'
[0m
  [4;36;1mSQL (0.0ms)[0m   [0;1mPRAGMA index_list("ballots")[0m
  [4;35;1mSQL (0.0ms)[0m   [0mPRAGMA index_list("groups")[0m
  [4;36;1mSQL (0.0ms)[0m   [0;1mPRAGMA index_list("users")[0m


Processing HomeController#index (for 127.0.0.1 at 2009-11-21 14:20:19) [GET]
Rendering template within layouts/application
Rendering home/index
Completed in 1484ms (View: 1484, DB: 0) | 200 OK [http://127.0.0.1/]


Processing ApplicationController#index (for 127.0.0.1 at 2009-11-21 14:20:27) [GET]

ActionController::RoutingError (No route matches "/group" with {:method=>:get}):
  -e:2:in `load'
  -e:2

Rendering rescues/layout (not_found)


Processing ApplicationController#index (for 127.0.0.1 at 2009-11-21 14:20:44) [GET]

ActionController::RoutingError (No route matches "/group/index" with {:method=>:get}):
  -e:2:in `load'
  -e:2

Rendering rescues/layout (not_found)


Processing GroupsController#show (for 127.0.0.1 at 2009-11-21 14:20:48) [GET]
  Parameters: {"id"=>"index"}
  [4;36;1mGroup Load (0.0ms)[0m   [0;1mSELECT * FROM "groups" WHERE ("groups"."id" = 0) [0m

ActiveRecord::RecordNotFound (Couldn't find Group with ID=index):
  app/controllers/groups_controller.rb:16:in `show'
  -e:2:in `load'
  -e:2

Rendered rescues/_trace (62.0ms)
Rendered rescues/_request_and_response (0.0ms)
Rendering rescues/layout (not_found)


Processing GroupsController#index (for 127.0.0.1 at 2009-11-21 14:20:51) [GET]
  [4;35;1mGroup Load (0.0ms)[0m   [0mSELECT * FROM "groups" [0m
Rendering template within layouts/groups
Rendering groups/index
Completed in 79ms (View: 47, DB: 0) | 200 OK [http://127.0.0.1/groups]


Processing ApplicationController#index (for 127.0.0.1 at 2009-11-21 14:21:01) [GET]

ActionController::RoutingError (No route matches "/events" with {:method=>:get}):
  -e:2:in `load'
  -e:2

Rendering rescues/layout (not_found)


Processing HomeController#index (for 127.0.0.1 at 2009-11-21 14:22:00) [GET]
Rendering template within layouts/application
Rendering home/index
Completed in 0ms (View: 0, DB: 0) | 200 OK [http://localhost/]


Processing HomeController#index (for 127.0.0.1 at 2009-11-21 14:22:08) [GET]
Rendering template within layouts/application
Rendering home/index
Completed in 16ms (View: 0, DB: 0) | 200 OK [http://localhost/home]


Processing BallotsController#index (for 127.0.0.1 at 2009-11-21 14:22:16) [GET]
  [4;36;1mBallot Load (0.0ms)[0m   [0;1mSELECT * FROM "ballots" [0m
Rendering template within layouts/ballots
Rendering ballots/index
Completed in 31ms (View: 16, DB: 0) | 200 OK [http://localhost/ballots]


Processing ApplicationController#index (for 127.0.0.1 at 2009-11-21 14:26:00) [GET]

ActionController::RoutingError (No route matches "/events" with {:method=>:get}):
  -e:2:in `load'
  -e:2

Rendering rescues/layout (not_found)


Processing BallotsController#index (for 127.0.0.1 at 2009-11-21 14:26:19) [GET]
  [4;35;1mBallot Load (0.0ms)[0m   [0mSELECT * FROM "ballots" [0m
Rendering template within layouts/ballots
Rendering ballots/index
Completed in 15ms (View: 0, DB: 0) | 200 OK [http://localhost/ballots]


Processing GroupsController#index (for 127.0.0.1 at 2009-11-21 14:26:25) [GET]
  [4;36;1mGroup Load (0.0ms)[0m   [0;1mSELECT * FROM "groups" [0m
Rendering template within layouts/groups
Rendering groups/index
Completed in 16ms (View: 16, DB: 0) | 200 OK [http://localhost/groups]
  [4;36;1mSQL (0.0ms)[0m   [0;1m SELECT name
 FROM sqlite_master
 WHERE type = 'table' AND NOT name = 'sqlite_sequence'
[0m
  [4;35;1mSQL (0.0ms)[0m   [0mSELECT version FROM schema_migrations[0m
Migrating to CreateUsers (20091018163815)
Migrating to CreateGroups (20091121190959)
Migrating to CreateBallots (20091121191422)
Migrating to CreateEvents (20091121193304)
  [4;36;1mSQL (0.0ms)[0m   [0;1mselect sqlite_version(*)[0m
  [4;36;1mSQL (0.0ms)[0m   [0;1m SELECT name
 FROM sqlite_master
 WHERE type = 'table' AND NOT name = 'sqlite_sequence'
[0m
  [4;35;1mSQL (0.0ms)[0m   [0mSELECT version FROM schema_migrations[0m
Migrating to CreateUsers (20091018163815)
Migrating to CreateGroups (20091121190959)
Migrating to CreateBallots (20091121191422)
Migrating to CreateEvents (20091121193304)
  [4;36;1mSQL (0.0ms)[0m   [0;1mselect sqlite_version(*)[0m
  [4;35;1mSQL (0.0ms)[0m   [0mCREATE TABLE "events" ("id" INTEGER PRIMARY KEY AUTOINCREMENT NOT NULL, "eid" decimal, "gid" decimal, "ename" varchar(255), "edescription" varchar(255), "start_date" datetime, "end_date" datetime, "created_at" datetime, "updated_at" datetime) [0m
  [4;36;1mSQL (0.0ms)[0m   [0;1mINSERT INTO schema_migrations (version) VALUES ('20091121193304')[0m
  [4;35;1mSQL (0.0ms)[0m   [0m SELECT name
 FROM sqlite_master
 WHERE type = 'table' AND NOT name = 'sqlite_sequence'
[0m
  [4;36;1mSQL (0.0ms)[0m   [0;1mSELECT version FROM schema_migrations[0m
  [4;35;1mSQL (0.0ms)[0m   [0m SELECT name
 FROM sqlite_master
 WHERE type = 'table' AND NOT name = 'sqlite_sequence'
[0m
  [4;36;1mSQL (0.0ms)[0m   [0;1mPRAGMA index_list("ballots")[0m
  [4;35;1mSQL (0.0ms)[0m   [0mPRAGMA index_list("events")[0m
  [4;36;1mSQL (0.0ms)[0m   [0;1mPRAGMA index_list("groups")[0m
  [4;35;1mSQL (0.0ms)[0m   [0mPRAGMA index_list("users")[0m
  [4;36;1mSQL (0.0ms)[0m   [0;1m SELECT name
 FROM sqlite_master
 WHERE type = 'table' AND NOT name = 'sqlite_sequence'
[0m
  [4;35;1mSQL (0.0ms)[0m   [0mSELECT version FROM schema_migrations[0m
Migrating to CreateUsers (20091018163815)
Migrating to CreateGroups (20091121190959)
Migrating to CreateBallots (20091121191422)
Migrating to CreateEvents (20091121193304)
Migrating to CreateVoters (20091121193949)
  [4;36;1mSQL (0.0ms)[0m   [0;1mselect sqlite_version(*)[0m
  [4;35;1mSQL (0.0ms)[0m   [0mCREATE TABLE "voters" ("id" INTEGER PRIMARY KEY AUTOINCREMENT NOT NULL, "vid" decimal, "uid" decimal, "vflag" decimal, "gid" decimal, "created_at" datetime, "updated_at" datetime) [0m
  [4;36;1mSQL (0.0ms)[0m   [0;1mINSERT INTO schema_migrations (version) VALUES ('20091121193949')[0m
  [4;35;1mSQL (0.0ms)[0m   [0m SELECT name
 FROM sqlite_master
 WHERE type = 'table' AND NOT name = 'sqlite_sequence'
[0m
  [4;36;1mSQL (0.0ms)[0m   [0;1mSELECT version FROM schema_migrations[0m
  [4;35;1mSQL (0.0ms)[0m   [0m SELECT name
 FROM sqlite_master
 WHERE type = 'table' AND NOT name = 'sqlite_sequence'
[0m
  [4;36;1mSQL (0.0ms)[0m   [0;1mPRAGMA index_list("ballots")[0m
  [4;35;1mSQL (0.0ms)[0m   [0mPRAGMA index_list("events")[0m
  [4;36;1mSQL (0.0ms)[0m   [0;1mPRAGMA index_list("groups")[0m
  [4;35;1mSQL (0.0ms)[0m   [0mPRAGMA index_list("users")[0m
  [4;36;1mSQL (0.0ms)[0m   [0;1mPRAGMA index_list("voters")[0m
  [4;36;1mSQL (0.0ms)[0m   [0;1m SELECT name
 FROM sqlite_master
 WHERE type = 'table' AND NOT name = 'sqlite_sequence'
[0m
  [4;35;1mSQL (0.0ms)[0m   [0mSELECT version FROM schema_migrations[0m
Migrating to CreateUsers (20091018163815)
Migrating to CreateGroups (20091121190959)
Migrating to CreateBallots (20091121191422)
Migrating to CreateEvents (20091121193304)
Migrating to CreateVoters (20091121193949)
Migrating to CreateGadmins (20091121194026)
  [4;36;1mSQL (0.0ms)[0m   [0;1mselect sqlite_version(*)[0m
  [4;35;1mSQL (0.0ms)[0m   [0mCREATE TABLE "gadmins" ("id" INTEGER PRIMARY KEY AUTOINCREMENT NOT NULL, "gaid" decimal, "uid" decimal, "gid" decimal, "created_at" datetime, "updated_at" datetime) [0m
  [4;36;1mSQL (0.0ms)[0m   [0;1mINSERT INTO schema_migrations (version) VALUES ('20091121194026')[0m
  [4;35;1mSQL (0.0ms)[0m   [0m SELECT name
 FROM sqlite_master
 WHERE type = 'table' AND NOT name = 'sqlite_sequence'
[0m
  [4;36;1mSQL (0.0ms)[0m   [0;1mSELECT version FROM schema_migrations[0m
  [4;35;1mSQL (0.0ms)[0m   [0m SELECT name
 FROM sqlite_master
 WHERE type = 'table' AND NOT name = 'sqlite_sequence'
[0m
  [4;36;1mSQL (0.0ms)[0m   [0;1mPRAGMA index_list("ballots")[0m
  [4;35;1mSQL (0.0ms)[0m   [0mPRAGMA index_list("events")[0m
  [4;36;1mSQL (0.0ms)[0m   [0;1mPRAGMA index_list("gadmins")[0m
  [4;35;1mSQL (0.0ms)[0m   [0mPRAGMA index_list("groups")[0m
  [4;36;1mSQL (0.0ms)[0m   [0;1mPRAGMA index_list("users")[0m
  [4;35;1mSQL (0.0ms)[0m   [0mPRAGMA index_list("voters")[0m
  [4;36;1mSQL (0.0ms)[0m   [0;1m SELECT name
 FROM sqlite_master
 WHERE type = 'table' AND NOT name = 'sqlite_sequence'
[0m
  [4;35;1mSQL (0.0ms)[0m   [0mSELECT version FROM schema_migrations[0m
Migrating to CreateUsers (20091018163815)
Migrating to CreateGroups (20091121190959)
Migrating to CreateBallots (20091121191422)
Migrating to CreateEvents (20091121193304)
Migrating to CreateVoters (20091121193949)
Migrating to CreateGadmins (20091121194026)
  [4;36;1mSQL (0.0ms)[0m   [0;1mselect sqlite_version(*)[0m
  [4;35;1mSQL (0.0ms)[0m   [0m SELECT name
 FROM sqlite_master
 WHERE type = 'table' AND NOT name = 'sqlite_sequence'
[0m
  [4;36;1mSQL (0.0ms)[0m   [0;1mSELECT version FROM schema_migrations[0m
  [4;35;1mSQL (0.0ms)[0m   [0m SELECT name
 FROM sqlite_master
 WHERE type = 'table' AND NOT name = 'sqlite_sequence'
[0m
  [4;36;1mSQL (0.0ms)[0m   [0;1mPRAGMA index_list("ballots")[0m
  [4;35;1mSQL (0.0ms)[0m   [0mPRAGMA index_list("events")[0m
  [4;36;1mSQL (0.0ms)[0m   [0;1mPRAGMA index_list("gadmins")[0m
  [4;35;1mSQL (0.0ms)[0m   [0mPRAGMA index_list("groups")[0m
  [4;36;1mSQL (0.0ms)[0m   [0;1mPRAGMA index_list("users")[0m
  [4;35;1mSQL (0.0ms)[0m   [0mPRAGMA index_list("voters")[0m
  [4;36;1mSQL (0.0ms)[0m   [0;1m SELECT name
 FROM sqlite_master
 WHERE type = 'table' AND NOT name = 'sqlite_sequence'
[0m
  [4;35;1mSQL (0.0ms)[0m   [0mSELECT version FROM schema_migrations[0m
Migrating to CreateUsers (20091018163815)
Migrating to CreateGroups (20091121190959)
Migrating to CreateBallots (20091121191422)
Migrating to CreateEvents (20091121193304)
Migrating to CreateVoters (20091121193949)
Migrating to CreateGadmins (20091121194026)
  [4;36;1mSQL (0.0ms)[0m   [0;1mselect sqlite_version(*)[0m
  [4;35;1mSQL (0.0ms)[0m   [0m SELECT name
 FROM sqlite_master
 WHERE type = 'table' AND NOT name = 'sqlite_sequence'
[0m
  [4;36;1mSQL (0.0ms)[0m   [0;1mSELECT version FROM schema_migrations[0m
  [4;35;1mSQL (0.0ms)[0m   [0m SELECT name
 FROM sqlite_master
 WHERE type = 'table' AND NOT name = 'sqlite_sequence'
[0m
  [4;36;1mSQL (0.0ms)[0m   [0;1mPRAGMA index_list("ballots")[0m
  [4;35;1mSQL (0.0ms)[0m   [0mPRAGMA index_list("events")[0m
  [4;36;1mSQL (0.0ms)[0m   [0;1mPRAGMA index_list("gadmins")[0m
  [4;35;1mSQL (0.0ms)[0m   [0mPRAGMA index_list("groups")[0m
  [4;36;1mSQL (0.0ms)[0m   [0;1mPRAGMA index_list("users")[0m
  [4;35;1mSQL (0.0ms)[0m   [0mPRAGMA index_list("voters")[0m
  [4;36;1mSQL (0.0ms)[0m   [0;1m SELECT name
 FROM sqlite_master
 WHERE type = 'table' AND NOT name = 'sqlite_sequence'
[0m
  [4;35;1mSQL (0.0ms)[0m   [0mSELECT version FROM schema_migrations[0m
  [4;36;1mSQL (0.0ms)[0m   [0;1m SELECT name
 FROM sqlite_master
 WHERE type = 'table' AND NOT name = 'sqlite_sequence'
[0m
  [4;35;1mSQL (0.0ms)[0m   [0mSELECT version FROM schema_migrations[0m
Migrating to CreateGadmins (20091121194026)
  [4;36;1mSQL (0.0ms)[0m   [0;1mselect sqlite_version(*)[0m
  [4;35;1mSQL (16.0ms)[0m   [0mDROP TABLE "gadmins"[0m
  [4;36;1mSQL (0.0ms)[0m   [0;1mDELETE FROM schema_migrations WHERE version = '20091121194026'[0m
  [4;35;1mSQL (0.0ms)[0m   [0m SELECT name
 FROM sqlite_master
 WHERE type = 'table' AND NOT name = 'sqlite_sequence'
[0m
  [4;36;1mSQL (0.0ms)[0m   [0;1mSELECT version FROM schema_migrations[0m
  [4;35;1mSQL (0.0ms)[0m   [0m SELECT name
 FROM sqlite_master
 WHERE type = 'table' AND NOT name = 'sqlite_sequence'
[0m
  [4;36;1mSQL (0.0ms)[0m   [0;1mPRAGMA index_list("ballots")[0m
  [4;35;1mSQL (0.0ms)[0m   [0mPRAGMA index_list("events")[0m
  [4;36;1mSQL (0.0ms)[0m   [0;1mPRAGMA index_list("groups")[0m
  [4;35;1mSQL (0.0ms)[0m   [0mPRAGMA index_list("users")[0m
  [4;36;1mSQL (0.0ms)[0m   [0;1mPRAGMA index_list("voters")[0m
  [4;36;1mSQL (0.0ms)[0m   [0;1m SELECT name
 FROM sqlite_master
 WHERE type = 'table' AND NOT name = 'sqlite_sequence'
[0m
  [4;35;1mSQL (0.0ms)[0m   [0mSELECT version FROM schema_migrations[0m
Migrating to CreateUsers (20091018163815)
Migrating to CreateGroups (20091121190959)
Migrating to CreateBallots (20091121191422)
Migrating to CreateEvents (20091121193304)
Migrating to CreateVoters (20091121193949)
Migrating to CreateGadmins (20091121194026)
  [4;36;1mSQL (0.0ms)[0m   [0;1mselect sqlite_version(*)[0m
  [4;35;1mSQL (0.0ms)[0m   [0mCREATE TABLE "gadmins" ("id" INTEGER PRIMARY KEY AUTOINCREMENT NOT NULL, "user_id" integer, "group_id" integer, "created_at" datetime, "updated_at" datetime) [0m
  [4;36;1mSQL (0.0ms)[0m   [0;1mINSERT INTO schema_migrations (version) VALUES ('20091121194026')[0m
  [4;35;1mSQL (0.0ms)[0m   [0m SELECT name
 FROM sqlite_master
 WHERE type = 'table' AND NOT name = 'sqlite_sequence'
[0m
  [4;36;1mSQL (0.0ms)[0m   [0;1mSELECT version FROM schema_migrations[0m
  [4;35;1mSQL (0.0ms)[0m   [0m SELECT name
 FROM sqlite_master
 WHERE type = 'table' AND NOT name = 'sqlite_sequence'
[0m
  [4;36;1mSQL (0.0ms)[0m   [0;1mPRAGMA index_list("ballots")[0m
  [4;35;1mSQL (0.0ms)[0m   [0mPRAGMA index_list("events")[0m
  [4;36;1mSQL (0.0ms)[0m   [0;1mPRAGMA index_list("gadmins")[0m
  [4;35;1mSQL (0.0ms)[0m   [0mPRAGMA index_list("groups")[0m
  [4;36;1mSQL (0.0ms)[0m   [0;1mPRAGMA index_list("users")[0m
  [4;35;1mSQL (0.0ms)[0m   [0mPRAGMA index_list("voters")[0m
  [4;36;1mSQL (0.0ms)[0m   [0;1m SELECT name
 FROM sqlite_master
 WHERE type = 'table' AND NOT name = 'sqlite_sequence'
[0m
  [4;35;1mSQL (0.0ms)[0m   [0mSELECT version FROM schema_migrations[0m
  [4;36;1mSQL (0.0ms)[0m   [0;1m SELECT name
 FROM sqlite_master
 WHERE type = 'table' AND NOT name = 'sqlite_sequence'
[0m
  [4;35;1mSQL (0.0ms)[0m   [0mSELECT version FROM schema_migrations[0m
Migrating to CreateGadmins (20091121194026)
  [4;36;1mSQL (0.0ms)[0m   [0;1mselect sqlite_version(*)[0m
  [4;35;1mSQL (0.0ms)[0m   [0mDROP TABLE "gadmins"[0m
  [4;36;1mSQL (0.0ms)[0m   [0;1mDELETE FROM schema_migrations WHERE version = '20091121194026'[0m
Migrating to CreateVoters (20091121193949)
  [4;35;1mSQL (0.0ms)[0m   [0mDROP TABLE "voters"[0m
  [4;36;1mSQL (0.0ms)[0m   [0;1mDELETE FROM schema_migrations WHERE version = '20091121193949'[0m
Migrating to CreateEvents (20091121193304)
  [4;35;1mSQL (0.0ms)[0m   [0mDROP TABLE "events"[0m
  [4;36;1mSQL (0.0ms)[0m   [0;1mDELETE FROM schema_migrations WHERE version = '20091121193304'[0m
Migrating to CreateBallots (20091121191422)
  [4;35;1mSQL (0.0ms)[0m   [0mDROP TABLE "ballots"[0m
  [4;36;1mSQL (0.0ms)[0m   [0;1mDELETE FROM schema_migrations WHERE version = '20091121191422'[0m
Migrating to CreateGroups (20091121190959)
  [4;35;1mSQL (0.0ms)[0m   [0mDROP TABLE "groups"[0m
  [4;36;1mSQL (0.0ms)[0m   [0;1mDELETE FROM schema_migrations WHERE version = '20091121190959'[0m
Migrating to CreateUsers (20091018163815)
  [4;35;1mSQL (15.0ms)[0m   [0mDROP TABLE "users"[0m
  [4;36;1mSQL (0.0ms)[0m   [0;1mDELETE FROM schema_migrations WHERE version = '20091018163815'[0m
  [4;35;1mSQL (0.0ms)[0m   [0m SELECT name
 FROM sqlite_master
 WHERE type = 'table' AND NOT name = 'sqlite_sequence'
[0m
  [4;36;1mSQL (0.0ms)[0m   [0;1mSELECT version FROM schema_migrations[0m
  [4;35;1mSQL (0.0ms)[0m   [0m SELECT name
 FROM sqlite_master
 WHERE type = 'table' AND NOT name = 'sqlite_sequence'
[0m
  [4;36;1mSQL (0.0ms)[0m   [0;1m SELECT name
 FROM sqlite_master
 WHERE type = 'table' AND NOT name = 'sqlite_sequence'
[0m
  [4;35;1mSQL (0.0ms)[0m   [0mSELECT version FROM schema_migrations[0m
Migrating to CreateUsers (20091018163815)
  [4;36;1mSQL (0.0ms)[0m   [0;1mselect sqlite_version(*)[0m
  [4;35;1mSQL (0.0ms)[0m   [0mCREATE TABLE "users" ("id" INTEGER PRIMARY KEY AUTOINCREMENT NOT NULL, "fname" varchar(255), "lname" varchar(255), "andrewID" varchar(255), "admin?" boolean DEFAULT 'f', "last_login" datetime, "email" varchar(255), "year" varchar(255), "college" varchar(255), "created_at" datetime, "updated_at" datetime) [0m
  [4;36;1mSQL (0.0ms)[0m   [0;1mINSERT INTO schema_migrations (version) VALUES ('20091018163815')[0m
Migrating to CreateGroups (20091121190959)
  [4;35;1mSQL (0.0ms)[0m   [0mCREATE TABLE "groups" ("id" INTEGER PRIMARY KEY AUTOINCREMENT NOT NULL, "gname" varchar(255), "created_at" datetime, "updated_at" datetime) [0m
  [4;36;1mSQL (0.0ms)[0m   [0;1mINSERT INTO schema_migrations (version) VALUES ('20091121190959')[0m
Migrating to CreateBallots (20091121191422)
  [4;35;1mSQL (0.0ms)[0m   [0mCREATE TABLE "ballots" ("id" INTEGER PRIMARY KEY AUTOINCREMENT NOT NULL, "group_id" integer, "event_id" integer, "rstring" varchar(255), "created_at" datetime, "updated_at" datetime) [0m
  [4;36;1mSQL (0.0ms)[0m   [0;1mINSERT INTO schema_migrations (version) VALUES ('20091121191422')[0m
Migrating to CreateEvents (20091121193304)
  [4;35;1mSQL (0.0ms)[0m   [0mCREATE TABLE "events" ("id" INTEGER PRIMARY KEY AUTOINCREMENT NOT NULL, "group_id" integer, "ename" varchar(255), "edescription" varchar(255), "start_date" datetime, "end_date" datetime, "created_at" datetime, "updated_at" datetime) [0m
  [4;36;1mSQL (0.0ms)[0m   [0;1mINSERT INTO schema_migrations (version) VALUES ('20091121193304')[0m
Migrating to CreateVoters (20091121193949)
  [4;35;1mSQL (0.0ms)[0m   [0mCREATE TABLE "voters" ("id" INTEGER PRIMARY KEY AUTOINCREMENT NOT NULL, "user_id" integer, "group_id" integer, "vflag" decimal, "created_at" datetime, "updated_at" datetime) [0m
  [4;36;1mSQL (0.0ms)[0m   [0;1mINSERT INTO schema_migrations (version) VALUES ('20091121193949')[0m
Migrating to CreateGadmins (20091121194026)
  [4;35;1mSQL (0.0ms)[0m   [0mCREATE TABLE "gadmins" ("id" INTEGER PRIMARY KEY AUTOINCREMENT NOT NULL, "user_id" integer, "group_id" integer, "created_at" datetime, "updated_at" datetime) [0m
  [4;36;1mSQL (0.0ms)[0m   [0;1mINSERT INTO schema_migrations (version) VALUES ('20091121194026')[0m
  [4;35;1mSQL (0.0ms)[0m   [0m SELECT name
 FROM sqlite_master
 WHERE type = 'table' AND NOT name = 'sqlite_sequence'
[0m
  [4;36;1mSQL (0.0ms)[0m   [0;1mSELECT version FROM schema_migrations[0m
  [4;35;1mSQL (0.0ms)[0m   [0m SELECT name
 FROM sqlite_master
 WHERE type = 'table' AND NOT name = 'sqlite_sequence'
[0m
  [4;36;1mSQL (0.0ms)[0m   [0;1mPRAGMA index_list("ballots")[0m
  [4;35;1mSQL (0.0ms)[0m   [0mPRAGMA index_list("events")[0m
  [4;36;1mSQL (0.0ms)[0m   [0;1mPRAGMA index_list("gadmins")[0m
  [4;35;1mSQL (0.0ms)[0m   [0mPRAGMA index_list("groups")[0m
  [4;36;1mSQL (0.0ms)[0m   [0;1mPRAGMA index_list("users")[0m
  [4;35;1mSQL (0.0ms)[0m   [0mPRAGMA index_list("voters")[0m


Processing HomeController#index (for 127.0.0.1 at 2009-12-01 16:26:53) [GET]
Rendering template within layouts/application
Rendering home/index
Completed in 1422ms (View: 31, DB: 0) | 200 OK [http://127.0.0.1/]


Processing UserController#index (for 127.0.0.1 at 2009-12-01 16:26:59) [GET]

ActionController::UnknownAction (No action responded to index. Actions: login, logout, my_account, and process_login):
  -e:2:in `load'
  -e:2

Rendering rescues/layout (not_found)


Processing UserController#login (for 127.0.0.1 at 2009-12-01 16:27:03) [GET]
Exception occurred during reader method compilation.
Maybe admin? is not a valid Ruby identifier?
compile error
D:/Ruby/lib/ruby/gems/1.8/gems/activerecord-2.3.2/lib/active_record/attribute_methods.rb:211: syntax error, unexpected '?', expecting '\n' or ';'
def admin?=(new_value);write_attribute('admin?', new_value);end
          ^
D:/Ruby/lib/ruby/gems/1.8/gems/activerecord-2.3.2/lib/active_record/attribute_methods.rb:211: syntax error, unexpected kEND, expecting $end
def admin?=(new_value);write_attribute('admin?', new_value);end
                                                               ^
Exception occurred during reader method compilation.
Maybe admin? is not a valid Ruby identifier?
compile error
D:/Ruby/lib/ruby/gems/1.8/gems/activerecord-2.3.2/lib/active_record/attribute_methods.rb:211: syntax error, unexpected '?', expecting '\n' or ';'
def admin??; query_attribute('admin?'); end
           ^
D:/Ruby/lib/ruby/gems/1.8/gems/activerecord-2.3.2/lib/active_record/attribute_methods.rb:211: syntax error, unexpected kEND, expecting $end
def admin??; query_attribute('admin?'); end
                                           ^
Rendering template within layouts/application
Rendering user/login
Completed in 31ms (View: 15, DB: 0) | 200 OK [http://127.0.0.1/user/login]
  [4;36;1mSQL (0.0ms)[0m   [0;1m SELECT name
 FROM sqlite_master
 WHERE type = 'table' AND NOT name = 'sqlite_sequence'
[0m
  [4;35;1mSQL (0.0ms)[0m   [0mSELECT version FROM schema_migrations[0m
  [4;36;1mSQL (0.0ms)[0m   [0;1m SELECT name
 FROM sqlite_master
 WHERE type = 'table' AND NOT name = 'sqlite_sequence'
[0m
  [4;35;1mSQL (0.0ms)[0m   [0mSELECT version FROM schema_migrations[0m
Migrating to CreateUsers (20091018163815)
  [4;36;1mSQL (0.0ms)[0m   [0;1mselect sqlite_version(*)[0m
  [4;35;1mSQL (16.0ms)[0m   [0mDROP TABLE "users"[0m
  [4;36;1mSQL (0.0ms)[0m   [0;1mDELETE FROM schema_migrations WHERE version = '20091018163815'[0m
  [4;35;1mSQL (0.0ms)[0m   [0m SELECT name
 FROM sqlite_master
 WHERE type = 'table' AND NOT name = 'sqlite_sequence'
[0m
  [4;36;1mSQL (0.0ms)[0m   [0;1mSELECT version FROM schema_migrations[0m
  [4;35;1mSQL (0.0ms)[0m   [0m SELECT name
 FROM sqlite_master
 WHERE type = 'table' AND NOT name = 'sqlite_sequence'
[0m
  [4;36;1mSQL (0.0ms)[0m   [0;1m SELECT name
 FROM sqlite_master
 WHERE type = 'table' AND NOT name = 'sqlite_sequence'
[0m
  [4;35;1mSQL (0.0ms)[0m   [0mSELECT version FROM schema_migrations[0m
Migrating to CreateUsers (20091018163815)
  [4;36;1mSQL (0.0ms)[0m   [0;1mselect sqlite_version(*)[0m
  [4;35;1mSQL (16.0ms)[0m   [0mCREATE TABLE "users" ("id" INTEGER PRIMARY KEY AUTOINCREMENT NOT NULL, "fname" varchar(255), "lname" varchar(255), "andrewID" varchar(255), "encryptedPassword" varchar(255), "admin?" boolean DEFAULT 'f', "last_login" datetime, "email" varchar(255), "year" varchar(255), "college" varchar(255), "created_at" datetime, "updated_at" datetime) [0m
  [4;36;1mSQL (0.0ms)[0m   [0;1mINSERT INTO schema_migrations (version) VALUES ('20091018163815')[0m
Migrating to CreateGroups (20091121190959)
  [4;35;1mSQL (0.0ms)[0m   [0mCREATE TABLE "groups" ("id" INTEGER PRIMARY KEY AUTOINCREMENT NOT NULL, "gname" varchar(255), "created_at" datetime, "updated_at" datetime) [0m
  [4;36;1mSQL (0.0ms)[0m   [0;1mINSERT INTO schema_migrations (version) VALUES ('20091121190959')[0m
Migrating to CreateBallots (20091121191422)
  [4;35;1mSQL (0.0ms)[0m   [0mCREATE TABLE "ballots" ("id" INTEGER PRIMARY KEY AUTOINCREMENT NOT NULL, "group_id" integer, "event_id" integer, "rstring" varchar(255), "created_at" datetime, "updated_at" datetime) [0m
  [4;36;1mSQL (0.0ms)[0m   [0;1mINSERT INTO schema_migrations (version) VALUES ('20091121191422')[0m
Migrating to CreateEvents (20091121193304)
  [4;35;1mSQL (0.0ms)[0m   [0mCREATE TABLE "events" ("id" INTEGER PRIMARY KEY AUTOINCREMENT NOT NULL, "group_id" integer, "ename" varchar(255), "edescription" varchar(255), "start_date" datetime, "end_date" datetime, "created_at" datetime, "updated_at" datetime) [0m
  [4;36;1mSQL (0.0ms)[0m   [0;1mINSERT INTO schema_migrations (version) VALUES ('20091121193304')[0m
Migrating to CreateVoters (20091121193949)
  [4;35;1mSQL (0.0ms)[0m   [0mCREATE TABLE "voters" ("id" INTEGER PRIMARY KEY AUTOINCREMENT NOT NULL, "user_id" integer, "group_id" integer, "vflag" decimal, "created_at" datetime, "updated_at" datetime) [0m
  [4;36;1mSQL (0.0ms)[0m   [0;1mINSERT INTO schema_migrations (version) VALUES ('20091121193949')[0m
Migrating to CreateGadmins (20091121194026)
  [4;35;1mSQL (0.0ms)[0m   [0mCREATE TABLE "gadmins" ("id" INTEGER PRIMARY KEY AUTOINCREMENT NOT NULL, "user_id" integer, "group_id" integer, "created_at" datetime, "updated_at" datetime) [0m
  [4;36;1mSQL (0.0ms)[0m   [0;1mINSERT INTO schema_migrations (version) VALUES ('20091121194026')[0m
  [4;35;1mSQL (0.0ms)[0m   [0m SELECT name
 FROM sqlite_master
 WHERE type = 'table' AND NOT name = 'sqlite_sequence'
[0m
  [4;36;1mSQL (0.0ms)[0m   [0;1mSELECT version FROM schema_migrations[0m
  [4;35;1mSQL (0.0ms)[0m   [0m SELECT name
 FROM sqlite_master
 WHERE type = 'table' AND NOT name = 'sqlite_sequence'
[0m
  [4;36;1mSQL (0.0ms)[0m   [0;1mPRAGMA index_list("ballots")[0m
  [4;35;1mSQL (0.0ms)[0m   [0mPRAGMA index_list("events")[0m
  [4;36;1mSQL (0.0ms)[0m   [0;1mPRAGMA index_list("gadmins")[0m
  [4;35;1mSQL (0.0ms)[0m   [0mPRAGMA index_list("groups")[0m
  [4;36;1mSQL (0.0ms)[0m   [0;1mPRAGMA index_list("users")[0m
  [4;35;1mSQL (0.0ms)[0m   [0mPRAGMA index_list("voters")[0m
Exception occurred during reader method compilation.
Maybe admin? is not a valid Ruby identifier?
compile error
D:/Ruby/lib/ruby/gems/1.8/gems/activerecord-2.3.2/lib/active_record/attribute_methods.rb:211: syntax error, unexpected '?', expecting '\n' or ';'
def admin?=(new_value);write_attribute('admin?', new_value);end
          ^
D:/Ruby/lib/ruby/gems/1.8/gems/activerecord-2.3.2/lib/active_record/attribute_methods.rb:211: syntax error, unexpected kEND, expecting $end
def admin?=(new_value);write_attribute('admin?', new_value);end
                                                               ^
Exception occurred during reader method compilation.
Maybe admin? is not a valid Ruby identifier?
compile error
D:/Ruby/lib/ruby/gems/1.8/gems/activerecord-2.3.2/lib/active_record/attribute_methods.rb:211: syntax error, unexpected '?', expecting '\n' or ';'
def admin??; query_attribute('admin?'); end
           ^
D:/Ruby/lib/ruby/gems/1.8/gems/activerecord-2.3.2/lib/active_record/attribute_methods.rb:211: syntax error, unexpected kEND, expecting $end
def admin??; query_attribute('admin?'); end
                                           ^
  [4;36;1mUser Exists (0.0ms)[0m   [0;1mSELECT "users".id FROM "users" WHERE ("users"."andrewID" = 'test') LIMIT 1[0m
  [4;35;1mUser Exists (0.0ms)[0m   [0mSELECT "users".id FROM "users" WHERE ("users"."andrewID" = 'Keying') LIMIT 1[0m
  [4;36;1mUser Create (0.0ms)[0m   [0;1mINSERT INTO "users" ("last_login", "updated_at", "lname", "college", "fname", "year", "andrewID", "encryptedPassword", "admin?", "email", "created_at") VALUES(NULL, '2009-12-01 21:30:15', NULL, NULL, NULL, NULL, 'Keying', 'admin', 'f', NULL, '2009-12-01 21:30:15')[0m
  [4;35;1mUser Load (0.0ms)[0m   [0mSELECT * FROM "users" [0m
  [4;36;1mUser Exists (0.0ms)[0m   [0;1mSELECT "users".id FROM "users" WHERE ("users"."andrewID" = 'test') LIMIT 1[0m
  [4;35;1mUser Exists (0.0ms)[0m   [0mSELECT "users".id FROM "users" WHERE ("users"."andrewID" = 'kbi') LIMIT 1[0m
  [4;36;1mUser Exists (0.0ms)[0m   [0;1mSELECT "users".id FROM "users" WHERE ("users"."andrewID" = 'kbi') LIMIT 1[0m
  [4;35;1mUser Load (0.0ms)[0m   [0mSELECT * FROM "users" [0m


Processing UserController#process_login (for 127.0.0.1 at 2009-12-01 16:31:47) [POST]
  Parameters: {"user"=>{"andrewID"=>"Keying", "encryptedPassword"=>"admin"}, "commit"=>"Login", "authenticity_token"=>"wzs3tnPQbUXL8c+KX1ooHRXLP1oqmP3Ja4oP+TI6EDU="}
  [4;36;1mUser Load (0.0ms)[0m   [0;1mSELECT * FROM "users" WHERE ("users"."andrewID" = 'Keying' AND "users"."encryptedPassword" = 'admin') LIMIT 1[0m
Redirected to http://127.0.0.1:3002/
Completed in 62ms (DB: 0) | 302 Found [http://127.0.0.1/user/process_login]


Processing HomeController#index (for 127.0.0.1 at 2009-12-01 16:31:47) [GET]
  [4;35;1mUser Load (0.0ms)[0m   [0mSELECT * FROM "users" WHERE ("users"."id" = 1) [0m
Rendering template within layouts/application
Rendering home/index
Exception occurred during reader method compilation.
Maybe admin? is not a valid Ruby identifier?
compile error
D:/Ruby/lib/ruby/gems/1.8/gems/activerecord-2.3.2/lib/active_record/attribute_methods.rb:211: syntax error, unexpected '?', expecting '\n' or ';'
def admin?=(new_value);write_attribute('admin?', new_value);end
          ^
D:/Ruby/lib/ruby/gems/1.8/gems/activerecord-2.3.2/lib/active_record/attribute_methods.rb:211: syntax error, unexpected kEND, expecting $end
def admin?=(new_value);write_attribute('admin?', new_value);end
                                                               ^
Exception occurred during reader method compilation.
Maybe admin? is not a valid Ruby identifier?
compile error
D:/Ruby/lib/ruby/gems/1.8/gems/activerecord-2.3.2/lib/active_record/attribute_methods.rb:211: syntax error, unexpected '?', expecting '\n' or ';'
def admin??; query_attribute('admin?'); end
           ^
D:/Ruby/lib/ruby/gems/1.8/gems/activerecord-2.3.2/lib/active_record/attribute_methods.rb:211: syntax error, unexpected kEND, expecting $end
def admin??; query_attribute('admin?'); end
                                           ^
Completed in 47ms (View: 0, DB: 0) | 200 OK [http://127.0.0.1/]
  [4;36;1mUser Exists (0.0ms)[0m   [0;1mSELECT "users".id FROM "users" WHERE ("users"."andrewID" = 'Bi') LIMIT 1[0m
  [4;35;1mUser Create (0.0ms)[0m   [0mINSERT INTO "users" ("last_login", "updated_at", "lname", "college", "fname", "year", "andrewID", "encryptedPassword", "admin?", "email", "created_at") VALUES(NULL, '2009-12-01 23:03:41', NULL, NULL, NULL, NULL, 'Bi', 'admin', 'f', NULL, '2009-12-01 23:03:41')[0m
  [4;36;1mUser Exists (0.0ms)[0m   [0;1mSELECT "users".id FROM "users" WHERE ("users"."andrewID" = 'Test') LIMIT 1[0m
  [4;35;1mUser Create (0.0ms)[0m   [0mINSERT INTO "users" ("last_login", "updated_at", "lname", "college", "fname", "year", "andrewID", "encryptedPassword", "admin?", "email", "created_at") VALUES(NULL, '2009-12-01 23:03:51', NULL, NULL, NULL, NULL, 'Test', 'admin', 'f', NULL, '2009-12-01 23:03:51')[0m
  [4;36;1mUser Exists (0.0ms)[0m   [0;1mSELECT "users".id FROM "users" WHERE ("users"."andrewID" = 'est') LIMIT 1[0m
  [4;35;1mUser Create (16.0ms)[0m   [0mINSERT INTO "users" ("last_login", "updated_at", "lname", "college", "fname", "year", "andrewID", "encryptedPassword", "admin?", "email", "created_at") VALUES(NULL, '2009-12-01 23:03:57', NULL, NULL, NULL, NULL, 'est', 'admin', 'f', NULL, '2009-12-01 23:03:57')[0m
  [4;36;1mUser Delete all (16.0ms)[0m   [0;1mDELETE FROM "users" WHERE ("id" IN ('--- 
- :user_id
- 4
')) [0m
  [4;35;1mUser Load (0.0ms)[0m   [0mSELECT * FROM "users" [0m
  [4;36;1mUser Delete all (0.0ms)[0m   [0;1mDELETE FROM "users" WHERE ("id" IN ('--- 
- :user_id
- 3
')) [0m
  [4;35;1mUser Delete all (16.0ms)[0m   [0mDELETE FROM "users" WHERE ("id" IN ('--- 
- :user_id
- 4
')) [0m
  [4;36;1mUser Delete all (16.0ms)[0m   [0;1mDELETE FROM "users" WHERE ("id" IN ('--- 
- :andrewID
- est
')) [0m
  [4;35;1mUser Load (0.0ms)[0m   [0mSELECT * FROM "users" [0m


Processing HomeController#index (for 127.0.0.1 at 2009-12-01 19:14:25) [GET]
Rendering template within layouts/application
Rendering home/index
Completed in 0ms (View: 0, DB: 0) | 200 OK [http://localhost/]


Processing GroupsController#index (for 127.0.0.1 at 2009-12-01 19:14:28) [GET]
  [4;36;1mGroup Load (0.0ms)[0m   [0;1mSELECT * FROM "groups" [0m
Rendering template within layouts/groups
Rendering groups/index
Completed in 47ms (View: 31, DB: 0) | 200 OK [http://localhost/groups]


Processing HomeController#index (for 127.0.0.1 at 2009-12-01 19:15:43) [GET]
  [4;36;1mUser Load (0.0ms)[0m   [0;1mSELECT * FROM "users" WHERE ("users"."id" = 1) [0m
Rendering template within layouts/application
Rendering home/index
Exception occurred during reader method compilation.
Maybe admin? is not a valid Ruby identifier?
compile error
D:/Ruby/lib/ruby/gems/1.8/gems/activerecord-2.3.2/lib/active_record/attribute_methods.rb:211: syntax error, unexpected '?', expecting '\n' or ';'
def admin?=(new_value);write_attribute('admin?', new_value);end
          ^
D:/Ruby/lib/ruby/gems/1.8/gems/activerecord-2.3.2/lib/active_record/attribute_methods.rb:211: syntax error, unexpected kEND, expecting $end
def admin?=(new_value);write_attribute('admin?', new_value);end
                                                               ^
Exception occurred during reader method compilation.
Maybe admin? is not a valid Ruby identifier?
compile error
D:/Ruby/lib/ruby/gems/1.8/gems/activerecord-2.3.2/lib/active_record/attribute_methods.rb:211: syntax error, unexpected '?', expecting '\n' or ';'
def admin??; query_attribute('admin?'); end
           ^
D:/Ruby/lib/ruby/gems/1.8/gems/activerecord-2.3.2/lib/active_record/attribute_methods.rb:211: syntax error, unexpected kEND, expecting $end
def admin??; query_attribute('admin?'); end
                                           ^
Completed in 109ms (View: 16, DB: 0) | 200 OK [http://127.0.0.1/]


Processing GroupsController#show (for 127.0.0.1 at 2009-12-01 19:15:47) [GET]
  Parameters: {"id"=>"index"}
  [4;35;1mGroup Load (0.0ms)[0m   [0mSELECT * FROM "groups" WHERE ("groups"."id" = 0) [0m

ActiveRecord::RecordNotFound (Couldn't find Group with ID=index):
  app/controllers/groups_controller.rb:16:in `show'
  -e:2:in `load'
  -e:2

Rendered rescues/_trace (62.0ms)
Rendered rescues/_request_and_response (0.0ms)
Rendering rescues/layout (not_found)


Processing HomeController#process_login (for 127.0.0.1 at 2009-12-01 19:16:29) [POST]
  Parameters: {"user"=>{"andrewID"=>"Keying", "encryptedPassword"=>"admin"}, "commit"=>"Login", "authenticity_token"=>"wzs3tnPQbUXL8c+KX1ooHRXLP1oqmP3Ja4oP+TI6EDU="}
  [4;36;1mUser Load (0.0ms)[0m   [0;1mSELECT * FROM "users" WHERE ("users"."id" = 1) [0m
  [4;35;1mUser Load (0.0ms)[0m   [0mSELECT * FROM "users" WHERE ("users"."encryptedPassword" = 'admin' AND "users"."andrewID" = 'Keying') LIMIT 1[0m
Redirected to http://127.0.0.1:3002/
Completed in 63ms (DB: 0) | 302 Found [http://127.0.0.1/home/process_login]


Processing HomeController#index (for 127.0.0.1 at 2009-12-01 19:16:29) [GET]
  [4;36;1mUser Load (0.0ms)[0m   [0;1mSELECT * FROM "users" WHERE ("users"."id" = 1) [0m
Rendering template within layouts/application
Rendering home/index
Exception occurred during reader method compilation.
Maybe admin? is not a valid Ruby identifier?
compile error
D:/Ruby/lib/ruby/gems/1.8/gems/activerecord-2.3.2/lib/active_record/attribute_methods.rb:211: syntax error, unexpected '?', expecting '\n' or ';'
def admin?=(new_value);write_attribute('admin?', new_value);end
          ^
D:/Ruby/lib/ruby/gems/1.8/gems/activerecord-2.3.2/lib/active_record/attribute_methods.rb:211: syntax error, unexpected kEND, expecting $end
def admin?=(new_value);write_attribute('admin?', new_value);end
                                                               ^
Exception occurred during reader method compilation.
Maybe admin? is not a valid Ruby identifier?
compile error
D:/Ruby/lib/ruby/gems/1.8/gems/activerecord-2.3.2/lib/active_record/attribute_methods.rb:211: syntax error, unexpected '?', expecting '\n' or ';'
def admin??; query_attribute('admin?'); end
           ^
D:/Ruby/lib/ruby/gems/1.8/gems/activerecord-2.3.2/lib/active_record/attribute_methods.rb:211: syntax error, unexpected kEND, expecting $end
def admin??; query_attribute('admin?'); end
                                           ^
Completed in 32ms (View: 0, DB: 0) | 200 OK [http://127.0.0.1/]


Processing HomeController#process_login (for 127.0.0.1 at 2009-12-01 19:16:37) [POST]
  Parameters: {"user"=>{"andrewID"=>"Keying", "encryptedPassword"=>"admin"}, "commit"=>"Login", "authenticity_token"=>"wzs3tnPQbUXL8c+KX1ooHRXLP1oqmP3Ja4oP+TI6EDU="}
  [4;35;1mUser Load (0.0ms)[0m   [0mSELECT * FROM "users" WHERE ("users"."id" = 1) [0m
  [4;36;1mUser Load (0.0ms)[0m   [0;1mSELECT * FROM "users" WHERE ("users"."encryptedPassword" = 'admin' AND "users"."andrewID" = 'Keying') LIMIT 1[0m
Redirected to http://127.0.0.1:3002/
Completed in 16ms (DB: 0) | 302 Found [http://127.0.0.1/home/process_login]


Processing HomeController#index (for 127.0.0.1 at 2009-12-01 19:16:37) [GET]
  [4;35;1mUser Load (0.0ms)[0m   [0mSELECT * FROM "users" WHERE ("users"."id" = 1) [0m
Rendering template within layouts/application
Rendering home/index
Exception occurred during reader method compilation.
Maybe admin? is not a valid Ruby identifier?
compile error
D:/Ruby/lib/ruby/gems/1.8/gems/activerecord-2.3.2/lib/active_record/attribute_methods.rb:211: syntax error, unexpected '?', expecting '\n' or ';'
def admin?=(new_value);write_attribute('admin?', new_value);end
          ^
D:/Ruby/lib/ruby/gems/1.8/gems/activerecord-2.3.2/lib/active_record/attribute_methods.rb:211: syntax error, unexpected kEND, expecting $end
def admin?=(new_value);write_attribute('admin?', new_value);end
                                                               ^
Exception occurred during reader method compilation.
Maybe admin? is not a valid Ruby identifier?
compile error
D:/Ruby/lib/ruby/gems/1.8/gems/activerecord-2.3.2/lib/active_record/attribute_methods.rb:211: syntax error, unexpected '?', expecting '\n' or ';'
def admin??; query_attribute('admin?'); end
           ^
D:/Ruby/lib/ruby/gems/1.8/gems/activerecord-2.3.2/lib/active_record/attribute_methods.rb:211: syntax error, unexpected kEND, expecting $end
def admin??; query_attribute('admin?'); end
                                           ^
Completed in 15ms (View: 0, DB: 0) | 200 OK [http://127.0.0.1/]


Processing UserController#index (for 127.0.0.1 at 2009-12-01 19:16:40) [GET]
  [4;36;1mUser Load (0.0ms)[0m   [0;1mSELECT * FROM "users" WHERE ("users"."id" = 1) [0m

ActionController::UnknownAction (No action responded to index. Actions: login, logout, my_account, and process_login):
  -e:2:in `load'
  -e:2

Rendering rescues/layout (not_found)


Processing UserController#login (for 127.0.0.1 at 2009-12-01 19:16:46) [GET]
  [4;35;1mUser Load (0.0ms)[0m   [0mSELECT * FROM "users" WHERE ("users"."id" = 1) [0m
Exception occurred during reader method compilation.
Maybe admin? is not a valid Ruby identifier?
compile error
D:/Ruby/lib/ruby/gems/1.8/gems/activerecord-2.3.2/lib/active_record/attribute_methods.rb:211: syntax error, unexpected '?', expecting '\n' or ';'
def admin?=(new_value);write_attribute('admin?', new_value);end
          ^
D:/Ruby/lib/ruby/gems/1.8/gems/activerecord-2.3.2/lib/active_record/attribute_methods.rb:211: syntax error, unexpected kEND, expecting $end
def admin?=(new_value);write_attribute('admin?', new_value);end
                                                               ^
Exception occurred during reader method compilation.
Maybe admin? is not a valid Ruby identifier?
compile error
D:/Ruby/lib/ruby/gems/1.8/gems/activerecord-2.3.2/lib/active_record/attribute_methods.rb:211: syntax error, unexpected '?', expecting '\n' or ';'
def admin??; query_attribute('admin?'); end
           ^
D:/Ruby/lib/ruby/gems/1.8/gems/activerecord-2.3.2/lib/active_record/attribute_methods.rb:211: syntax error, unexpected kEND, expecting $end
def admin??; query_attribute('admin?'); end
                                           ^
Rendering template within layouts/application
Rendering user/login
Completed in 31ms (View: 16, DB: 0) | 200 OK [http://127.0.0.1/user/login]


Processing UserController#process_login (for 127.0.0.1 at 2009-12-01 19:16:52) [POST]
  Parameters: {"user"=>{"andrewID"=>"keying", "encryptedPassword"=>"admin"}, "commit"=>"Login", "authenticity_token"=>"wzs3tnPQbUXL8c+KX1ooHRXLP1oqmP3Ja4oP+TI6EDU="}
  [4;36;1mUser Load (0.0ms)[0m   [0;1mSELECT * FROM "users" WHERE ("users"."id" = 1) [0m
  [4;35;1mUser Load (0.0ms)[0m   [0mSELECT * FROM "users" WHERE ("users"."encryptedPassword" = 'admin' AND "users"."andrewID" = 'keying') LIMIT 1[0m
Redirected to http://127.0.0.1:3002/user/login?andrewID=keying
Completed in 15ms (DB: 0) | 302 Found [http://127.0.0.1/user/process_login]


Processing UserController#login (for 127.0.0.1 at 2009-12-01 19:16:52) [GET]
  Parameters: {"andrewID"=>"keying"}
  [4;36;1mUser Load (0.0ms)[0m   [0;1mSELECT * FROM "users" WHERE ("users"."id" = 1) [0m
Exception occurred during reader method compilation.
Maybe admin? is not a valid Ruby identifier?
compile error
D:/Ruby/lib/ruby/gems/1.8/gems/activerecord-2.3.2/lib/active_record/attribute_methods.rb:211: syntax error, unexpected '?', expecting '\n' or ';'
def admin?=(new_value);write_attribute('admin?', new_value);end
          ^
D:/Ruby/lib/ruby/gems/1.8/gems/activerecord-2.3.2/lib/active_record/attribute_methods.rb:211: syntax error, unexpected kEND, expecting $end
def admin?=(new_value);write_attribute('admin?', new_value);end
                                                               ^
Exception occurred during reader method compilation.
Maybe admin? is not a valid Ruby identifier?
compile error
D:/Ruby/lib/ruby/gems/1.8/gems/activerecord-2.3.2/lib/active_record/attribute_methods.rb:211: syntax error, unexpected '?', expecting '\n' or ';'
def admin??; query_attribute('admin?'); end
           ^
D:/Ruby/lib/ruby/gems/1.8/gems/activerecord-2.3.2/lib/active_record/attribute_methods.rb:211: syntax error, unexpected kEND, expecting $end
def admin??; query_attribute('admin?'); end
                                           ^
Rendering template within layouts/application
Rendering user/login
Completed in 16ms (View: 0, DB: 0) | 200 OK [http://127.0.0.1/user/login?andrewID=keying]


Processing UserController#process_login (for 127.0.0.1 at 2009-12-01 19:16:58) [POST]
  Parameters: {"user"=>{"andrewID"=>"Keying", "encryptedPassword"=>"admin"}, "commit"=>"Login", "authenticity_token"=>"wzs3tnPQbUXL8c+KX1ooHRXLP1oqmP3Ja4oP+TI6EDU="}
  [4;35;1mUser Load (0.0ms)[0m   [0mSELECT * FROM "users" WHERE ("users"."id" = 1) [0m
  [4;36;1mUser Load (0.0ms)[0m   [0;1mSELECT * FROM "users" WHERE ("users"."encryptedPassword" = 'admin' AND "users"."andrewID" = 'Keying') LIMIT 1[0m
Redirected to http://127.0.0.1:3002/
Completed in 15ms (DB: 0) | 302 Found [http://127.0.0.1/user/process_login]


Processing HomeController#index (for 127.0.0.1 at 2009-12-01 19:16:59) [GET]
  [4;35;1mUser Load (0.0ms)[0m   [0mSELECT * FROM "users" WHERE ("users"."id" = 1) [0m
Rendering template within layouts/application
Rendering home/index
Exception occurred during reader method compilation.
Maybe admin? is not a valid Ruby identifier?
compile error
D:/Ruby/lib/ruby/gems/1.8/gems/activerecord-2.3.2/lib/active_record/attribute_methods.rb:211: syntax error, unexpected '?', expecting '\n' or ';'
def admin?=(new_value);write_attribute('admin?', new_value);end
          ^
D:/Ruby/lib/ruby/gems/1.8/gems/activerecord-2.3.2/lib/active_record/attribute_methods.rb:211: syntax error, unexpected kEND, expecting $end
def admin?=(new_value);write_attribute('admin?', new_value);end
                                                               ^
Exception occurred during reader method compilation.
Maybe admin? is not a valid Ruby identifier?
compile error
D:/Ruby/lib/ruby/gems/1.8/gems/activerecord-2.3.2/lib/active_record/attribute_methods.rb:211: syntax error, unexpected '?', expecting '\n' or ';'
def admin??; query_attribute('admin?'); end
           ^
D:/Ruby/lib/ruby/gems/1.8/gems/activerecord-2.3.2/lib/active_record/attribute_methods.rb:211: syntax error, unexpected kEND, expecting $end
def admin??; query_attribute('admin?'); end
                                           ^
Completed in 16ms (View: 0, DB: 0) | 200 OK [http://127.0.0.1/]
  [4;36;1mSQL (0.0ms)[0m   [0;1m SELECT name
 FROM sqlite_master
 WHERE type = 'table' AND NOT name = 'sqlite_sequence'
[0m
  [4;35;1mSQL (0.0ms)[0m   [0mSELECT version FROM schema_migrations[0m
Migrating to CreateUsers (20091018163815)
Migrating to CreateGroups (20091121190959)
Migrating to CreateBallots (20091121191422)
Migrating to CreateEvents (20091121193304)
Migrating to CreateVoters (20091121193949)
Migrating to CreateGadmins (20091121194026)
Migrating to CreateCandidates (20091202002738)
  [4;36;1mSQL (0.0ms)[0m   [0;1mselect sqlite_version(*)[0m
  [4;35;1mSQL (15.0ms)[0m   [0mCREATE TABLE "candidates" ("id" INTEGER PRIMARY KEY AUTOINCREMENT NOT NULL, "lname" varchar(255), "fname" varchar(255), "title" varchar(255), "description" varchar(255), "created_at" datetime, "updated_at" datetime) [0m
  [4;36;1mSQL (0.0ms)[0m   [0;1mINSERT INTO schema_migrations (version) VALUES ('20091202002738')[0m
  [4;35;1mSQL (0.0ms)[0m   [0m SELECT name
 FROM sqlite_master
 WHERE type = 'table' AND NOT name = 'sqlite_sequence'
[0m
  [4;36;1mSQL (15.0ms)[0m   [0;1mSELECT version FROM schema_migrations[0m
  [4;35;1mSQL (0.0ms)[0m   [0m SELECT name
 FROM sqlite_master
 WHERE type = 'table' AND NOT name = 'sqlite_sequence'
[0m
  [4;36;1mSQL (0.0ms)[0m   [0;1mPRAGMA index_list("ballots")[0m
  [4;35;1mSQL (0.0ms)[0m   [0mPRAGMA index_list("candidates")[0m
  [4;36;1mSQL (0.0ms)[0m   [0;1mPRAGMA index_list("events")[0m
  [4;35;1mSQL (0.0ms)[0m   [0mPRAGMA index_list("gadmins")[0m
  [4;36;1mSQL (0.0ms)[0m   [0;1mPRAGMA index_list("groups")[0m
  [4;35;1mSQL (0.0ms)[0m   [0mPRAGMA index_list("users")[0m
  [4;36;1mSQL (0.0ms)[0m   [0;1mPRAGMA index_list("voters")[0m
  [4;36;1mGroup Create (0.0ms)[0m   [0;1mINSERT INTO "groups" ("gname", "updated_at", "created_at") VALUES('GSA', '2009-12-02 00:32:04', '2009-12-02 00:32:04')[0m
  [4;35;1mGroup Create (16.0ms)[0m   [0mINSERT INTO "groups" ("gname", "updated_at", "created_at") VALUES('boxing', '2009-12-02 00:32:11', '2009-12-02 00:32:11')[0m
  [4;36;1mGroup Create (0.0ms)[0m   [0;1mINSERT INTO "groups" ("gname", "updated_at", "created_at") VALUES('climbing', '2009-12-02 00:32:22', '2009-12-02 00:32:22')[0m
  [4;36;1mSQL (0.0ms)[0m   [0;1m SELECT name
 FROM sqlite_master
 WHERE type = 'table' AND NOT name = 'sqlite_sequence'
[0m
  [4;35;1mSQL (0.0ms)[0m   [0mSELECT version FROM schema_migrations[0m
Migrating to CreateUsers (20091018163815)
Migrating to CreateGroups (20091121190959)
Migrating to CreateBallots (20091121191422)
Migrating to CreateEvents (20091121193304)
Migrating to CreateVoters (20091121193949)
Migrating to CreateGadmins (20091121194026)
Migrating to CreateCandidates (20091202002738)
  [4;36;1mSQL (0.0ms)[0m   [0;1mselect sqlite_version(*)[0m
  [4;35;1mSQL (0.0ms)[0m   [0m SELECT name
 FROM sqlite_master
 WHERE type = 'table' AND NOT name = 'sqlite_sequence'
[0m
  [4;36;1mSQL (0.0ms)[0m   [0;1mSELECT version FROM schema_migrations[0m
  [4;35;1mSQL (0.0ms)[0m   [0m SELECT name
 FROM sqlite_master
 WHERE type = 'table' AND NOT name = 'sqlite_sequence'
[0m
  [4;36;1mSQL (0.0ms)[0m   [0;1mPRAGMA index_list("ballots")[0m
  [4;35;1mSQL (0.0ms)[0m   [0mPRAGMA index_list("candidates")[0m
  [4;36;1mSQL (0.0ms)[0m   [0;1mPRAGMA index_list("events")[0m
  [4;35;1mSQL (0.0ms)[0m   [0mPRAGMA index_list("gadmins")[0m
  [4;36;1mSQL (0.0ms)[0m   [0;1mPRAGMA index_list("groups")[0m
  [4;35;1mSQL (0.0ms)[0m   [0mPRAGMA index_list("users")[0m
  [4;36;1mSQL (0.0ms)[0m   [0;1mPRAGMA index_list("voters")[0m
  [4;36;1mSQL (0.0ms)[0m   [0;1m SELECT name
 FROM sqlite_master
 WHERE type = 'table' AND NOT name = 'sqlite_sequence'
[0m
  [4;35;1mSQL (0.0ms)[0m   [0mSELECT version FROM schema_migrations[0m
Migrating to CreateUsers (20091018163815)
Migrating to CreateGroups (20091121190959)
Migrating to CreateBallots (20091121191422)
Migrating to CreateEvents (20091121193304)
Migrating to CreateVoters (20091121193949)
Migrating to CreateGadmins (20091121194026)
Migrating to CreateCandidates (20091202002738)
  [4;36;1mSQL (0.0ms)[0m   [0;1mselect sqlite_version(*)[0m
  [4;35;1mSQL (0.0ms)[0m   [0m SELECT name
 FROM sqlite_master
 WHERE type = 'table' AND NOT name = 'sqlite_sequence'
[0m
  [4;36;1mSQL (0.0ms)[0m   [0;1mSELECT version FROM schema_migrations[0m
  [4;35;1mSQL (0.0ms)[0m   [0m SELECT name
 FROM sqlite_master
 WHERE type = 'table' AND NOT name = 'sqlite_sequence'
[0m
  [4;36;1mSQL (0.0ms)[0m   [0;1mPRAGMA index_list("ballots")[0m
  [4;35;1mSQL (0.0ms)[0m   [0mPRAGMA index_list("candidates")[0m
  [4;36;1mSQL (0.0ms)[0m   [0;1mPRAGMA index_list("events")[0m
  [4;35;1mSQL (0.0ms)[0m   [0mPRAGMA index_list("gadmins")[0m
  [4;36;1mSQL (0.0ms)[0m   [0;1mPRAGMA index_list("groups")[0m
  [4;35;1mSQL (0.0ms)[0m   [0mPRAGMA index_list("users")[0m
  [4;36;1mSQL (0.0ms)[0m   [0;1mPRAGMA index_list("voters")[0m
  [4;36;1mSQL (0.0ms)[0m   [0;1m SELECT name
 FROM sqlite_master
 WHERE type = 'table' AND NOT name = 'sqlite_sequence'
[0m
  [4;35;1mSQL (0.0ms)[0m   [0mSELECT version FROM schema_migrations[0m
  [4;36;1mSQL (0.0ms)[0m   [0;1m SELECT name
 FROM sqlite_master
 WHERE type = 'table' AND NOT name = 'sqlite_sequence'
[0m
  [4;35;1mSQL (0.0ms)[0m   [0mSELECT version FROM schema_migrations[0m
Migrating to CreateCandidates (20091202002738)
  [4;36;1mSQL (0.0ms)[0m   [0;1mselect sqlite_version(*)[0m
  [4;35;1mSQL (15.0ms)[0m   [0mDROP TABLE "candidates"[0m
  [4;36;1mSQL (0.0ms)[0m   [0;1mDELETE FROM schema_migrations WHERE version = '20091202002738'[0m
Migrating to CreateGadmins (20091121194026)
  [4;35;1mSQL (0.0ms)[0m   [0mDROP TABLE "gadmins"[0m
  [4;36;1mSQL (0.0ms)[0m   [0;1mDELETE FROM schema_migrations WHERE version = '20091121194026'[0m
Migrating to CreateVoters (20091121193949)
  [4;35;1mSQL (0.0ms)[0m   [0mDROP TABLE "voters"[0m
  [4;36;1mSQL (0.0ms)[0m   [0;1mDELETE FROM schema_migrations WHERE version = '20091121193949'[0m
Migrating to CreateEvents (20091121193304)
  [4;35;1mSQL (0.0ms)[0m   [0mDROP TABLE "events"[0m
  [4;36;1mSQL (0.0ms)[0m   [0;1mDELETE FROM schema_migrations WHERE version = '20091121193304'[0m
Migrating to CreateBallots (20091121191422)
  [4;35;1mSQL (0.0ms)[0m   [0mDROP TABLE "ballots"[0m
  [4;36;1mSQL (0.0ms)[0m   [0;1mDELETE FROM schema_migrations WHERE version = '20091121191422'[0m
Migrating to CreateGroups (20091121190959)
  [4;35;1mSQL (0.0ms)[0m   [0mDROP TABLE "groups"[0m
  [4;36;1mSQL (0.0ms)[0m   [0;1mDELETE FROM schema_migrations WHERE version = '20091121190959'[0m
Migrating to CreateUsers (20091018163815)
  [4;35;1mSQL (0.0ms)[0m   [0mDROP TABLE "users"[0m
  [4;36;1mSQL (0.0ms)[0m   [0;1mDELETE FROM schema_migrations WHERE version = '20091018163815'[0m
  [4;35;1mSQL (16.0ms)[0m   [0m SELECT name
 FROM sqlite_master
 WHERE type = 'table' AND NOT name = 'sqlite_sequence'
[0m
  [4;36;1mSQL (0.0ms)[0m   [0;1mSELECT version FROM schema_migrations[0m
  [4;35;1mSQL (0.0ms)[0m   [0m SELECT name
 FROM sqlite_master
 WHERE type = 'table' AND NOT name = 'sqlite_sequence'
[0m
  [4;36;1mSQL (0.0ms)[0m   [0;1m SELECT name
 FROM sqlite_master
 WHERE type = 'table' AND NOT name = 'sqlite_sequence'
[0m
  [4;35;1mSQL (0.0ms)[0m   [0mSELECT version FROM schema_migrations[0m
Migrating to CreateUsers (20091018163815)
  [4;36;1mSQL (0.0ms)[0m   [0;1mselect sqlite_version(*)[0m
  [4;35;1mSQL (0.0ms)[0m   [0mCREATE TABLE "users" ("id" INTEGER PRIMARY KEY AUTOINCREMENT NOT NULL, "fname" varchar(255), "lname" varchar(255), "andrewID" varchar(255), "encryptedPassword" varchar(255), "admin?" boolean DEFAULT 'f', "last_login" datetime, "email" varchar(255), "year" varchar(255), "college" varchar(255), "created_at" datetime, "updated_at" datetime) [0m
  [4;36;1mSQL (0.0ms)[0m   [0;1mINSERT INTO schema_migrations (version) VALUES ('20091018163815')[0m
Migrating to CreateGroups (20091121190959)
  [4;35;1mSQL (0.0ms)[0m   [0mCREATE TABLE "groups" ("id" INTEGER PRIMARY KEY AUTOINCREMENT NOT NULL, "gname" varchar(255), "public" integer, "created_at" datetime, "updated_at" datetime) [0m
  [4;36;1mSQL (0.0ms)[0m   [0;1mINSERT INTO schema_migrations (version) VALUES ('20091121190959')[0m
Migrating to CreateBallots (20091121191422)
  [4;35;1mSQL (0.0ms)[0m   [0mCREATE TABLE "ballots" ("id" INTEGER PRIMARY KEY AUTOINCREMENT NOT NULL, "group_id" integer, "event_id" integer, "rstring" varchar(255), "created_at" datetime, "updated_at" datetime) [0m
  [4;36;1mSQL (0.0ms)[0m   [0;1mINSERT INTO schema_migrations (version) VALUES ('20091121191422')[0m
Migrating to CreateEvents (20091121193304)
  [4;35;1mSQL (0.0ms)[0m   [0mCREATE TABLE "events" ("id" INTEGER PRIMARY KEY AUTOINCREMENT NOT NULL, "group_id" integer, "ename" varchar(255), "edescription" varchar(255), "start_date" datetime, "end_date" datetime, "created_at" datetime, "updated_at" datetime) [0m
  [4;36;1mSQL (0.0ms)[0m   [0;1mINSERT INTO schema_migrations (version) VALUES ('20091121193304')[0m
Migrating to CreateVoters (20091121193949)
  [4;35;1mSQL (0.0ms)[0m   [0mCREATE TABLE "voters" ("id" INTEGER PRIMARY KEY AUTOINCREMENT NOT NULL, "user_id" integer, "group_id" integer, "vflag" decimal, "created_at" datetime, "updated_at" datetime) [0m
  [4;36;1mSQL (0.0ms)[0m   [0;1mINSERT INTO schema_migrations (version) VALUES ('20091121193949')[0m
Migrating to CreateGadmins (20091121194026)
  [4;35;1mSQL (0.0ms)[0m   [0mCREATE TABLE "gadmins" ("id" INTEGER PRIMARY KEY AUTOINCREMENT NOT NULL, "user_id" integer, "group_id" integer, "created_at" datetime, "updated_at" datetime) [0m
  [4;36;1mSQL (0.0ms)[0m   [0;1mINSERT INTO schema_migrations (version) VALUES ('20091121194026')[0m
Migrating to CreateCandidates (20091202002738)
  [4;35;1mSQL (0.0ms)[0m   [0mCREATE TABLE "candidates" ("id" INTEGER PRIMARY KEY AUTOINCREMENT NOT NULL, "lname" varchar(255), "fname" varchar(255), "title" varchar(255), "description" varchar(255), "created_at" datetime, "updated_at" datetime) [0m
  [4;36;1mSQL (0.0ms)[0m   [0;1mINSERT INTO schema_migrations (version) VALUES ('20091202002738')[0m
  [4;35;1mSQL (16.0ms)[0m   [0m SELECT name
 FROM sqlite_master
 WHERE type = 'table' AND NOT name = 'sqlite_sequence'
[0m
  [4;36;1mSQL (0.0ms)[0m   [0;1mSELECT version FROM schema_migrations[0m
  [4;35;1mSQL (0.0ms)[0m   [0m SELECT name
 FROM sqlite_master
 WHERE type = 'table' AND NOT name = 'sqlite_sequence'
[0m
  [4;36;1mSQL (0.0ms)[0m   [0;1mPRAGMA index_list("ballots")[0m
  [4;35;1mSQL (0.0ms)[0m   [0mPRAGMA index_list("candidates")[0m
  [4;36;1mSQL (0.0ms)[0m   [0;1mPRAGMA index_list("events")[0m
  [4;35;1mSQL (0.0ms)[0m   [0mPRAGMA index_list("gadmins")[0m
  [4;36;1mSQL (0.0ms)[0m   [0;1mPRAGMA index_list("groups")[0m
  [4;35;1mSQL (0.0ms)[0m   [0mPRAGMA index_list("users")[0m
  [4;36;1mSQL (0.0ms)[0m   [0;1mPRAGMA index_list("voters")[0m
Exception occurred during reader method compilation.
Maybe admin? is not a valid Ruby identifier?
compile error
D:/Ruby/lib/ruby/gems/1.8/gems/activerecord-2.3.2/lib/active_record/attribute_methods.rb:211: syntax error, unexpected '?', expecting '\n' or ';'
def admin?=(new_value);write_attribute('admin?', new_value);end
          ^
D:/Ruby/lib/ruby/gems/1.8/gems/activerecord-2.3.2/lib/active_record/attribute_methods.rb:211: syntax error, unexpected kEND, expecting $end
def admin?=(new_value);write_attribute('admin?', new_value);end
                                                               ^
Exception occurred during reader method compilation.
Maybe admin? is not a valid Ruby identifier?
compile error
D:/Ruby/lib/ruby/gems/1.8/gems/activerecord-2.3.2/lib/active_record/attribute_methods.rb:211: syntax error, unexpected '?', expecting '\n' or ';'
def admin??; query_attribute('admin?'); end
           ^
D:/Ruby/lib/ruby/gems/1.8/gems/activerecord-2.3.2/lib/active_record/attribute_methods.rb:211: syntax error, unexpected kEND, expecting $end
def admin??; query_attribute('admin?'); end
                                           ^
  [4;35;1mUser Exists (0.0ms)[0m   [0mSQLite3::SQLException: database schema has changed: SELECT "users".id FROM "users" WHERE ("users"."andrewID" = 'keying') LIMIT 1[0m
  [4;36;1mUser Exists (0.0ms)[0m   [0;1mSELECT "users".id FROM "users" WHERE ("users"."andrewID" = 'keying') LIMIT 1[0m
  [4;35;1mUser Create (0.0ms)[0m   [0mINSERT INTO "users" ("last_login", "updated_at", "lname", "college", "fname", "year", "andrewID", "encryptedPassword", "admin?", "email", "created_at") VALUES(NULL, '2009-12-02 00:46:07', NULL, NULL, NULL, NULL, 'keying', 'admin', 'f', NULL, '2009-12-02 00:46:07')[0m
  [4;36;1mUser Load (0.0ms)[0m   [0;1mSELECT * FROM "users" [0m
  [4;35;1mGroup Create (0.0ms)[0m   [0mINSERT INTO "groups" ("gname", "updated_at", "public", "created_at") VALUES('GSA', '2009-12-02 00:58:55', 1, '2009-12-02 00:58:55')[0m
  [4;36;1mGroup Create (0.0ms)[0m   [0;1mINSERT INTO "groups" ("gname", "updated_at", "public", "created_at") VALUES('boxing', '2009-12-02 00:59:49', 0, '2009-12-02 00:59:49')[0m


Processing HomeController#index (for 127.0.0.1 at 2009-12-01 20:03:28) [GET]
Rendering template within layouts/application
Rendering home/index
Completed in 1344ms (View: 63, DB: 0) | 200 OK [http://127.0.0.1/]


Processing HomeController#index (for 127.0.0.1 at 2009-12-01 20:03:34) [GET]
Rendering template within layouts/application
Rendering home/index
Completed in 0ms (View: 0, DB: 0) | 200 OK [http://localhost/]


Processing GroupsController#index (for 127.0.0.1 at 2009-12-01 20:03:40) [GET]
  [4;36;1mGroup Load (0.0ms)[0m   [0;1mSELECT * FROM "groups" [0m
Rendering template within layouts/groups
Rendering groups/index

ActionView::TemplateError (undefined method `gid' for #<Group:0x4ae73c0>) on line #11 of app/views/groups/index.html.erb:
8: 
9: <% @groups.each do |group| %>
10:   <tr>
11:     <td><%=h group.gid %></td>
12:     <td><%=h group.gname %></td>
13:     <td><%= link_to 'Show', group %></td>
14:     <td><%= link_to 'Edit', edit_group_path(group) %></td>

    app/views/groups/index.html.erb:11
    app/views/groups/index.html.erb:9:in `each'
    app/views/groups/index.html.erb:9
    app/controllers/groups_controller.rb:7:in `index'
    -e:2:in `load'
    -e:2

Rendered rescues/_trace (78.0ms)
Rendered rescues/_request_and_response (0.0ms)
Rendering rescues/layout (internal_server_error)


Processing ApplicationController#index (for 127.0.0.1 at 2009-12-01 20:03:42) [GET]

ActionController::RoutingError (No route matches "/group" with {:method=>:get}):
  -e:2:in `load'
  -e:2

Rendering rescues/layout (not_found)


Processing ApplicationController#index (for 127.0.0.1 at 2009-12-01 20:03:46) [GET]

ActionController::RoutingError (No route matches "/group/show" with {:method=>:get}):
  -e:2:in `load'
  -e:2

Rendering rescues/layout (not_found)


Processing ApplicationController#index (for 127.0.0.1 at 2009-12-01 20:03:52) [GET]

ActionController::RoutingError (No route matches "/event" with {:method=>:get}):
  -e:2:in `load'
  -e:2

Rendering rescues/layout (not_found)


Processing EventsController#index (for 127.0.0.1 at 2009-12-01 20:03:55) [GET]

NameError (uninitialized constant EventsController::Events):
  app/controllers/events_controller.rb:5:in `index'
  -e:2:in `load'
  -e:2

Rendered rescues/_trace (47.0ms)
Rendered rescues/_request_and_response (0.0ms)
Rendering rescues/layout (internal_server_error)


Processing ApplicationController#index (for 127.0.0.1 at 2009-12-01 20:04:00) [GET]

ActionController::RoutingError (No route matches "/users" with {:method=>:get}):
  -e:2:in `load'
  -e:2

Rendering rescues/layout (not_found)


Processing UserController#login (for 127.0.0.1 at 2009-12-01 20:04:07) [GET]
Exception occurred during reader method compilation.
Maybe admin? is not a valid Ruby identifier?
compile error
D:/Ruby/lib/ruby/gems/1.8/gems/activerecord-2.3.2/lib/active_record/attribute_methods.rb:211: syntax error, unexpected '?', expecting '\n' or ';'
def admin?=(new_value);write_attribute('admin?', new_value);end
          ^
D:/Ruby/lib/ruby/gems/1.8/gems/activerecord-2.3.2/lib/active_record/attribute_methods.rb:211: syntax error, unexpected kEND, expecting $end
def admin?=(new_value);write_attribute('admin?', new_value);end
                                                               ^
Exception occurred during reader method compilation.
Maybe admin? is not a valid Ruby identifier?
compile error
D:/Ruby/lib/ruby/gems/1.8/gems/activerecord-2.3.2/lib/active_record/attribute_methods.rb:211: syntax error, unexpected '?', expecting '\n' or ';'
def admin??; query_attribute('admin?'); end
           ^
D:/Ruby/lib/ruby/gems/1.8/gems/activerecord-2.3.2/lib/active_record/attribute_methods.rb:211: syntax error, unexpected kEND, expecting $end
def admin??; query_attribute('admin?'); end
                                           ^
Rendering template within layouts/application
Rendering user/login
Completed in 31ms (View: 15, DB: 0) | 200 OK [http://127.0.0.1/user/login]


Processing UserController#index (for 127.0.0.1 at 2009-12-01 20:04:12) [GET]

ActionController::UnknownAction (No action responded to index. Actions: login, logout, my_account, and process_login):
  -e:2:in `load'
  -e:2

Rendering rescues/layout (not_found)


Processing UserController#login (for 127.0.0.1 at 2009-12-01 20:04:23) [GET]
Exception occurred during reader method compilation.
Maybe admin? is not a valid Ruby identifier?
compile error
D:/Ruby/lib/ruby/gems/1.8/gems/activerecord-2.3.2/lib/active_record/attribute_methods.rb:211: syntax error, unexpected '?', expecting '\n' or ';'
def admin?=(new_value);write_attribute('admin?', new_value);end
          ^
D:/Ruby/lib/ruby/gems/1.8/gems/activerecord-2.3.2/lib/active_record/attribute_methods.rb:211: syntax error, unexpected kEND, expecting $end
def admin?=(new_value);write_attribute('admin?', new_value);end
                                                               ^
Exception occurred during reader method compilation.
Maybe admin? is not a valid Ruby identifier?
compile error
D:/Ruby/lib/ruby/gems/1.8/gems/activerecord-2.3.2/lib/active_record/attribute_methods.rb:211: syntax error, unexpected '?', expecting '\n' or ';'
def admin??; query_attribute('admin?'); end
           ^
D:/Ruby/lib/ruby/gems/1.8/gems/activerecord-2.3.2/lib/active_record/attribute_methods.rb:211: syntax error, unexpected kEND, expecting $end
def admin??; query_attribute('admin?'); end
                                           ^
Rendering template within layouts/application
Rendering user/login
Completed in 15ms (View: 0, DB: 0) | 200 OK [http://localhost/user/login]


Processing ApplicationController#index (for 127.0.0.1 at 2009-12-01 20:04:29) [GET]

ActionController::RoutingError (No route matches "/group/show" with {:method=>:get}):
  -e:2:in `load'
  -e:2

Rendering rescues/layout (not_found)


Processing ApplicationController#index (for 127.0.0.1 at 2009-12-01 20:04:41) [GET]

ActionController::RoutingError (No route matches "/event" with {:method=>:get}):
  -e:2:in `load'
  -e:2

Rendering rescues/layout (not_found)


Processing ApplicationController#index (for 127.0.0.1 at 2009-12-01 20:04:45) [GET]

ActionController::RoutingError (No route matches "/group" with {:method=>:get}):
  -e:2:in `load'
  -e:2

Rendering rescues/layout (not_found)


Processing ApplicationController#index (for 127.0.0.1 at 2009-12-01 20:04:52) [GET]

ActionController::RoutingError (No route matches "/ballot" with {:method=>:get}):
  -e:2:in `load'
  -e:2

Rendering rescues/layout (not_found)


Processing ApplicationController#index (for 127.0.0.1 at 2009-12-01 20:04:55) [GET]

ActionController::RoutingError (No route matches "/ballot/show" with {:method=>:get}):
  -e:2:in `load'
  -e:2

Rendering rescues/layout (not_found)


Processing ApplicationController#index (for 127.0.0.1 at 2009-12-01 20:04:59) [GET]

ActionController::RoutingError (No route matches "/ballot/index" with {:method=>:get}):
  -e:2:in `load'
  -e:2

Rendering rescues/layout (not_found)


Processing HomeController#index (for 127.0.0.1 at 2009-12-01 20:05:10) [GET]
Rendering template within layouts/application
Rendering home/index
Completed in 16ms (View: 16, DB: 0) | 200 OK [http://127.0.0.1/home]


Processing HomeController#index (for 127.0.0.1 at 2009-12-01 20:05:16) [GET]
Rendering template within layouts/application
Rendering home/index
Completed in 0ms (View: 0, DB: 0) | 200 OK [http://127.0.0.1/home/index]


Processing UserController#index (for 127.0.0.1 at 2009-12-01 20:05:24) [GET]

ActionController::UnknownAction (No action responded to index. Actions: login, logout, my_account, and process_login):
  -e:2:in `load'
  -e:2

Rendering rescues/layout (not_found)


Processing UserController#login (for 127.0.0.1 at 2009-12-01 20:05:29) [GET]
Exception occurred during reader method compilation.
Maybe admin? is not a valid Ruby identifier?
compile error
D:/Ruby/lib/ruby/gems/1.8/gems/activerecord-2.3.2/lib/active_record/attribute_methods.rb:211: syntax error, unexpected '?', expecting '\n' or ';'
def admin?=(new_value);write_attribute('admin?', new_value);end
          ^
D:/Ruby/lib/ruby/gems/1.8/gems/activerecord-2.3.2/lib/active_record/attribute_methods.rb:211: syntax error, unexpected kEND, expecting $end
def admin?=(new_value);write_attribute('admin?', new_value);end
                                                               ^
Exception occurred during reader method compilation.
Maybe admin? is not a valid Ruby identifier?
compile error
D:/Ruby/lib/ruby/gems/1.8/gems/activerecord-2.3.2/lib/active_record/attribute_methods.rb:211: syntax error, unexpected '?', expecting '\n' or ';'
def admin??; query_attribute('admin?'); end
           ^
D:/Ruby/lib/ruby/gems/1.8/gems/activerecord-2.3.2/lib/active_record/attribute_methods.rb:211: syntax error, unexpected kEND, expecting $end
def admin??; query_attribute('admin?'); end
                                           ^
Rendering template within layouts/application
Rendering user/login
Completed in 31ms (View: 0, DB: 0) | 200 OK [http://127.0.0.1/user/login]


Processing UserController#logout (for 127.0.0.1 at 2009-12-01 20:05:31) [GET]
Redirected to http://127.0.0.1:3002/user/login
Completed in 0ms (DB: 0) | 302 Found [http://127.0.0.1/user/logout]


Processing UserController#login (for 127.0.0.1 at 2009-12-01 20:05:31) [GET]
Exception occurred during reader method compilation.
Maybe admin? is not a valid Ruby identifier?
compile error
D:/Ruby/lib/ruby/gems/1.8/gems/activerecord-2.3.2/lib/active_record/attribute_methods.rb:211: syntax error, unexpected '?', expecting '\n' or ';'
def admin?=(new_value);write_attribute('admin?', new_value);end
          ^
D:/Ruby/lib/ruby/gems/1.8/gems/activerecord-2.3.2/lib/active_record/attribute_methods.rb:211: syntax error, unexpected kEND, expecting $end
def admin?=(new_value);write_attribute('admin?', new_value);end
                                                               ^
Exception occurred during reader method compilation.
Maybe admin? is not a valid Ruby identifier?
compile error
D:/Ruby/lib/ruby/gems/1.8/gems/activerecord-2.3.2/lib/active_record/attribute_methods.rb:211: syntax error, unexpected '?', expecting '\n' or ';'
def admin??; query_attribute('admin?'); end
           ^
D:/Ruby/lib/ruby/gems/1.8/gems/activerecord-2.3.2/lib/active_record/attribute_methods.rb:211: syntax error, unexpected kEND, expecting $end
def admin??; query_attribute('admin?'); end
                                           ^
Rendering template within layouts/application
Rendering user/login
Completed in 94ms (View: 0, DB: 0) | 200 OK [http://127.0.0.1/user/login]


Processing ApplicationController#index (for 127.0.0.1 at 2009-12-01 20:05:43) [GET]

ActionController::RoutingError (No route matches "/voter" with {:method=>:get}):
  -e:2:in `load'
  -e:2

Rendering rescues/layout (not_found)


Processing ApplicationController#index (for 127.0.0.1 at 2009-12-01 20:05:47) [GET]

ActionController::RoutingError (No route matches "/voter/show" with {:method=>:get}):
  -e:2:in `load'
  -e:2

Rendering rescues/layout (not_found)


Processing HomeController#index (for 127.0.0.1 at 2009-12-01 20:07:54) [GET]
Rendering template within layouts/application
Rendering home/index
Completed in 15ms (View: 0, DB: 0) | 200 OK [http://localhost/]


Processing ApplicationController#index (for 127.0.0.1 at 2009-12-01 20:07:58) [GET]

ActionController::RoutingError (No route matches "/group" with {:method=>:get}):
  -e:2:in `load'
  -e:2

Rendering rescues/layout (not_found)


Processing ApplicationController#index (for 127.0.0.1 at 2009-12-01 20:08:25) [GET]

ActionController::RoutingError (No route matches "/group" with {:method=>:get}):
  -e:2:in `load'
  -e:2

Rendering rescues/layout (not_found)


Processing ApplicationController#index (for 127.0.0.1 at 2009-12-01 20:08:30) [GET]

ActionController::RoutingError (No route matches "/group/show" with {:method=>:get}):
  -e:2:in `load'
  -e:2

Rendering rescues/layout (not_found)


Processing ApplicationController#index (for 127.0.0.1 at 2009-12-01 20:11:33) [GET]

ActionController::RoutingError (No route matches "/group/create" with {:method=>:get}):
  -e:2:in `load'
  -e:2

Rendering rescues/layout (not_found)


Processing HomeController#index (for 127.0.0.1 at 2009-12-01 20:13:15) [GET]
Rendering template within layouts/application
Rendering home/index
Completed in 0ms (View: 0, DB: 0) | 200 OK [http://127.0.0.1/]


Processing GroupsController#index (for 127.0.0.1 at 2009-12-01 20:13:26) [GET]
  [4;35;1mGroup Load (0.0ms)[0m   [0mSELECT * FROM "groups" [0m
Rendering template within layouts/groups
Rendering groups/index

ActionView::TemplateError (undefined method `gid' for #<Group:0x490a6ec>) on line #11 of app/views/groups/index.html.erb:
8: 
9: <% @groups.each do |group| %>
10:   <tr>
11:     <td><%=h group.gid %></td>
12:     <td><%=h group.gname %></td>
13:     <td><%= link_to 'Show', group %></td>
14:     <td><%= link_to 'Edit', edit_group_path(group) %></td>

    app/views/groups/index.html.erb:11
    app/views/groups/index.html.erb:9:in `each'
    app/views/groups/index.html.erb:9
    app/controllers/groups_controller.rb:7:in `index'
    -e:2:in `load'
    -e:2

Rendered rescues/_trace (156.0ms)
Rendered rescues/_request_and_response (0.0ms)
Rendering rescues/layout (internal_server_error)


Processing ApplicationController#show (for 127.0.0.1 at 2009-12-01 20:14:33) [GET]
  Parameters: {"id"=>"index"}

SyntaxError (D:/Documents and Settings/keying/Desktop/Voting/app/controllers/groups_controller.rb:35: syntax error, unexpected $end, expecting kEND):
  -e:2:in `load'
  -e:2

Rendered rescues/_trace (47.0ms)
Rendered rescues/_request_and_response (0.0ms)
Rendering rescues/layout (internal_server_error)


Processing ApplicationController#index (for 127.0.0.1 at 2009-12-01 20:14:38) [GET]

SyntaxError (D:/Documents and Settings/keying/Desktop/Voting/app/controllers/groups_controller.rb:35: syntax error, unexpected $end, expecting kEND):
  -e:2:in `load'
  -e:2

Rendered rescues/_trace (47.0ms)
Rendered rescues/_request_and_response (0.0ms)
Rendering rescues/layout (internal_server_error)


Processing ApplicationController#index (for 127.0.0.1 at 2009-12-01 20:14:40) [GET]

SyntaxError (D:/Documents and Settings/keying/Desktop/Voting/app/controllers/groups_controller.rb:35: syntax error, unexpected $end, expecting kEND):
  -e:2:in `load'
  -e:2

Rendered rescues/_trace (141.0ms)
Rendered rescues/_request_and_response (0.0ms)
Rendering rescues/layout (internal_server_error)


Processing ApplicationController#index (for 127.0.0.1 at 2009-12-01 20:14:47) [GET]

SyntaxError (D:/Documents and Settings/keying/Desktop/Voting/app/controllers/groups_controller.rb:35: syntax error, unexpected $end, expecting kEND):
  -e:2:in `load'
  -e:2

Rendered rescues/_trace (47.0ms)
Rendered rescues/_request_and_response (0.0ms)
Rendering rescues/layout (internal_server_error)


Processing ApplicationController#index (for 127.0.0.1 at 2009-12-01 20:15:32) [GET]

SyntaxError (D:/Documents and Settings/keying/Desktop/Voting/app/controllers/groups_controller.rb:35: syntax error, unexpected $end, expecting kEND):
  -e:2:in `load'
  -e:2

Rendered rescues/_trace (47.0ms)
Rendered rescues/_request_and_response (0.0ms)
Rendering rescues/layout (internal_server_error)


Processing ApplicationController#index (for 127.0.0.1 at 2009-12-01 20:17:44) [GET]

SyntaxError (D:/Documents and Settings/keying/Desktop/Voting/app/controllers/groups_controller.rb:35: syntax error, unexpected $end, expecting kEND):
  -e:2:in `load'
  -e:2

Rendered rescues/_trace (140.0ms)
Rendered rescues/_request_and_response (0.0ms)
Rendering rescues/layout (internal_server_error)


Processing ApplicationController#index (for 127.0.0.1 at 2009-12-01 20:17:46) [GET]

SyntaxError (D:/Documents and Settings/keying/Desktop/Voting/app/controllers/groups_controller.rb:35: syntax error, unexpected $end, expecting kEND):
  -e:2:in `load'
  -e:2

Rendered rescues/_trace (47.0ms)
Rendered rescues/_request_and_response (0.0ms)
Rendering rescues/layout (internal_server_error)


Processing GroupsController#index (for 127.0.0.1 at 2009-12-01 20:19:09) [GET]
  [4;36;1mGroup Load (0.0ms)[0m   [0;1mSELECT * FROM "groups" [0m
Rendering template within layouts/groups
Rendering groups/index
Completed in 16ms (View: 16, DB: 0) | 200 OK [http://127.0.0.1/groups]


Processing GroupsController#index (for 127.0.0.1 at 2009-12-01 20:19:36) [GET]
  [4;35;1mGroup Load (0.0ms)[0m   [0mSELECT * FROM "groups" [0m
Rendering template within layouts/groups
Rendering groups/index
Completed in 15ms (View: 0, DB: 0) | 200 OK [http://127.0.0.1/groups]


Processing GroupsController#index (for 127.0.0.1 at 2009-12-01 20:19:55) [GET]
  [4;36;1mGroup Load (0.0ms)[0m   [0;1mSELECT * FROM "groups" [0m
Rendering template within layouts/groups
Rendering groups/index
Completed in 15ms (View: 0, DB: 0) | 200 OK [http://127.0.0.1/groups]


Processing GroupsController#show (for 127.0.0.1 at 2009-12-01 20:23:01) [GET]
  Parameters: {"id"=>"show"}
  [4;35;1mGroup Load (0.0ms)[0m   [0mSELECT * FROM "groups" WHERE ("groups"."id" = 0) [0m

ActiveRecord::RecordNotFound (Couldn't find Group with ID=show):
  app/controllers/groups_controller.rb:16:in `show'
  -e:2:in `load'
  -e:2

Rendered rescues/_trace (125.0ms)
Rendered rescues/_request_and_response (0.0ms)
Rendering rescues/layout (not_found)


Processing GroupsController#index (for 127.0.0.1 at 2009-12-01 20:23:41) [GET]
  [4;36;1mGroup Load (0.0ms)[0m   [0;1mSELECT * FROM "groups" [0m
Rendering template within layouts/groups
Rendering groups/index
Completed in 16ms (View: 0, DB: 0) | 200 OK [http://127.0.0.1/groups]


Processing GroupsController#index (for 127.0.0.1 at 2009-12-01 20:25:51) [GET]
  [4;35;1mGroup Load (0.0ms)[0m   [0mSELECT * FROM "groups" [0m
Rendering template within layouts/groups
Rendering groups/index
Completed in 31ms (View: 15, DB: 0) | 200 OK [http://127.0.0.1/groups]


Processing GroupsController#index (for 127.0.0.1 at 2009-12-01 20:26:29) [GET]
  [4;36;1mGroup Load (0.0ms)[0m   [0;1mSELECT * FROM "groups" [0m
Rendering template within layouts/groups
Rendering groups/index
Completed in 15ms (View: 0, DB: 0) | 200 OK [http://127.0.0.1/groups]


Processing GroupsController#index (for 127.0.0.1 at 2009-12-01 20:26:32) [GET]
  [4;35;1mGroup Load (0.0ms)[0m   [0mSELECT * FROM "groups" [0m
Rendering template within layouts/groups
Rendering groups/index
Completed in 16ms (View: 16, DB: 0) | 200 OK [http://127.0.0.1/groups]


Processing GroupsController#index (for 127.0.0.1 at 2009-12-01 20:27:03) [GET]
  [4;36;1mGroup Load (0.0ms)[0m   [0;1mSELECT * FROM "groups" [0m
Rendering template within layouts/groups
Rendering groups/index
Completed in 15ms (View: 15, DB: 0) | 200 OK [http://127.0.0.1/groups]


Processing GroupsController#index (for 127.0.0.1 at 2009-12-01 20:27:45) [GET]
  [4;35;1mGroup Load (0.0ms)[0m   [0mSELECT * FROM "groups" [0m
Rendering template within layouts/groups
Rendering groups/index
Completed in 141ms (View: 125, DB: 0) | 200 OK [http://127.0.0.1/groups]


Processing GroupsController#index (for 127.0.0.1 at 2009-12-01 20:31:21) [GET]
  [4;36;1mGroup Load (0.0ms)[0m   [0;1mSELECT * FROM "groups" [0m
Rendering template within layouts/groups
Rendering groups/index
Completed in 16ms (View: 16, DB: 0) | 200 OK [http://127.0.0.1/groups]


Processing GroupsController#index (for 127.0.0.1 at 2009-12-01 20:33:09) [GET]
  [4;35;1mGroup Load (0.0ms)[0m   [0mSELECT * FROM "groups" [0m
Rendering template within layouts/groups
Rendering groups/index
Completed in 31ms (View: 16, DB: 0) | 200 OK [http://127.0.0.1/groups]


Processing GroupsController#index (for 127.0.0.1 at 2009-12-01 20:33:44) [GET]
  [4;36;1mGroup Load (0.0ms)[0m   [0;1mSELECT * FROM "groups" [0m
Rendering template within layouts/groups
Rendering groups/index
Completed in 16ms (View: 0, DB: 0) | 200 OK [http://127.0.0.1/groups]
  [4;36;1mSQL (0.0ms)[0m   [0;1m SELECT name
 FROM sqlite_master
 WHERE type = 'table' AND NOT name = 'sqlite_sequence'
[0m
  [4;35;1mSQL (0.0ms)[0m   [0mSELECT version FROM schema_migrations[0m
  [4;36;1mSQL (0.0ms)[0m   [0;1m SELECT name
 FROM sqlite_master
 WHERE type = 'table' AND NOT name = 'sqlite_sequence'
[0m
  [4;35;1mSQL (0.0ms)[0m   [0mSELECT version FROM schema_migrations[0m
Migrating to CreateCandidates (20091202002738)
  [4;36;1mSQL (0.0ms)[0m   [0;1mselect sqlite_version(*)[0m
  [4;35;1mSQL (0.0ms)[0m   [0mDROP TABLE "candidates"[0m
  [4;36;1mSQL (0.0ms)[0m   [0;1mDELETE FROM schema_migrations WHERE version = '20091202002738'[0m
  [4;35;1mSQL (0.0ms)[0m   [0m SELECT name
 FROM sqlite_master
 WHERE type = 'table' AND NOT name = 'sqlite_sequence'
[0m
  [4;36;1mSQL (0.0ms)[0m   [0;1mSELECT version FROM schema_migrations[0m
  [4;35;1mSQL (0.0ms)[0m   [0m SELECT name
 FROM sqlite_master
 WHERE type = 'table' AND NOT name = 'sqlite_sequence'
[0m
  [4;36;1mSQL (0.0ms)[0m   [0;1mPRAGMA index_list("ballots")[0m
  [4;35;1mSQL (0.0ms)[0m   [0mPRAGMA index_list("events")[0m
  [4;36;1mSQL (0.0ms)[0m   [0;1mPRAGMA index_list("gadmins")[0m
  [4;35;1mSQL (0.0ms)[0m   [0mPRAGMA index_list("groups")[0m
  [4;36;1mSQL (0.0ms)[0m   [0;1mPRAGMA index_list("users")[0m
  [4;35;1mSQL (0.0ms)[0m   [0mPRAGMA index_list("voters")[0m
  [4;36;1mSQL (0.0ms)[0m   [0;1m SELECT name
 FROM sqlite_master
 WHERE type = 'table' AND NOT name = 'sqlite_sequence'
[0m
  [4;35;1mSQL (0.0ms)[0m   [0mSELECT version FROM schema_migrations[0m
  [4;36;1mSQL (0.0ms)[0m   [0;1m SELECT name
 FROM sqlite_master
 WHERE type = 'table' AND NOT name = 'sqlite_sequence'
[0m
  [4;35;1mSQL (0.0ms)[0m   [0mSELECT version FROM schema_migrations[0m
Migrating to CreateGadmins (20091121194026)
  [4;36;1mSQL (0.0ms)[0m   [0;1mselect sqlite_version(*)[0m
  [4;35;1mSQL (0.0ms)[0m   [0mDROP TABLE "gadmins"[0m
  [4;36;1mSQL (0.0ms)[0m   [0;1mDELETE FROM schema_migrations WHERE version = '20091121194026'[0m
  [4;35;1mSQL (0.0ms)[0m   [0m SELECT name
 FROM sqlite_master
 WHERE type = 'table' AND NOT name = 'sqlite_sequence'
[0m
  [4;36;1mSQL (0.0ms)[0m   [0;1mSELECT version FROM schema_migrations[0m
  [4;35;1mSQL (0.0ms)[0m   [0m SELECT name
 FROM sqlite_master
 WHERE type = 'table' AND NOT name = 'sqlite_sequence'
[0m
  [4;36;1mSQL (0.0ms)[0m   [0;1mPRAGMA index_list("ballots")[0m
  [4;35;1mSQL (0.0ms)[0m   [0mPRAGMA index_list("events")[0m
  [4;36;1mSQL (0.0ms)[0m   [0;1mPRAGMA index_list("groups")[0m
  [4;35;1mSQL (0.0ms)[0m   [0mPRAGMA index_list("users")[0m
  [4;36;1mSQL (0.0ms)[0m   [0;1mPRAGMA index_list("voters")[0m
  [4;36;1mSQL (0.0ms)[0m   [0;1m SELECT name
 FROM sqlite_master
 WHERE type = 'table' AND NOT name = 'sqlite_sequence'
[0m
  [4;35;1mSQL (0.0ms)[0m   [0mSELECT version FROM schema_migrations[0m
  [4;36;1mSQL (0.0ms)[0m   [0;1m SELECT name
 FROM sqlite_master
 WHERE type = 'table' AND NOT name = 'sqlite_sequence'
[0m
  [4;35;1mSQL (0.0ms)[0m   [0mSELECT version FROM schema_migrations[0m
Migrating to CreateVoters (20091121193949)
  [4;36;1mSQL (0.0ms)[0m   [0;1mselect sqlite_version(*)[0m
  [4;35;1mSQL (0.0ms)[0m   [0mDROP TABLE "voters"[0m
  [4;36;1mSQL (0.0ms)[0m   [0;1mDELETE FROM schema_migrations WHERE version = '20091121193949'[0m
  [4;35;1mSQL (0.0ms)[0m   [0m SELECT name
 FROM sqlite_master
 WHERE type = 'table' AND NOT name = 'sqlite_sequence'
[0m
  [4;36;1mSQL (0.0ms)[0m   [0;1mSELECT version FROM schema_migrations[0m
  [4;35;1mSQL (0.0ms)[0m   [0m SELECT name
 FROM sqlite_master
 WHERE type = 'table' AND NOT name = 'sqlite_sequence'
[0m
  [4;36;1mSQL (0.0ms)[0m   [0;1mPRAGMA index_list("ballots")[0m
  [4;35;1mSQL (0.0ms)[0m   [0mPRAGMA index_list("events")[0m
  [4;36;1mSQL (0.0ms)[0m   [0;1mPRAGMA index_list("groups")[0m
  [4;35;1mSQL (0.0ms)[0m   [0mPRAGMA index_list("users")[0m
  [4;36;1mSQL (0.0ms)[0m   [0;1m SELECT name
 FROM sqlite_master
 WHERE type = 'table' AND NOT name = 'sqlite_sequence'
[0m
  [4;35;1mSQL (0.0ms)[0m   [0mSELECT version FROM schema_migrations[0m
  [4;36;1mSQL (0.0ms)[0m   [0;1m SELECT name
 FROM sqlite_master
 WHERE type = 'table' AND NOT name = 'sqlite_sequence'
[0m
  [4;35;1mSQL (0.0ms)[0m   [0mSELECT version FROM schema_migrations[0m
Migrating to CreateEvents (20091121193304)
  [4;36;1mSQL (0.0ms)[0m   [0;1mselect sqlite_version(*)[0m
  [4;35;1mSQL (0.0ms)[0m   [0mDROP TABLE "events"[0m
  [4;36;1mSQL (0.0ms)[0m   [0;1mDELETE FROM schema_migrations WHERE version = '20091121193304'[0m
  [4;35;1mSQL (0.0ms)[0m   [0m SELECT name
 FROM sqlite_master
 WHERE type = 'table' AND NOT name = 'sqlite_sequence'
[0m
  [4;36;1mSQL (0.0ms)[0m   [0;1mSELECT version FROM schema_migrations[0m
  [4;35;1mSQL (0.0ms)[0m   [0m SELECT name
 FROM sqlite_master
 WHERE type = 'table' AND NOT name = 'sqlite_sequence'
[0m
  [4;36;1mSQL (0.0ms)[0m   [0;1mPRAGMA index_list("ballots")[0m
  [4;35;1mSQL (0.0ms)[0m   [0mPRAGMA index_list("groups")[0m
  [4;36;1mSQL (0.0ms)[0m   [0;1mPRAGMA index_list("users")[0m
  [4;36;1mSQL (0.0ms)[0m   [0;1m SELECT name
 FROM sqlite_master
 WHERE type = 'table' AND NOT name = 'sqlite_sequence'
[0m
  [4;35;1mSQL (0.0ms)[0m   [0mSELECT version FROM schema_migrations[0m
  [4;36;1mSQL (0.0ms)[0m   [0;1m SELECT name
 FROM sqlite_master
 WHERE type = 'table' AND NOT name = 'sqlite_sequence'
[0m
  [4;35;1mSQL (0.0ms)[0m   [0mSELECT version FROM schema_migrations[0m
Migrating to CreateBallots (20091121191422)
  [4;36;1mSQL (0.0ms)[0m   [0;1mselect sqlite_version(*)[0m
  [4;35;1mSQL (0.0ms)[0m   [0mDROP TABLE "ballots"[0m
  [4;36;1mSQL (0.0ms)[0m   [0;1mDELETE FROM schema_migrations WHERE version = '20091121191422'[0m
  [4;35;1mSQL (0.0ms)[0m   [0m SELECT name
 FROM sqlite_master
 WHERE type = 'table' AND NOT name = 'sqlite_sequence'
[0m
  [4;36;1mSQL (0.0ms)[0m   [0;1mSELECT version FROM schema_migrations[0m
  [4;35;1mSQL (0.0ms)[0m   [0m SELECT name
 FROM sqlite_master
 WHERE type = 'table' AND NOT name = 'sqlite_sequence'
[0m
  [4;36;1mSQL (0.0ms)[0m   [0;1mPRAGMA index_list("groups")[0m
  [4;35;1mSQL (0.0ms)[0m   [0mPRAGMA index_list("users")[0m
  [4;36;1mSQL (0.0ms)[0m   [0;1m SELECT name
 FROM sqlite_master
 WHERE type = 'table' AND NOT name = 'sqlite_sequence'
[0m
  [4;35;1mSQL (0.0ms)[0m   [0mSELECT version FROM schema_migrations[0m
  [4;36;1mSQL (0.0ms)[0m   [0;1m SELECT name
 FROM sqlite_master
 WHERE type = 'table' AND NOT name = 'sqlite_sequence'
[0m
  [4;35;1mSQL (0.0ms)[0m   [0mSELECT version FROM schema_migrations[0m
Migrating to CreateGroups (20091121190959)
  [4;36;1mSQL (0.0ms)[0m   [0;1mselect sqlite_version(*)[0m
  [4;35;1mSQL (0.0ms)[0m   [0mDROP TABLE "groups"[0m
  [4;36;1mSQL (0.0ms)[0m   [0;1mDELETE FROM schema_migrations WHERE version = '20091121190959'[0m
  [4;35;1mSQL (0.0ms)[0m   [0m SELECT name
 FROM sqlite_master
 WHERE type = 'table' AND NOT name = 'sqlite_sequence'
[0m
  [4;36;1mSQL (0.0ms)[0m   [0;1mSELECT version FROM schema_migrations[0m
  [4;35;1mSQL (0.0ms)[0m   [0m SELECT name
 FROM sqlite_master
 WHERE type = 'table' AND NOT name = 'sqlite_sequence'
[0m
  [4;36;1mSQL (0.0ms)[0m   [0;1mPRAGMA index_list("users")[0m
  [4;36;1mSQL (16.0ms)[0m   [0;1m SELECT name
 FROM sqlite_master
 WHERE type = 'table' AND NOT name = 'sqlite_sequence'
[0m
  [4;35;1mSQL (0.0ms)[0m   [0mSELECT version FROM schema_migrations[0m
Migrating to CreateUsers (20091018163815)
Migrating to CreateGroups (20091121190959)
  [4;36;1mSQL (0.0ms)[0m   [0;1mselect sqlite_version(*)[0m
  [4;35;1mSQL (0.0ms)[0m   [0mCREATE TABLE "groups" ("id" INTEGER PRIMARY KEY AUTOINCREMENT NOT NULL, "gname" varchar(255), "public" integer, "description" varchar(255), "created_at" datetime, "updated_at" datetime) [0m
  [4;36;1mSQL (0.0ms)[0m   [0;1mINSERT INTO schema_migrations (version) VALUES ('20091121190959')[0m
Migrating to CreateBallots (20091121191422)
  [4;35;1mSQL (0.0ms)[0m   [0mCREATE TABLE "ballots" ("id" INTEGER PRIMARY KEY AUTOINCREMENT NOT NULL, "group_id" integer, "event_id" integer, "rstring" varchar(255), "created_at" datetime, "updated_at" datetime) [0m
  [4;36;1mSQL (0.0ms)[0m   [0;1mINSERT INTO schema_migrations (version) VALUES ('20091121191422')[0m
Migrating to CreateEvents (20091121193304)
  [4;35;1mSQL (0.0ms)[0m   [0mCREATE TABLE "events" ("id" INTEGER PRIMARY KEY AUTOINCREMENT NOT NULL, "group_id" integer, "ename" varchar(255), "edescription" varchar(255), "start_date" datetime, "end_date" datetime, "created_at" datetime, "updated_at" datetime) [0m
  [4;36;1mSQL (0.0ms)[0m   [0;1mINSERT INTO schema_migrations (version) VALUES ('20091121193304')[0m
Migrating to CreateVoters (20091121193949)
  [4;35;1mSQL (0.0ms)[0m   [0mCREATE TABLE "voters" ("id" INTEGER PRIMARY KEY AUTOINCREMENT NOT NULL, "user_id" integer, "group_id" integer, "vflag" decimal, "created_at" datetime, "updated_at" datetime) [0m
  [4;36;1mSQL (0.0ms)[0m   [0;1mINSERT INTO schema_migrations (version) VALUES ('20091121193949')[0m
Migrating to CreateGadmins (20091121194026)
  [4;35;1mSQL (0.0ms)[0m   [0mCREATE TABLE "gadmins" ("id" INTEGER PRIMARY KEY AUTOINCREMENT NOT NULL, "user_id" integer, "group_id" integer, "created_at" datetime, "updated_at" datetime) [0m
  [4;36;1mSQL (0.0ms)[0m   [0;1mINSERT INTO schema_migrations (version) VALUES ('20091121194026')[0m
Migrating to CreateCandidates (20091202002738)
  [4;35;1mSQL (0.0ms)[0m   [0mCREATE TABLE "candidates" ("id" INTEGER PRIMARY KEY AUTOINCREMENT NOT NULL, "lname" varchar(255), "fname" varchar(255), "title" varchar(255), "description" varchar(255), "created_at" datetime, "updated_at" datetime) [0m
  [4;36;1mSQL (0.0ms)[0m   [0;1mINSERT INTO schema_migrations (version) VALUES ('20091202002738')[0m
  [4;35;1mSQL (0.0ms)[0m   [0m SELECT name
 FROM sqlite_master
 WHERE type = 'table' AND NOT name = 'sqlite_sequence'
[0m
  [4;36;1mSQL (0.0ms)[0m   [0;1mSELECT version FROM schema_migrations[0m
  [4;35;1mSQL (0.0ms)[0m   [0m SELECT name
 FROM sqlite_master
 WHERE type = 'table' AND NOT name = 'sqlite_sequence'
[0m
  [4;36;1mSQL (0.0ms)[0m   [0;1mPRAGMA index_list("ballots")[0m
  [4;35;1mSQL (0.0ms)[0m   [0mPRAGMA index_list("candidates")[0m
  [4;36;1mSQL (0.0ms)[0m   [0;1mPRAGMA index_list("events")[0m
  [4;35;1mSQL (0.0ms)[0m   [0mPRAGMA index_list("gadmins")[0m
  [4;36;1mSQL (0.0ms)[0m   [0;1mPRAGMA index_list("groups")[0m
  [4;35;1mSQL (0.0ms)[0m   [0mPRAGMA index_list("users")[0m
  [4;36;1mSQL (0.0ms)[0m   [0;1mPRAGMA index_list("voters")[0m
  [4;35;1mUser Load (0.0ms)[0m   [0mSQLite3::SQLException: database schema has changed: SELECT * FROM "users" [0m
  [4;36;1mUser Load (0.0ms)[0m   [0;1mSELECT * FROM "users" [0m
  [4;35;1mGroup Load (0.0ms)[0m   [0mSELECT * FROM "groups" [0m
  [4;36;1mGroup Create (0.0ms)[0m   [0;1mINSERT INTO "groups" ("gname", "updated_at", "public", "created_at") VALUES('GSA', '2009-12-02 01:37:08', 1, '2009-12-02 01:37:08')[0m
  [4;35;1mGroup Create (16.0ms)[0m   [0mINSERT INTO "groups" ("gname", "updated_at", "public", "created_at") VALUES('boxing', '2009-12-02 01:37:10', 0, '2009-12-02 01:37:10')[0m


Processing GroupsController#index (for 127.0.0.1 at 2009-12-01 20:38:29) [GET]
  [4;35;1mGroup Load (0.0ms)[0m   [0mSELECT * FROM "groups" [0m
Rendering template within layouts/groups
Rendering groups/index

ActionView::TemplateError (undefined method `name' for #<Group:0x4a5d580>) on line #8 of app/views/groups/index.html.erb:
5: <% @groups.each do |group| %>
6:  
7:   <tr>
8:     <td><%=h group.name %></td>
9:   </tr>
10: 
11: <% end %>

    app/views/groups/index.html.erb:8
    app/views/groups/index.html.erb:5:in `each'
    app/views/groups/index.html.erb:5
    app/controllers/groups_controller.rb:7:in `index'
    -e:2:in `load'
    -e:2

Rendered rescues/_trace (78.0ms)
Rendered rescues/_request_and_response (0.0ms)
Rendering rescues/layout (internal_server_error)


Processing GroupsController#index (for 127.0.0.1 at 2009-12-01 20:38:39) [GET]
  [4;36;1mGroup Load (0.0ms)[0m   [0;1mSELECT * FROM "groups" [0m
Rendering template within layouts/groups
Rendering groups/index
Completed in 31ms (View: 15, DB: 0) | 200 OK [http://127.0.0.1/groups]


Processing GroupsController#index (for 127.0.0.1 at 2009-12-01 20:47:53) [GET]
  [4;35;1mGroup Load (0.0ms)[0m   [0mSELECT * FROM "groups" [0m
Rendering template within layouts/groups
Rendering groups/index
Completed in 16ms (View: 16, DB: 0) | 200 OK [http://127.0.0.1/groups]


Processing GroupsController#index (for 127.0.0.1 at 2009-12-01 20:49:28) [GET]
  [4;36;1mGroup Load (0.0ms)[0m   [0;1mSELECT * FROM "groups" [0m
Rendering template within layouts/groups
Rendering groups/index
Completed in 16ms (View: 16, DB: 0) | 200 OK [http://127.0.0.1/groups]


Processing GroupsController#index (for 127.0.0.1 at 2009-12-01 20:51:31) [GET]
  [4;35;1mGroup Load (0.0ms)[0m   [0mSELECT * FROM "groups" [0m
Rendering template within layouts/groups
Rendering groups/index
Completed in 16ms (View: 16, DB: 0) | 200 OK [http://127.0.0.1/groups]


Processing GroupsController#index (for 127.0.0.1 at 2009-12-01 20:51:59) [GET]
  [4;36;1mGroup Load (0.0ms)[0m   [0;1mSELECT * FROM "groups" [0m
Rendering template within layouts/groups
Rendering groups/index
Completed in 16ms (View: 0, DB: 0) | 200 OK [http://127.0.0.1/groups]
  [4;36;1mGroup Create (0.0ms)[0m   [0;1mINSERT INTO "groups" ("gname", "updated_at", "public", "description", "created_at") VALUES('climbing', '2009-12-02 01:53:39', 1, 'It is fun to climb!', '2009-12-02 01:53:39')[0m


Processing GroupsController#index (for 127.0.0.1 at 2009-12-01 20:53:45) [GET]
  [4;35;1mGroup Load (0.0ms)[0m   [0mSELECT * FROM "groups" [0m
Rendering template within layouts/groups
Rendering groups/index
Completed in 15ms (View: 0, DB: 0) | 200 OK [http://127.0.0.1/groups]


Processing GroupsController#index (for 127.0.0.1 at 2009-12-01 20:54:47) [GET]
  [4;36;1mGroup Load (0.0ms)[0m   [0;1mSELECT * FROM "groups" [0m
Rendering template within layouts/groups
Rendering groups/index
Completed in 62ms (View: 47, DB: 0) | 200 OK [http://127.0.0.1/groups]


Processing GroupsController#index (for 127.0.0.1 at 2009-12-01 20:55:29) [GET]
  [4;35;1mGroup Load (0.0ms)[0m   [0mSELECT * FROM "groups" [0m
Rendering template within layouts/groups
Rendering groups/index

ActionView::TemplateError (undefined method `h2' for #<ActionView::Base:0x4ba7224>) on line #10 of app/views/groups/index.html.erb:
7: <% @groups.each do |group| %>
8:  <% if (group.public == 1) %>
9:   <tr>
10:     <td><%=h2 group.gname %></td>
11: 	<td><%=h group.description %></td>
12:   </tr>
13:   <%end%>

    app/views/groups/index.html.erb:10
    app/views/groups/index.html.erb:7:in `each'
    app/views/groups/index.html.erb:7
    app/controllers/groups_controller.rb:7:in `index'
    -e:2:in `load'
    -e:2

Rendered rescues/_trace (63.0ms)
Rendered rescues/_request_and_response (0.0ms)
Rendering rescues/layout (internal_server_error)


Processing GroupsController#index (for 127.0.0.1 at 2009-12-01 20:58:48) [GET]
  [4;36;1mGroup Load (0.0ms)[0m   [0;1mSELECT * FROM "groups" [0m
Rendering template within layouts/groups
Rendering groups/index
Completed in 15ms (View: 15, DB: 0) | 200 OK [http://127.0.0.1/groups]


Processing GroupsController#index (for 127.0.0.1 at 2009-12-01 20:59:07) [GET]
  [4;35;1mGroup Load (0.0ms)[0m   [0mSELECT * FROM "groups" [0m
Rendering template within layouts/groups
Rendering groups/index
Completed in 78ms (View: 47, DB: 0) | 200 OK [http://127.0.0.1/groups]


Processing GroupsController#index (for 127.0.0.1 at 2009-12-01 20:59:29) [GET]
  [4;36;1mGroup Load (0.0ms)[0m   [0;1mSELECT * FROM "groups" [0m
Rendering template within layouts/groups
Rendering groups/index
Completed in 109ms (View: 93, DB: 0) | 200 OK [http://127.0.0.1/groups]


Processing GroupsController#index (for 127.0.0.1 at 2009-12-01 21:00:55) [GET]
  [4;35;1mGroup Load (0.0ms)[0m   [0mSELECT * FROM "groups" [0m
Rendering template within layouts/groups
Rendering groups/index
Completed in 16ms (View: 0, DB: 0) | 200 OK [http://127.0.0.1/groups]


Processing GroupsController#index (for 127.0.0.1 at 2009-12-01 21:02:16) [GET]
  [4;36;1mGroup Load (0.0ms)[0m   [0;1mSELECT * FROM "groups" [0m
Rendering template within layouts/groups
Rendering groups/index
Completed in 16ms (View: 0, DB: 0) | 200 OK [http://127.0.0.1/groups]


Processing EventsController#index (for 127.0.0.1 at 2009-12-01 21:14:38) [GET]

NameError (uninitialized constant EventsController::Events):
  app/controllers/events_controller.rb:5:in `index'
  -e:2:in `load'
  -e:2

Rendered rescues/_trace (63.0ms)
Rendered rescues/_request_and_response (0.0ms)
Rendering rescues/layout (internal_server_error)


Processing EventsController#index (for 127.0.0.1 at 2009-12-01 21:15:50) [GET]

NameError (uninitialized constant EventsController::Events):
  app/controllers/events_controller.rb:5:in `index'
  -e:2:in `load'
  -e:2

Rendered rescues/_trace (63.0ms)
Rendered rescues/_request_and_response (0.0ms)
Rendering rescues/layout (internal_server_error)


Processing EventsController#index (for 127.0.0.1 at 2009-12-01 21:16:15) [GET]

NameError (uninitialized constant EventsController::Events):
  app/controllers/events_controller.rb:5:in `index'
  -e:2:in `load'
  -e:2

Rendered rescues/_trace (46.0ms)
Rendered rescues/_request_and_response (0.0ms)
Rendering rescues/layout (internal_server_error)


Processing EventsController#index (for 127.0.0.1 at 2009-12-01 21:17:09) [GET]

NameError (uninitialized constant EventsController::Events):
  app/controllers/events_controller.rb:5:in `index'
  -e:2:in `load'
  -e:2

Rendered rescues/_trace (47.0ms)
Rendered rescues/_request_and_response (0.0ms)
Rendering rescues/layout (internal_server_error)


Processing EventsController#index (for 127.0.0.1 at 2009-12-01 21:18:44) [GET]

NameError (uninitialized constant EventsController::Events):
  app/controllers/events_controller.rb:5:in `index'
  -e:2:in `load'
  -e:2

Rendered rescues/_trace (47.0ms)
Rendered rescues/_request_and_response (0.0ms)
Rendering rescues/layout (internal_server_error)


Processing EventsController#index (for 127.0.0.1 at 2009-12-01 21:19:55) [GET]

NameError (uninitialized constant EventsController::Events):
  app/controllers/events_controller.rb:5:in `index'
  -e:2:in `load'
  -e:2

Rendered rescues/_trace (63.0ms)
Rendered rescues/_request_and_response (0.0ms)
Rendering rescues/layout (internal_server_error)


Processing HomeController#index (for 127.0.0.1 at 2009-12-01 21:25:07) [GET]
Rendering template within layouts/application
Rendering home/index
Completed in 15ms (View: 0, DB: 0) | 200 OK [http://127.0.0.1/]


Processing EventsController#index (for 127.0.0.1 at 2009-12-01 21:25:12) [GET]

NameError (uninitialized constant EventsController::Events):
  app/controllers/events_controller.rb:5:in `index'
  -e:2:in `load'
  -e:2

Rendered rescues/_trace (47.0ms)
Rendered rescues/_request_and_response (0.0ms)
Rendering rescues/layout (internal_server_error)


Processing EventsController#index (for 127.0.0.1 at 2009-12-01 21:25:14) [GET]

NameError (uninitialized constant EventsController::Events):
  app/controllers/events_controller.rb:5:in `index'
  -e:2:in `load'
  -e:2

Rendered rescues/_trace (125.0ms)
Rendered rescues/_request_and_response (0.0ms)
Rendering rescues/layout (internal_server_error)


Processing EventsController#index (for 127.0.0.1 at 2009-12-01 21:25:15) [GET]

NameError (uninitialized constant EventsController::Events):
  app/controllers/events_controller.rb:5:in `index'
  -e:2:in `load'
  -e:2

Rendered rescues/_trace (47.0ms)
Rendered rescues/_request_and_response (0.0ms)
Rendering rescues/layout (internal_server_error)


Processing GroupsController#index (for 127.0.0.1 at 2009-12-01 21:25:21) [GET]
  [4;35;1mGroup Load (0.0ms)[0m   [0mSELECT * FROM "groups" [0m
Rendering template within layouts/groups
Rendering groups/index
Completed in 16ms (View: 0, DB: 0) | 200 OK [http://127.0.0.1/groups]


Processing EventsController#index (for 127.0.0.1 at 2009-12-01 21:25:26) [GET]

NameError (uninitialized constant EventsController::Events):
  app/controllers/events_controller.rb:5:in `index'
  -e:2:in `load'
  -e:2

Rendered rescues/_trace (46.0ms)
Rendered rescues/_request_and_response (0.0ms)
Rendering rescues/layout (internal_server_error)


Processing EventsController#index (for 127.0.0.1 at 2009-12-01 21:26:27) [GET]

NameError (uninitialized constant EventsController::Events):
  app/controllers/events_controller.rb:5:in `index'
  -e:2:in `load'
  -e:2

Rendered rescues/_trace (125.0ms)
Rendered rescues/_request_and_response (0.0ms)
Rendering rescues/layout (internal_server_error)
  [4;35;1mEvent Create (0.0ms)[0m   [0mINSERT INTO "events" ("start_date", "end_date", "updated_at", "group_id", "edescription", "ename", "created_at") VALUES(NULL, NULL, '2009-12-02 02:29:27', 1, 'Pick your president by yourself!', 'Vote for President', '2009-12-02 02:29:27')[0m


Processing EventsController#index (for 127.0.0.1 at 2009-12-01 21:29:32) [GET]

NameError (uninitialized constant EventsController::Events):
  app/controllers/events_controller.rb:5:in `index'
  -e:2:in `load'
  -e:2

Rendered rescues/_trace (46.0ms)
Rendered rescues/_request_and_response (0.0ms)
Rendering rescues/layout (internal_server_error)
  [4;36;1mEvent Load (0.0ms)[0m   [0;1mSELECT * FROM "events" [0m


Processing EventsController#index (for 127.0.0.1 at 2009-12-01 21:31:35) [GET]

NameError (uninitialized constant EventsController::Events):
  app/controllers/events_controller.rb:5:in `index'
  -e:2:in `load'
  -e:2

Rendered rescues/_trace (47.0ms)
Rendered rescues/_request_and_response (0.0ms)
Rendering rescues/layout (internal_server_error)


Processing EventsController#index (for 127.0.0.1 at 2009-12-01 21:32:27) [GET]

NameError (uninitialized constant EventsController::Events):
  app/controllers/events_controller.rb:5:in `index'
  -e:2:in `load'
  -e:2

Rendered rescues/_trace (125.0ms)
Rendered rescues/_request_and_response (0.0ms)
Rendering rescues/layout (internal_server_error)


Processing EventsController#index (for 127.0.0.1 at 2009-12-01 21:32:39) [GET]

NameError (uninitialized constant EventsController::Events):
  app/controllers/events_controller.rb:5:in `index'
  -e:2:in `load'
  -e:2

Rendered rescues/_trace (47.0ms)
Rendered rescues/_request_and_response (0.0ms)
Rendering rescues/layout (internal_server_error)


Processing EventsController#index (for 127.0.0.1 at 2009-12-01 21:39:59) [GET]

NameError (uninitialized constant EventsController::Events):
  app/controllers/events_controller.rb:5:in `index'
  -e:2:in `load'
  -e:2

Rendered rescues/_trace (63.0ms)
Rendered rescues/_request_and_response (0.0ms)
Rendering rescues/layout (internal_server_error)


Processing HomeController#index (for 127.0.0.1 at 2009-12-01 21:40:05) [GET]
Rendering template within layouts/application
Rendering home/index
Completed in 16ms (View: 0, DB: 0) | 200 OK [http://127.0.0.1/]


Processing HomeController#index (for 127.0.0.1 at 2009-12-01 21:40:58) [GET]
Rendering template within layouts/application
Rendering home/index
Completed in 16ms (View: 0, DB: 0) | 200 OK [http://127.0.0.1/]


Processing HomeController#index (for 127.0.0.1 at 2009-12-01 21:41:00) [GET]
Rendering template within layouts/application
Rendering home/index
Completed in 0ms (View: 0, DB: 0) | 200 OK [http://127.0.0.1/]


Processing HomeController#index (for 127.0.0.1 at 2009-12-01 21:41:02) [GET]
Rendering template within layouts/application
Rendering home/index
Completed in 0ms (View: 0, DB: 0) | 200 OK [http://127.0.0.1/]


Processing HomeController#index (for 127.0.0.1 at 2009-12-01 21:44:00) [GET]
Rendering template within layouts/application
Rendering home/index
Completed in 15ms (View: 15, DB: 0) | 200 OK [http://127.0.0.1/]


Processing GroupsController#index (for 127.0.0.1 at 2009-12-01 21:44:01) [GET]
  [4;36;1mGroup Load (0.0ms)[0m   [0;1mSELECT * FROM "groups" [0m
Rendering template within layouts/groups
Rendering groups/index
Completed in 16ms (View: 16, DB: 0) | 200 OK [http://127.0.0.1/groups]


Processing HomeController#index (for 127.0.0.1 at 2009-12-01 21:44:02) [GET]
Rendering template within layouts/application
Rendering home/index
Completed in 16ms (View: 16, DB: 0) | 200 OK [http://127.0.0.1/]


Processing HomeController#index (for 127.0.0.1 at 2009-12-01 21:45:11) [GET]
Rendering template within layouts/application
Rendering home/index
Completed in 16ms (View: 16, DB: 0) | 200 OK [http://127.0.0.1/]


Processing EventsController#index (for 127.0.0.1 at 2009-12-01 21:45:13) [GET]

NameError (uninitialized constant EventsController::Events):
  app/controllers/events_controller.rb:5:in `index'
  -e:2:in `load'
  -e:2

Rendered rescues/_trace (47.0ms)
Rendered rescues/_request_and_response (0.0ms)
Rendering rescues/layout (internal_server_error)


Processing HomeController#index (for 127.0.0.1 at 2009-12-01 21:45:14) [GET]
Rendering template within layouts/application
Rendering home/index
Completed in 16ms (View: 16, DB: 0) | 200 OK [http://127.0.0.1/]


Processing ApplicationController#index (for 127.0.0.1 at 2009-12-01 21:45:15) [GET]

ActionController::RoutingError (No route matches "/candidate" with {:method=>:get}):
  -e:2:in `load'
  -e:2

Rendering rescues/layout (not_found)


Processing HomeController#index (for 127.0.0.1 at 2009-12-01 21:45:16) [GET]
Rendering template within layouts/application
Rendering home/index
Completed in 0ms (View: 0, DB: 0) | 200 OK [http://127.0.0.1/]


Processing GroupsController#index (for 127.0.0.1 at 2009-12-01 21:45:18) [GET]
  [4;35;1mGroup Load (0.0ms)[0m   [0mSELECT * FROM "groups" [0m
Rendering template within layouts/groups
Rendering groups/index
Completed in 47ms (View: 16, DB: 0) | 200 OK [http://127.0.0.1/groups]


Processing HomeController#index (for 127.0.0.1 at 2009-12-01 21:45:18) [GET]
Rendering template within layouts/application
Rendering home/index
Completed in 0ms (View: 0, DB: 0) | 200 OK [http://127.0.0.1/]


Processing HomeController#index (for 127.0.0.1 at 2009-12-01 21:47:16) [GET]
Rendering template within layouts/application
Rendering home/index
Completed in 16ms (View: 0, DB: 0) | 200 OK [http://127.0.0.1/]


Processing UserController#login (for 127.0.0.1 at 2009-12-01 21:47:19) [GET]
Exception occurred during reader method compilation.
Maybe admin? is not a valid Ruby identifier?
compile error
D:/Ruby/lib/ruby/gems/1.8/gems/activerecord-2.3.2/lib/active_record/attribute_methods.rb:211: syntax error, unexpected '?', expecting '\n' or ';'
def admin?=(new_value);write_attribute('admin?', new_value);end
          ^
D:/Ruby/lib/ruby/gems/1.8/gems/activerecord-2.3.2/lib/active_record/attribute_methods.rb:211: syntax error, unexpected kEND, expecting $end
def admin?=(new_value);write_attribute('admin?', new_value);end
                                                               ^
Exception occurred during reader method compilation.
Maybe admin? is not a valid Ruby identifier?
compile error
D:/Ruby/lib/ruby/gems/1.8/gems/activerecord-2.3.2/lib/active_record/attribute_methods.rb:211: syntax error, unexpected '?', expecting '\n' or ';'
def admin??; query_attribute('admin?'); end
           ^
D:/Ruby/lib/ruby/gems/1.8/gems/activerecord-2.3.2/lib/active_record/attribute_methods.rb:211: syntax error, unexpected kEND, expecting $end
def admin??; query_attribute('admin?'); end
                                           ^
Rendering template within layouts/application
Rendering user/login
Completed in 16ms (View: 0, DB: 0) | 200 OK [http://127.0.0.1/user/login]


Processing HomeController#index (for 127.0.0.1 at 2009-12-01 21:47:20) [GET]
Rendering template within layouts/application
Rendering home/index
Completed in 0ms (View: 0, DB: 0) | 200 OK [http://127.0.0.1/]


Processing HomeController#index (for 127.0.0.1 at 2009-12-01 21:47:39) [GET]
Rendering template within layouts/application
Rendering home/index
Completed in 16ms (View: 16, DB: 0) | 200 OK [http://127.0.0.1/]


Processing CandidatesController#index (for 127.0.0.1 at 2009-12-01 21:47:46) [GET]
  [4;36;1mCandidate Load (0.0ms)[0m   [0;1mSELECT * FROM "candidates" [0m
Rendering template within layouts/candidates
Rendering candidates/index
Completed in 125ms (View: 110, DB: 0) | 200 OK [http://127.0.0.1/candidates]


Processing HomeController#index (for 127.0.0.1 at 2009-12-01 21:47:51) [GET]
Rendering template within layouts/application
Rendering home/index
Completed in 0ms (View: 0, DB: 0) | 200 OK [http://127.0.0.1/]


Processing EventsController#index (for 127.0.0.1 at 2009-12-01 21:47:52) [GET]

NameError (uninitialized constant EventsController::Events):
  app/controllers/events_controller.rb:5:in `index'
  -e:2:in `load'
  -e:2

Rendered rescues/_trace (62.0ms)
Rendered rescues/_request_and_response (0.0ms)
Rendering rescues/layout (internal_server_error)


Processing HomeController#index (for 127.0.0.1 at 2009-12-01 21:47:53) [GET]
Rendering template within layouts/application
Rendering home/index
Completed in 15ms (View: 15, DB: 0) | 200 OK [http://127.0.0.1/]


Processing CandidatesController#index (for 127.0.0.1 at 2009-12-01 21:48:09) [GET]
  [4;35;1mCandidate Load (0.0ms)[0m   [0mSELECT * FROM "candidates" [0m
Rendering template within layouts/candidates
Rendering candidates/index
Completed in 16ms (View: 16, DB: 0) | 200 OK [http://127.0.0.1/candidates]


Processing HomeController#index (for 127.0.0.1 at 2009-12-01 21:48:11) [GET]
Rendering template within layouts/application
Rendering home/index
Completed in 0ms (View: 0, DB: 0) | 200 OK [http://127.0.0.1/]


Processing HomeController#index (for 127.0.0.1 at 2009-12-01 21:48:36) [GET]
Rendering template within layouts/application
Rendering home/index
Completed in 0ms (View: 0, DB: 0) | 200 OK [http://127.0.0.1/]


Processing CandidatesController#index (for 127.0.0.1 at 2009-12-01 21:48:37) [GET]
  [4;36;1mCandidate Load (0.0ms)[0m   [0;1mSELECT * FROM "candidates" [0m
Rendering template within layouts/candidates
Rendering candidates/index
Completed in 94ms (View: 47, DB: 0) | 200 OK [http://127.0.0.1/candidates]


Processing HomeController#index (for 127.0.0.1 at 2009-12-01 21:48:40) [GET]
Rendering template within layouts/application
Rendering home/index
Completed in 0ms (View: 0, DB: 0) | 200 OK [http://127.0.0.1/]


Processing EventsController#index (for 127.0.0.1 at 2009-12-01 21:48:42) [GET]

NameError (uninitialized constant EventsController::Events):
  app/controllers/events_controller.rb:5:in `index'
  -e:2:in `load'
  -e:2

Rendered rescues/_trace (46.0ms)
Rendered rescues/_request_and_response (0.0ms)
Rendering rescues/layout (internal_server_error)


Processing HomeController#index (for 127.0.0.1 at 2009-12-01 21:48:44) [GET]
Rendering template within layouts/application
Rendering home/index
Completed in 15ms (View: 0, DB: 0) | 200 OK [http://127.0.0.1/]


Processing ApplicationController#index (for 127.0.0.1 at 2009-12-01 21:49:42) [GET]

LoadError (Expected D:/Documents and Settings/keying/Desktop/Voting/app/controllers/events_controller.rb to define EventsController):
  -e:2:in `load'
  -e:2

Rendered rescues/_trace (47.0ms)
Rendered rescues/_request_and_response (0.0ms)
Rendering rescues/layout (internal_server_error)


Processing ApplicationController#index (for 127.0.0.1 at 2009-12-01 21:49:44) [GET]

LoadError (Expected D:/Documents and Settings/keying/Desktop/Voting/app/controllers/events_controller.rb to define EventsController):
  -e:2:in `load'
  -e:2

Rendered rescues/_trace (219.0ms)
Rendered rescues/_request_and_response (0.0ms)
Rendering rescues/layout (internal_server_error)


Processing HomeController#index (for 127.0.0.1 at 2009-12-01 21:49:47) [GET]
Rendering template within layouts/application
Rendering home/index
Completed in 0ms (View: 0, DB: 0) | 200 OK [http://127.0.0.1/]


Processing ApplicationController#index (for 127.0.0.1 at 2009-12-01 21:50:15) [GET]

SyntaxError (D:/Documents and Settings/keying/Desktop/Voting/app/controllers/events_controller.rb:13: syntax error, unexpected $end, expecting kEND):
  -e:2:in `load'
  -e:2

Rendered rescues/_trace (47.0ms)
Rendered rescues/_request_and_response (0.0ms)
Rendering rescues/layout (internal_server_error)


Processing HomeController#index (for 127.0.0.1 at 2009-12-01 21:50:16) [GET]
Rendering template within layouts/application
Rendering home/index
Completed in 16ms (View: 16, DB: 0) | 200 OK [http://127.0.0.1/]


Processing HomeController#index (for 127.0.0.1 at 2009-12-01 21:50:18) [GET]
Rendering template within layouts/application
Rendering home/index
Completed in 16ms (View: 0, DB: 0) | 200 OK [http://127.0.0.1/]


Processing ApplicationController#index (for 127.0.0.1 at 2009-12-01 21:50:19) [GET]

SyntaxError (D:/Documents and Settings/keying/Desktop/Voting/app/controllers/events_controller.rb:13: syntax error, unexpected $end, expecting kEND):
  -e:2:in `load'
  -e:2

Rendered rescues/_trace (47.0ms)
Rendered rescues/_request_and_response (0.0ms)
Rendering rescues/layout (internal_server_error)


Processing EventsController#index (for 127.0.0.1 at 2009-12-01 21:50:58) [GET]
  [4;35;1mEvent Load (0.0ms)[0m   [0mSELECT * FROM "events" [0m
Rendering template within layouts/events
Rendering events/index
Completed in 109ms (View: 93, DB: 0) | 200 OK [http://127.0.0.1/events]


Processing HomeController#index (for 127.0.0.1 at 2009-12-01 21:51:21) [GET]
Rendering template within layouts/application
Rendering home/index
Completed in 0ms (View: 0, DB: 0) | 200 OK [http://127.0.0.1/]


Processing GroupsController#index (for 127.0.0.1 at 2009-12-01 21:51:23) [GET]
  [4;36;1mGroup Load (15.0ms)[0m   [0;1mSELECT * FROM "groups" [0m
Rendering template within layouts/groups
Rendering groups/index
Completed in 15ms (View: 0, DB: 15) | 200 OK [http://127.0.0.1/groups]


Processing HomeController#index (for 127.0.0.1 at 2009-12-01 21:51:24) [GET]
Rendering template within layouts/application
Rendering home/index
Completed in 0ms (View: 0, DB: 0) | 200 OK [http://127.0.0.1/]


Processing EventsController#index (for 127.0.0.1 at 2009-12-01 21:51:25) [GET]
  [4;35;1mEvent Load (0.0ms)[0m   [0mSELECT * FROM "events" [0m
Rendering template within layouts/events
Rendering events/index
Completed in 16ms (View: 0, DB: 0) | 200 OK [http://127.0.0.1/events]


Processing HomeController#index (for 127.0.0.1 at 2009-12-01 21:51:26) [GET]
Rendering template within layouts/application
Rendering home/index
Completed in 0ms (View: 0, DB: 0) | 200 OK [http://127.0.0.1/]


Processing CandidatesController#index (for 127.0.0.1 at 2009-12-01 21:51:27) [GET]
  [4;36;1mCandidate Load (0.0ms)[0m   [0;1mSELECT * FROM "candidates" [0m
Rendering template within layouts/candidates
Rendering candidates/index
Completed in 31ms (View: 0, DB: 0) | 200 OK [http://127.0.0.1/candidates]


Processing HomeController#index (for 127.0.0.1 at 2009-12-01 21:51:28) [GET]
Rendering template within layouts/application
Rendering home/index
Completed in 0ms (View: 0, DB: 0) | 200 OK [http://127.0.0.1/]


Processing UserController#login (for 127.0.0.1 at 2009-12-01 21:51:29) [GET]
Exception occurred during reader method compilation.
Maybe admin? is not a valid Ruby identifier?
compile error
D:/Ruby/lib/ruby/gems/1.8/gems/activerecord-2.3.2/lib/active_record/attribute_methods.rb:211: syntax error, unexpected '?', expecting '\n' or ';'
def admin?=(new_value);write_attribute('admin?', new_value);end
          ^
D:/Ruby/lib/ruby/gems/1.8/gems/activerecord-2.3.2/lib/active_record/attribute_methods.rb:211: syntax error, unexpected kEND, expecting $end
def admin?=(new_value);write_attribute('admin?', new_value);end
                                                               ^
Exception occurred during reader method compilation.
Maybe admin? is not a valid Ruby identifier?
compile error
D:/Ruby/lib/ruby/gems/1.8/gems/activerecord-2.3.2/lib/active_record/attribute_methods.rb:211: syntax error, unexpected '?', expecting '\n' or ';'
def admin??; query_attribute('admin?'); end
           ^
D:/Ruby/lib/ruby/gems/1.8/gems/activerecord-2.3.2/lib/active_record/attribute_methods.rb:211: syntax error, unexpected kEND, expecting $end
def admin??; query_attribute('admin?'); end
                                           ^
Rendering template within layouts/application
Rendering user/login
Completed in 16ms (View: 0, DB: 0) | 200 OK [http://127.0.0.1/user/login]


Processing HomeController#index (for 127.0.0.1 at 2009-12-01 21:51:30) [GET]
Rendering template within layouts/application
Rendering home/index
Completed in 0ms (View: 0, DB: 0) | 200 OK [http://127.0.0.1/]


Processing GroupsController#index (for 127.0.0.1 at 2009-12-01 21:52:59) [GET]
  [4;35;1mGroup Load (0.0ms)[0m   [0mSELECT * FROM "groups" [0m
Rendering template within layouts/groups
Rendering groups/index
Completed in 125ms (View: 0, DB: 0) | 200 OK [http://127.0.0.1/groups]


Processing GroupsController#index (for 127.0.0.1 at 2009-12-01 21:54:24) [GET]
  [4;36;1mGroup Load (0.0ms)[0m   [0;1mSELECT * FROM "groups" [0m
Rendering template within layouts/groups
Rendering groups/index
Completed in 31ms (View: 15, DB: 0) | 200 OK [http://127.0.0.1/groups]


Processing GroupsController#index (for 127.0.0.1 at 2009-12-01 21:59:11) [GET]
  [4;35;1mGroup Load (0.0ms)[0m   [0mSELECT * FROM "groups" [0m
Rendering template within layouts/groups
Rendering groups/index
Completed in 15ms (View: 15, DB: 0) | 200 OK [http://127.0.0.1/groups]


Processing EventsController#index (for 127.0.0.1 at 2009-12-01 22:01:20) [GET]
  [4;36;1mEvent Load (0.0ms)[0m   [0;1mSELECT * FROM "events" [0m
Rendering template within layouts/events
Rendering events/index
Completed in 15ms (View: 0, DB: 0) | 200 OK [http://127.0.0.1/events]


Processing GroupsController#index (for 127.0.0.1 at 2009-12-01 22:01:23) [GET]
  [4;35;1mGroup Load (0.0ms)[0m   [0mSELECT * FROM "groups" [0m
Rendering template within layouts/groups
Rendering groups/index
Completed in 16ms (View: 0, DB: 0) | 200 OK [http://127.0.0.1/groups]


Processing HomeController#index (for 127.0.0.1 at 2009-12-01 22:08:29) [GET]
Rendering template within layouts/application
Rendering home/index
Completed in 0ms (View: 0, DB: 0) | 200 OK [http://127.0.0.1/]


Processing GroupsController#index (for 127.0.0.1 at 2009-12-01 22:08:31) [GET]
  [4;36;1mGroup Load (0.0ms)[0m   [0;1mSELECT * FROM "groups" [0m
Rendering template within layouts/groups
Rendering groups/index

ActionView::TemplateError (undefined local variable or method `group_id' for #<ActionView::Base:0x499be44>) on line #13 of app/views/groups/index.html.erb:
10:     <td><h3><%=h group.gname %></h3></td>
11: 	<td><%= link_to "events", :controller => 'events', 
12: 						      :action => 'index',
13: 							  :id => group_id%> </td>
14: 	<td><%=h group.description %></td>
15:   </tr>
16:   <%end%>

    app/views/groups/index.html.erb:13
    app/views/groups/index.html.erb:7:in `each'
    app/views/groups/index.html.erb:7
    app/controllers/groups_controller.rb:7:in `index'
    -e:2:in `load'
    -e:2

Rendered rescues/_trace (156.0ms)
Rendered rescues/_request_and_response (0.0ms)
Rendering rescues/layout (internal_server_error)


Processing GroupsController#index (for 127.0.0.1 at 2009-12-01 22:09:02) [GET]
  [4;35;1mGroup Load (0.0ms)[0m   [0mSELECT * FROM "groups" [0m
Rendering template within layouts/groups
Rendering groups/index
Completed in 15ms (View: 0, DB: 0) | 200 OK [http://127.0.0.1/groups]


Processing EventsController#index (for 127.0.0.1 at 2009-12-01 22:09:04) [GET]
  Parameters: {"id"=>"group"}
  [4;36;1mEvent Load (0.0ms)[0m   [0;1mSELECT * FROM "events" [0m
Rendering template within layouts/events
Rendering events/index
Completed in 0ms (View: 0, DB: 0) | 200 OK [http://127.0.0.1/events/index/group]


Processing GroupsController#index (for 127.0.0.1 at 2009-12-01 22:09:05) [GET]
  [4;35;1mGroup Load (0.0ms)[0m   [0mSELECT * FROM "groups" [0m
Rendering template within layouts/groups
Rendering groups/index
Completed in 16ms (View: 0, DB: 0) | 200 OK [http://127.0.0.1/groups]


Processing EventsController#index (for 127.0.0.1 at 2009-12-01 22:09:07) [GET]
  Parameters: {"id"=>"group"}
  [4;36;1mEvent Load (0.0ms)[0m   [0;1mSELECT * FROM "events" [0m
Rendering template within layouts/events
Rendering events/index
Completed in 31ms (View: 16, DB: 0) | 200 OK [http://127.0.0.1/events/index/group]


Processing GroupsController#index (for 127.0.0.1 at 2009-12-01 22:09:08) [GET]
  [4;35;1mGroup Load (0.0ms)[0m   [0mSELECT * FROM "groups" [0m
Rendering template within layouts/groups
Rendering groups/index
Completed in 16ms (View: 0, DB: 0) | 200 OK [http://127.0.0.1/groups]
  [4;35;1mUser Load (0.0ms)[0m   [0mSELECT * FROM "users" LIMIT 1[0m
  [4;36;1mUser Load (0.0ms)[0m   [0;1mSELECT * FROM "users" WHERE ("users"."id" = 2) [0m


Processing EventsController#index (for 127.0.0.1 at 2009-12-01 22:32:53) [GET]
  Parameters: {"id"=>"group"}
  [4;36;1mEvent Load (0.0ms)[0m   [0;1mSELECT * FROM "events" [0m
Rendering template within layouts/events
Rendering events/index
Completed in 16ms (View: 16, DB: 0) | 200 OK [http://127.0.0.1/events/index/group]


Processing EventsController#index (for 127.0.0.1 at 2009-12-01 22:33:26) [GET]
  Parameters: {"id"=>"group"}
  [4;35;1mEvent Load (0.0ms)[0m   [0mSELECT * FROM "events" [0m
Rendering template within layouts/events
Rendering events/index
Completed in 15ms (View: 0, DB: 0) | 200 OK [http://127.0.0.1/events/index/group]


Processing EventsController#index (for 127.0.0.1 at 2009-12-01 22:34:20) [GET]
  Parameters: {"id"=>"group"}
  [4;36;1mEvent Load (0.0ms)[0m   [0;1mSELECT * FROM "events" [0m
Rendering template within layouts/events
Rendering events/index
Completed in 15ms (View: 0, DB: 0) | 200 OK [http://127.0.0.1/events/index/group]


Processing EventsController#index (for 127.0.0.1 at 2009-12-01 22:34:38) [GET]
  Parameters: {"id"=>"group"}
  [4;35;1mEvent Load (0.0ms)[0m   [0mSELECT * FROM "events" [0m
Rendering template within layouts/events
Rendering events/index
Completed in 16ms (View: 16, DB: 0) | 200 OK [http://127.0.0.1/events/index/group]


Processing EventsController#index (for 127.0.0.1 at 2009-12-01 22:34:51) [GET]
  Parameters: {"id"=>"group"}
  [4;36;1mEvent Load (0.0ms)[0m   [0;1mSELECT * FROM "events" [0m
Rendering template within layouts/events
Rendering events/index
Completed in 16ms (View: 0, DB: 0) | 200 OK [http://127.0.0.1/events/index/group]


Processing EventsController#index (for 127.0.0.1 at 2009-12-01 22:35:18) [GET]
  Parameters: {"id"=>"group"}
  [4;35;1mEvent Load (0.0ms)[0m   [0mSELECT * FROM "events" [0m
Rendering template within layouts/events
Rendering events/index

ActionView::TemplateError (undefined local variable or method `groups' for #<ActionView::Base:0x4a109ec>) on line #7 of app/views/events/index.html.erb:
4: <% @events.each do |events| %>
5:   <tr>
6:   	<td><%=h events.group_id %>||</td>
7: 	<td><%=h groups.gname %></td>
8:     <td><%=h events.ename %>||</td>
9: 	<td><%=h events.edescription %>||</td>
10:   </tr>

    app/views/events/index.html.erb:7
    app/views/events/index.html.erb:4:in `each'
    app/views/events/index.html.erb:4
    app/controllers/events_controller.rb:7:in `index'
    -e:2:in `load'
    -e:2

Rendered rescues/_trace (156.0ms)
Rendered rescues/_request_and_response (0.0ms)
Rendering rescues/layout (internal_server_error)


Processing EventsController#index (for 127.0.0.1 at 2009-12-01 22:36:11) [GET]
  Parameters: {"id"=>"group"}
  [4;36;1mEvent Load (0.0ms)[0m   [0;1mSELECT * FROM "events" [0m
Rendering template within layouts/events
Rendering events/index
Completed in 31ms (View: 15, DB: 0) | 200 OK [http://127.0.0.1/events/index/group]


Processing EventsController#index (for 127.0.0.1 at 2009-12-01 22:36:41) [GET]
  Parameters: {"id"=>"group"}
  [4;35;1mEvent Load (0.0ms)[0m   [0mSELECT * FROM "events" [0m
Rendering template within layouts/events
Rendering events/index
Completed in 16ms (View: 0, DB: 0) | 200 OK [http://127.0.0.1/events/index/group]
  [4;35;1mEvent Create (16.0ms)[0m   [0mINSERT INTO "events" ("start_date", "end_date", "updated_at", "group_id", "edescription", "ename", "created_at") VALUES(NULL, NULL, '2009-12-02 03:37:58', 1, 'Chinese food or Japanese food?', 'Where to eat?', '2009-12-02 03:37:58')[0m


Processing EventsController#index (for 127.0.0.1 at 2009-12-01 22:38:07) [GET]
  Parameters: {"id"=>"group"}
  [4;36;1mEvent Load (0.0ms)[0m   [0;1mSELECT * FROM "events" [0m
Rendering template within layouts/events
Rendering events/index
Completed in 16ms (View: 0, DB: 0) | 200 OK [http://127.0.0.1/events/index/group]
  [4;36;1mEvent Create (0.0ms)[0m   [0;1mINSERT INTO "events" ("start_date", "end_date", "updated_at", "group_id", "edescription", "ename", "created_at") VALUES(NULL, NULL, '2009-12-02 03:38:58', 2, 'black or white?', 'which color you like?', '2009-12-02 03:38:58')[0m


Processing EventsController#index (for 127.0.0.1 at 2009-12-01 22:39:01) [GET]
  Parameters: {"id"=>"group"}
  [4;35;1mEvent Load (0.0ms)[0m   [0mSELECT * FROM "events" [0m
Rendering template within layouts/events
Rendering events/index
Completed in 0ms (View: 0, DB: 0) | 200 OK [http://127.0.0.1/events/index/group]


Processing HomeController#index (for 127.0.0.1 at 2009-12-01 22:39:22) [GET]
Rendering template within layouts/application
Rendering home/index
Completed in 0ms (View: 0, DB: 0) | 200 OK [http://127.0.0.1/]


Processing GroupsController#index (for 127.0.0.1 at 2009-12-01 22:39:24) [GET]
  [4;36;1mGroup Load (0.0ms)[0m   [0;1mSELECT * FROM "groups" [0m
Rendering template within layouts/groups
Rendering groups/index
Completed in 31ms (View: 15, DB: 0) | 200 OK [http://127.0.0.1/groups]


Processing EventsController#index (for 127.0.0.1 at 2009-12-01 22:39:26) [GET]
  Parameters: {"id"=>"group"}
  [4;35;1mEvent Load (0.0ms)[0m   [0mSELECT * FROM "events" [0m
Rendering template within layouts/events
Rendering events/index
Completed in 16ms (View: 0, DB: 0) | 200 OK [http://127.0.0.1/events/index/group]


Processing GroupsController#index (for 127.0.0.1 at 2009-12-01 22:39:27) [GET]
  [4;36;1mGroup Load (0.0ms)[0m   [0;1mSELECT * FROM "groups" [0m
Rendering template within layouts/groups
Rendering groups/index
Completed in 93ms (View: 15, DB: 0) | 200 OK [http://127.0.0.1/groups]


Processing EventsController#index (for 127.0.0.1 at 2009-12-01 22:39:28) [GET]
  Parameters: {"id"=>"group"}
  [4;35;1mEvent Load (0.0ms)[0m   [0mSELECT * FROM "events" [0m
Rendering template within layouts/events
Rendering events/index
Completed in 16ms (View: 16, DB: 0) | 200 OK [http://127.0.0.1/events/index/group]


Processing GroupsController#index (for 127.0.0.1 at 2009-12-01 22:39:28) [GET]
  [4;36;1mGroup Load (0.0ms)[0m   [0;1mSELECT * FROM "groups" [0m
Rendering template within layouts/groups
Rendering groups/index
Completed in 15ms (View: 0, DB: 0) | 200 OK [http://127.0.0.1/groups]


Processing HomeController#index (for 127.0.0.1 at 2009-12-01 22:39:33) [GET]
Rendering template within layouts/application
Rendering home/index
Completed in 0ms (View: 0, DB: 0) | 200 OK [http://127.0.0.1/]


Processing EventsController#index (for 127.0.0.1 at 2009-12-01 22:39:34) [GET]
  [4;35;1mEvent Load (0.0ms)[0m   [0mSELECT * FROM "events" [0m
Rendering template within layouts/events
Rendering events/index
Completed in 15ms (View: 0, DB: 0) | 200 OK [http://127.0.0.1/events]


Processing HomeController#index (for 127.0.0.1 at 2009-12-01 22:39:35) [GET]
Rendering template within layouts/application
Rendering home/index
Completed in 0ms (View: 0, DB: 0) | 200 OK [http://127.0.0.1/]


Processing CandidatesController#index (for 127.0.0.1 at 2009-12-01 22:39:36) [GET]
  [4;36;1mCandidate Load (0.0ms)[0m   [0;1mSELECT * FROM "candidates" [0m
Rendering template within layouts/candidates
Rendering candidates/index
Completed in 0ms (View: 0, DB: 0) | 200 OK [http://127.0.0.1/candidates]


Processing HomeController#index (for 127.0.0.1 at 2009-12-01 22:41:10) [GET]
Rendering template within layouts/application
Rendering home/index
Completed in 0ms (View: 0, DB: 0) | 200 OK [http://127.0.0.1/]


Processing EventsController#index (for 127.0.0.1 at 2009-12-01 22:41:11) [GET]
  [4;35;1mEvent Load (0.0ms)[0m   [0mSELECT * FROM "events" [0m
Rendering template within layouts/events
Rendering events/index
Completed in 16ms (View: 0, DB: 0) | 200 OK [http://127.0.0.1/events]


Processing EventsController#index (for 127.0.0.1 at 2009-12-01 22:41:46) [GET]
  [4;36;1mEvent Load (0.0ms)[0m   [0;1mSELECT * FROM "events" [0m
Rendering template within layouts/events
Rendering events/index
Completed in 47ms (View: 16, DB: 0) | 200 OK [http://127.0.0.1/events]


Processing HomeController#index (for 127.0.0.1 at 2009-12-01 22:41:49) [GET]
Rendering template within layouts/application
Rendering home/index
Completed in 0ms (View: 0, DB: 0) | 200 OK [http://127.0.0.1/]


Processing GroupsController#index (for 127.0.0.1 at 2009-12-01 22:41:51) [GET]
  [4;35;1mGroup Load (0.0ms)[0m   [0mSELECT * FROM "groups" [0m
Rendering template within layouts/groups
Rendering groups/index
Completed in 16ms (View: 0, DB: 0) | 200 OK [http://127.0.0.1/groups]


Processing EventsController#index (for 127.0.0.1 at 2009-12-01 22:41:53) [GET]
  Parameters: {"id"=>"group"}
  [4;36;1mEvent Load (0.0ms)[0m   [0;1mSELECT * FROM "events" [0m
Rendering template within layouts/events
Rendering events/index
Completed in 15ms (View: 15, DB: 0) | 200 OK [http://127.0.0.1/events/index/group]


Processing GroupsController#index (for 127.0.0.1 at 2009-12-01 22:41:54) [GET]
  [4;35;1mGroup Load (0.0ms)[0m   [0mSELECT * FROM "groups" [0m
Rendering template within layouts/groups
Rendering groups/index
Completed in 15ms (View: 0, DB: 0) | 200 OK [http://127.0.0.1/groups]


Processing GroupsController#index (for 127.0.0.1 at 2009-12-01 22:42:56) [GET]
  [4;36;1mGroup Load (0.0ms)[0m   [0;1mSELECT * FROM "groups" [0m
Rendering template within layouts/groups
Rendering groups/index
Completed in 16ms (View: 0, DB: 0) | 200 OK [http://127.0.0.1/groups]


Processing HomeController#index (for 127.0.0.1 at 2009-12-01 22:43:18) [GET]
Rendering template within layouts/application
Rendering home/index
Completed in 0ms (View: 0, DB: 0) | 200 OK [http://127.0.0.1/]


Processing CandidatesController#index (for 127.0.0.1 at 2009-12-01 22:43:22) [GET]
  [4;35;1mCandidate Load (0.0ms)[0m   [0mSELECT * FROM "candidates" [0m
Rendering template within layouts/candidates
Rendering candidates/index
Completed in 0ms (View: 0, DB: 0) | 200 OK [http://127.0.0.1/candidates]
  [4;35;1mUser Load (0.0ms)[0m   [0mSELECT * FROM "users" [0m
  [4;36;1mGroup Load (0.0ms)[0m   [0;1mSELECT * FROM "groups" [0m
  [4;35;1mEvent Load (0.0ms)[0m   [0mSELECT * FROM "events" [0m
  [4;36;1mCandidate Load (0.0ms)[0m   [0;1mSELECT * FROM "candidates" [0m


Processing HomeController#index (for 127.0.0.1 at 2009-12-01 22:46:19) [GET]
Rendering template within layouts/application
Rendering home/index
Completed in 0ms (View: 0, DB: 0) | 200 OK [http://127.0.0.1/]


Processing UserController#login (for 127.0.0.1 at 2009-12-01 22:46:28) [GET]
Exception occurred during reader method compilation.
Maybe admin? is not a valid Ruby identifier?
compile error
D:/Ruby/lib/ruby/gems/1.8/gems/activerecord-2.3.2/lib/active_record/attribute_methods.rb:211: syntax error, unexpected '?', expecting '\n' or ';'
def admin?=(new_value);write_attribute('admin?', new_value);end
          ^
D:/Ruby/lib/ruby/gems/1.8/gems/activerecord-2.3.2/lib/active_record/attribute_methods.rb:211: syntax error, unexpected kEND, expecting $end
def admin?=(new_value);write_attribute('admin?', new_value);end
                                                               ^
Exception occurred during reader method compilation.
Maybe admin? is not a valid Ruby identifier?
compile error
D:/Ruby/lib/ruby/gems/1.8/gems/activerecord-2.3.2/lib/active_record/attribute_methods.rb:211: syntax error, unexpected '?', expecting '\n' or ';'
def admin??; query_attribute('admin?'); end
           ^
D:/Ruby/lib/ruby/gems/1.8/gems/activerecord-2.3.2/lib/active_record/attribute_methods.rb:211: syntax error, unexpected kEND, expecting $end
def admin??; query_attribute('admin?'); end
                                           ^
Rendering template within layouts/application
Rendering user/login
Completed in 15ms (View: 15, DB: 0) | 200 OK [http://127.0.0.1/user/login]


Processing UserController#process_login (for 127.0.0.1 at 2009-12-01 22:46:34) [POST]
  Parameters: {"user"=>{"andrewID"=>"keying", "encryptedPassword"=>"admin"}, "commit"=>"Login", "authenticity_token"=>"bSKuTgvtl4J9UkBfOiHUiukvISN/GeXP8TpXzMVvnfo="}
  [4;36;1mUser Load (0.0ms)[0m   [0;1mSELECT * FROM "users" WHERE ("users"."encryptedPassword" = 'admin' AND "users"."andrewID" = 'keying') LIMIT 1[0m
Redirected to http://127.0.0.1:3002/
Completed in 94ms (DB: 0) | 302 Found [http://127.0.0.1/user/process_login]


Processing HomeController#index (for 127.0.0.1 at 2009-12-01 22:46:34) [GET]
  [4;35;1mUser Load (0.0ms)[0m   [0mSELECT * FROM "users" WHERE ("users"."id" = 1) [0m
Rendering template within layouts/application
Rendering home/index
Exception occurred during reader method compilation.
Maybe admin? is not a valid Ruby identifier?
compile error
D:/Ruby/lib/ruby/gems/1.8/gems/activerecord-2.3.2/lib/active_record/attribute_methods.rb:211: syntax error, unexpected '?', expecting '\n' or ';'
def admin?=(new_value);write_attribute('admin?', new_value);end
          ^
D:/Ruby/lib/ruby/gems/1.8/gems/activerecord-2.3.2/lib/active_record/attribute_methods.rb:211: syntax error, unexpected kEND, expecting $end
def admin?=(new_value);write_attribute('admin?', new_value);end
                                                               ^
Exception occurred during reader method compilation.
Maybe admin? is not a valid Ruby identifier?
compile error
D:/Ruby/lib/ruby/gems/1.8/gems/activerecord-2.3.2/lib/active_record/attribute_methods.rb:211: syntax error, unexpected '?', expecting '\n' or ';'
def admin??; query_attribute('admin?'); end
           ^
D:/Ruby/lib/ruby/gems/1.8/gems/activerecord-2.3.2/lib/active_record/attribute_methods.rb:211: syntax error, unexpected kEND, expecting $end
def admin??; query_attribute('admin?'); end
                                           ^
Completed in 47ms (View: 16, DB: 0) | 200 OK [http://127.0.0.1/]


Processing EventsController#index (for 127.0.0.1 at 2009-12-01 22:50:20) [GET]
  [4;36;1mUser Load (0.0ms)[0m   [0;1mSELECT * FROM "users" WHERE ("users"."id" = 1) [0m
  [4;35;1mEvent Load (0.0ms)[0m   [0mSELECT * FROM "events" [0m
Rendering template within layouts/events
Rendering events/index
Completed in 31ms (View: 16, DB: 0) | 200 OK [http://127.0.0.1/events]
  [4;36;1mSQL (0.0ms)[0m   [0;1m SELECT name
 FROM sqlite_master
 WHERE type = 'table' AND NOT name = 'sqlite_sequence'
[0m
  [4;35;1mSQL (0.0ms)[0m   [0mSELECT version FROM schema_migrations[0m
  [4;36;1mSQL (0.0ms)[0m   [0;1m SELECT name
 FROM sqlite_master
 WHERE type = 'table' AND NOT name = 'sqlite_sequence'
[0m
  [4;35;1mSQL (0.0ms)[0m   [0mSELECT version FROM schema_migrations[0m
Migrating to CreateCandidates (20091202002738)
  [4;36;1mSQL (0.0ms)[0m   [0;1mselect sqlite_version(*)[0m
  [4;35;1mSQL (0.0ms)[0m   [0mDROP TABLE "candidates"[0m
  [4;36;1mSQL (0.0ms)[0m   [0;1mDELETE FROM schema_migrations WHERE version = '20091202002738'[0m
Migrating to CreateGadmins (20091121194026)
  [4;35;1mSQL (0.0ms)[0m   [0mDROP TABLE "gadmins"[0m
  [4;36;1mSQL (0.0ms)[0m   [0;1mDELETE FROM schema_migrations WHERE version = '20091121194026'[0m
Migrating to CreateVoters (20091121193949)
  [4;35;1mSQL (0.0ms)[0m   [0mDROP TABLE "voters"[0m
  [4;36;1mSQL (0.0ms)[0m   [0;1mDELETE FROM schema_migrations WHERE version = '20091121193949'[0m
Migrating to CreateEvents (20091121193304)
  [4;35;1mSQL (0.0ms)[0m   [0mDROP TABLE "events"[0m
  [4;36;1mSQL (0.0ms)[0m   [0;1mDELETE FROM schema_migrations WHERE version = '20091121193304'[0m
Migrating to CreateBallots (20091121191422)
  [4;35;1mSQL (15.0ms)[0m   [0mDROP TABLE "ballots"[0m
  [4;36;1mSQL (0.0ms)[0m   [0;1mDELETE FROM schema_migrations WHERE version = '20091121191422'[0m
Migrating to CreateGroups (20091121190959)
  [4;35;1mSQL (15.0ms)[0m   [0mDROP TABLE "groups"[0m
  [4;36;1mSQL (0.0ms)[0m   [0;1mDELETE FROM schema_migrations WHERE version = '20091121190959'[0m
Migrating to CreateUsers (20091018163815)
  [4;35;1mSQL (0.0ms)[0m   [0mDROP TABLE "users"[0m
  [4;36;1mSQL (0.0ms)[0m   [0;1mDELETE FROM schema_migrations WHERE version = '20091018163815'[0m
  [4;35;1mSQL (0.0ms)[0m   [0m SELECT name
 FROM sqlite_master
 WHERE type = 'table' AND NOT name = 'sqlite_sequence'
[0m
  [4;36;1mSQL (0.0ms)[0m   [0;1mSELECT version FROM schema_migrations[0m
  [4;35;1mSQL (0.0ms)[0m   [0m SELECT name
 FROM sqlite_master
 WHERE type = 'table' AND NOT name = 'sqlite_sequence'
[0m
  [4;36;1mSQL (0.0ms)[0m   [0;1m SELECT name
 FROM sqlite_master
 WHERE type = 'table' AND NOT name = 'sqlite_sequence'
[0m
  [4;35;1mSQL (0.0ms)[0m   [0mSELECT version FROM schema_migrations[0m
Migrating to CreateUsers (20091018163815)
  [4;36;1mSQL (0.0ms)[0m   [0;1mselect sqlite_version(*)[0m
  [4;35;1mSQL (0.0ms)[0m   [0mCREATE TABLE "users" ("id" INTEGER PRIMARY KEY AUTOINCREMENT NOT NULL, "fname" varchar(255), "lname" varchar(255), "andrewID" varchar(255), "encryptedPassword" varchar(255), "admin?" boolean DEFAULT 'f', "last_login" datetime, "email" varchar(255), "year" varchar(255), "college" varchar(255), "created_at" datetime, "updated_at" datetime) [0m
  [4;36;1mSQL (0.0ms)[0m   [0;1mINSERT INTO schema_migrations (version) VALUES ('20091018163815')[0m
Migrating to CreateGroups (20091121190959)
  [4;35;1mSQL (0.0ms)[0m   [0mCREATE TABLE "groups" ("id" INTEGER PRIMARY KEY AUTOINCREMENT NOT NULL, "gname" varchar(255), "public" integer, "description" varchar(255), "created_at" datetime, "updated_at" datetime) [0m
  [4;36;1mSQL (16.0ms)[0m   [0;1mINSERT INTO schema_migrations (version) VALUES ('20091121190959')[0m
Migrating to CreateBallots (20091121191422)
  [4;35;1mSQL (0.0ms)[0m   [0mCREATE TABLE "ballots" ("id" INTEGER PRIMARY KEY AUTOINCREMENT NOT NULL, "group_id" integer, "event_id" integer, "rstring" varchar(255), "created_at" datetime, "updated_at" datetime) [0m
  [4;36;1mSQL (0.0ms)[0m   [0;1mINSERT INTO schema_migrations (version) VALUES ('20091121191422')[0m
Migrating to CreateEvents (20091121193304)
  [4;35;1mSQL (16.0ms)[0m   [0mCREATE TABLE "events" ("id" INTEGER PRIMARY KEY AUTOINCREMENT NOT NULL, "group_id" integer, "ename" varchar(255), "edescription" varchar(255), "start_date" datetime, "end_date" datetime, "created_at" datetime, "updated_at" datetime) [0m
  [4;36;1mSQL (0.0ms)[0m   [0;1mINSERT INTO schema_migrations (version) VALUES ('20091121193304')[0m
Migrating to CreateVoters (20091121193949)
  [4;35;1mSQL (0.0ms)[0m   [0mCREATE TABLE "voters" ("id" INTEGER PRIMARY KEY AUTOINCREMENT NOT NULL, "user_id" integer, "group_id" integer, "vflag" decimal, "created_at" datetime, "updated_at" datetime) [0m
  [4;36;1mSQL (0.0ms)[0m   [0;1mINSERT INTO schema_migrations (version) VALUES ('20091121193949')[0m
Migrating to CreateGadmins (20091121194026)
  [4;35;1mSQL (15.0ms)[0m   [0mCREATE TABLE "gadmins" ("id" INTEGER PRIMARY KEY AUTOINCREMENT NOT NULL, "user_id" integer, "group_id" integer, "created_at" datetime, "updated_at" datetime) [0m
  [4;36;1mSQL (0.0ms)[0m   [0;1mINSERT INTO schema_migrations (version) VALUES ('20091121194026')[0m
Migrating to CreateCandidates (20091202002738)
  [4;35;1mSQL (0.0ms)[0m   [0mCREATE TABLE "candidates" ("id" INTEGER PRIMARY KEY AUTOINCREMENT NOT NULL, "lname" varchar(255), "fname" varchar(255), "title" varchar(255), "description" varchar(255), "created_at" datetime, "updated_at" datetime) [0m
  [4;36;1mSQL (0.0ms)[0m   [0;1mINSERT INTO schema_migrations (version) VALUES ('20091202002738')[0m
  [4;35;1mSQL (0.0ms)[0m   [0m SELECT name
 FROM sqlite_master
 WHERE type = 'table' AND NOT name = 'sqlite_sequence'
[0m
  [4;36;1mSQL (0.0ms)[0m   [0;1mSELECT version FROM schema_migrations[0m
  [4;35;1mSQL (0.0ms)[0m   [0m SELECT name
 FROM sqlite_master
 WHERE type = 'table' AND NOT name = 'sqlite_sequence'
[0m
  [4;36;1mSQL (0.0ms)[0m   [0;1mPRAGMA index_list("ballots")[0m
  [4;35;1mSQL (0.0ms)[0m   [0mPRAGMA index_list("candidates")[0m
  [4;36;1mSQL (0.0ms)[0m   [0;1mPRAGMA index_list("events")[0m
  [4;35;1mSQL (0.0ms)[0m   [0mPRAGMA index_list("gadmins")[0m
  [4;36;1mSQL (0.0ms)[0m   [0;1mPRAGMA index_list("groups")[0m
  [4;35;1mSQL (0.0ms)[0m   [0mPRAGMA index_list("users")[0m
  [4;36;1mSQL (0.0ms)[0m   [0;1mPRAGMA index_list("voters")[0m
  [4;36;1mSQL (0.0ms)[0m   [0;1m SELECT name
 FROM sqlite_master
 WHERE type = 'table' AND NOT name = 'sqlite_sequence'
[0m
  [4;35;1mSQL (0.0ms)[0m   [0mSELECT version FROM schema_migrations[0m
Migrating to CreateUsers (20091018163815)
Migrating to CreateGroups (20091121190959)
Migrating to CreateBallots (20091121191422)
Migrating to CreateEvents (20091121193304)
Migrating to CreateVoters (20091121193949)
Migrating to CreateGadmins (20091121194026)
Migrating to CreateCandidates (20091202002738)
  [4;36;1mSQL (0.0ms)[0m   [0;1mselect sqlite_version(*)[0m
  [4;35;1mSQL (0.0ms)[0m   [0m SELECT name
 FROM sqlite_master
 WHERE type = 'table' AND NOT name = 'sqlite_sequence'
[0m
  [4;36;1mSQL (0.0ms)[0m   [0;1mSELECT version FROM schema_migrations[0m
  [4;35;1mSQL (0.0ms)[0m   [0m SELECT name
 FROM sqlite_master
 WHERE type = 'table' AND NOT name = 'sqlite_sequence'
[0m
  [4;36;1mSQL (0.0ms)[0m   [0;1mPRAGMA index_list("ballots")[0m
  [4;35;1mSQL (0.0ms)[0m   [0mPRAGMA index_list("candidates")[0m
  [4;36;1mSQL (0.0ms)[0m   [0;1mPRAGMA index_list("events")[0m
  [4;35;1mSQL (0.0ms)[0m   [0mPRAGMA index_list("gadmins")[0m
  [4;36;1mSQL (0.0ms)[0m   [0;1mPRAGMA index_list("groups")[0m
  [4;35;1mSQL (0.0ms)[0m   [0mPRAGMA index_list("users")[0m
  [4;36;1mSQL (0.0ms)[0m   [0;1mPRAGMA index_list("voters")[0m
  [4;36;1mSQL (0.0ms)[0m   [0;1m SELECT name
 FROM sqlite_master
 WHERE type = 'table' AND NOT name = 'sqlite_sequence'
[0m
  [4;35;1mSQL (0.0ms)[0m   [0mSELECT version FROM schema_migrations[0m
Migrating to CreateUsers (20091018163815)
Migrating to CreateGroups (20091121190959)
Migrating to CreateBallots (20091121191422)
Migrating to CreateEvents (20091121193304)
Migrating to CreateVoters (20091121193949)
Migrating to CreateGadmins (20091121194026)
Migrating to CreateCandidates (20091202002738)
  [4;36;1mSQL (0.0ms)[0m   [0;1mselect sqlite_version(*)[0m
  [4;35;1mSQL (0.0ms)[0m   [0m SELECT name
 FROM sqlite_master
 WHERE type = 'table' AND NOT name = 'sqlite_sequence'
[0m
  [4;36;1mSQL (0.0ms)[0m   [0;1mSELECT version FROM schema_migrations[0m
  [4;35;1mSQL (0.0ms)[0m   [0m SELECT name
 FROM sqlite_master
 WHERE type = 'table' AND NOT name = 'sqlite_sequence'
[0m
  [4;36;1mSQL (0.0ms)[0m   [0;1mPRAGMA index_list("ballots")[0m
  [4;35;1mSQL (0.0ms)[0m   [0mPRAGMA index_list("candidates")[0m
  [4;36;1mSQL (0.0ms)[0m   [0;1mPRAGMA index_list("events")[0m
  [4;35;1mSQL (0.0ms)[0m   [0mPRAGMA index_list("gadmins")[0m
  [4;36;1mSQL (0.0ms)[0m   [0;1mPRAGMA index_list("groups")[0m
  [4;35;1mSQL (0.0ms)[0m   [0mPRAGMA index_list("users")[0m
  [4;36;1mSQL (0.0ms)[0m   [0;1mPRAGMA index_list("voters")[0m
  [4;36;1mSQL (0.0ms)[0m   [0;1m SELECT name
 FROM sqlite_master
 WHERE type = 'table' AND NOT name = 'sqlite_sequence'
[0m
  [4;35;1mSQL (0.0ms)[0m   [0mSELECT version FROM schema_migrations[0m
  [4;36;1mSQL (0.0ms)[0m   [0;1m SELECT name
 FROM sqlite_master
 WHERE type = 'table' AND NOT name = 'sqlite_sequence'
[0m
  [4;35;1mSQL (0.0ms)[0m   [0mSELECT version FROM schema_migrations[0m
Migrating to CreateCandidates (20091202002738)
  [4;36;1mSQL (0.0ms)[0m   [0;1mselect sqlite_version(*)[0m
  [4;35;1mSQL (0.0ms)[0m   [0mDROP TABLE "candidates"[0m
  [4;36;1mSQL (0.0ms)[0m   [0;1mDELETE FROM schema_migrations WHERE version = '20091202002738'[0m
Migrating to CreateGadmins (20091121194026)
  [4;35;1mSQL (15.0ms)[0m   [0mDROP TABLE "gadmins"[0m
  [4;36;1mSQL (0.0ms)[0m   [0;1mDELETE FROM schema_migrations WHERE version = '20091121194026'[0m
Migrating to CreateVoters (20091121193949)
  [4;35;1mSQL (0.0ms)[0m   [0mDROP TABLE "voters"[0m
  [4;36;1mSQL (0.0ms)[0m   [0;1mDELETE FROM schema_migrations WHERE version = '20091121193949'[0m
Migrating to CreateEvents (20091121193304)
  [4;35;1mSQL (0.0ms)[0m   [0mDROP TABLE "events"[0m
  [4;36;1mSQL (0.0ms)[0m   [0;1mDELETE FROM schema_migrations WHERE version = '20091121193304'[0m
Migrating to CreateBallots (20091121191422)
  [4;35;1mSQL (0.0ms)[0m   [0mDROP TABLE "ballots"[0m
  [4;36;1mSQL (0.0ms)[0m   [0;1mDELETE FROM schema_migrations WHERE version = '20091121191422'[0m
Migrating to CreateGroups (20091121190959)
  [4;35;1mSQL (16.0ms)[0m   [0mDROP TABLE "groups"[0m
  [4;36;1mSQL (0.0ms)[0m   [0;1mDELETE FROM schema_migrations WHERE version = '20091121190959'[0m
Migrating to CreateUsers (20091018163815)
  [4;35;1mSQL (0.0ms)[0m   [0mDROP TABLE "users"[0m
  [4;36;1mSQL (0.0ms)[0m   [0;1mDELETE FROM schema_migrations WHERE version = '20091018163815'[0m
  [4;35;1mSQL (0.0ms)[0m   [0m SELECT name
 FROM sqlite_master
 WHERE type = 'table' AND NOT name = 'sqlite_sequence'
[0m
  [4;36;1mSQL (0.0ms)[0m   [0;1mSELECT version FROM schema_migrations[0m
  [4;35;1mSQL (0.0ms)[0m   [0m SELECT name
 FROM sqlite_master
 WHERE type = 'table' AND NOT name = 'sqlite_sequence'
[0m
  [4;36;1mSQL (0.0ms)[0m   [0;1m SELECT name
 FROM sqlite_master
 WHERE type = 'table' AND NOT name = 'sqlite_sequence'
[0m
  [4;35;1mSQL (0.0ms)[0m   [0mSELECT version FROM schema_migrations[0m
Migrating to CreateUsers (20091018163815)
  [4;36;1mSQL (0.0ms)[0m   [0;1mselect sqlite_version(*)[0m
  [4;35;1mSQL (15.0ms)[0m   [0mCREATE TABLE "users" ("id" INTEGER PRIMARY KEY AUTOINCREMENT NOT NULL, "fname" varchar(255), "lname" varchar(255), "andrewID" varchar(255), "encryptedPassword" varchar(255), "admin?" boolean DEFAULT 'f', "last_login" datetime, "email" varchar(255), "year" varchar(255), "college" varchar(255), "created_at" datetime, "updated_at" datetime) [0m
  [4;36;1mSQL (0.0ms)[0m   [0;1mINSERT INTO schema_migrations (version) VALUES ('20091018163815')[0m
Migrating to CreateGroups (20091121190959)
  [4;35;1mSQL (0.0ms)[0m   [0mCREATE TABLE "groups" ("id" INTEGER PRIMARY KEY AUTOINCREMENT NOT NULL, "gname" varchar(255), "public" integer, "description" varchar(255), "created_at" datetime, "updated_at" datetime) [0m
  [4;36;1mSQL (0.0ms)[0m   [0;1mINSERT INTO schema_migrations (version) VALUES ('20091121190959')[0m
Migrating to CreateBallots (20091121191422)
  [4;35;1mSQL (0.0ms)[0m   [0mCREATE TABLE "ballots" ("id" INTEGER PRIMARY KEY AUTOINCREMENT NOT NULL, "group_id" integer, "event_id" integer, "rstring" varchar(255), "created_at" datetime, "updated_at" datetime) [0m
  [4;36;1mSQL (0.0ms)[0m   [0;1mINSERT INTO schema_migrations (version) VALUES ('20091121191422')[0m
Migrating to CreateEvents (20091121193304)
  [4;35;1mSQL (16.0ms)[0m   [0mCREATE TABLE "events" ("id" INTEGER PRIMARY KEY AUTOINCREMENT NOT NULL, "group_id" integer, "ename" varchar(255), "edescription" varchar(255), "start_date" datetime, "end_date" datetime, "created_at" datetime, "updated_at" datetime) [0m
  [4;36;1mSQL (0.0ms)[0m   [0;1mINSERT INTO schema_migrations (version) VALUES ('20091121193304')[0m
Migrating to CreateVoters (20091121193949)
  [4;35;1mSQL (0.0ms)[0m   [0mCREATE TABLE "voters" ("id" INTEGER PRIMARY KEY AUTOINCREMENT NOT NULL, "user_id" integer, "group_id" integer, "vflag" decimal, "created_at" datetime, "updated_at" datetime) [0m
  [4;36;1mSQL (0.0ms)[0m   [0;1mINSERT INTO schema_migrations (version) VALUES ('20091121193949')[0m
Migrating to CreateGadmins (20091121194026)
  [4;35;1mSQL (16.0ms)[0m   [0mCREATE TABLE "gadmins" ("id" INTEGER PRIMARY KEY AUTOINCREMENT NOT NULL, "user_id" integer, "group_id" integer, "created_at" datetime, "updated_at" datetime) [0m
  [4;36;1mSQL (0.0ms)[0m   [0;1mINSERT INTO schema_migrations (version) VALUES ('20091121194026')[0m
Migrating to CreateCandidates (20091202002738)
  [4;35;1mSQL (0.0ms)[0m   [0mCREATE TABLE "candidates" ("id" INTEGER PRIMARY KEY AUTOINCREMENT NOT NULL, "event_id" integer, "lname" varchar(255), "fname" varchar(255), "title" varchar(255), "description" varchar(255), "created_at" datetime, "updated_at" datetime) [0m
  [4;36;1mSQL (0.0ms)[0m   [0;1mINSERT INTO schema_migrations (version) VALUES ('20091202002738')[0m
  [4;35;1mSQL (0.0ms)[0m   [0m SELECT name
 FROM sqlite_master
 WHERE type = 'table' AND NOT name = 'sqlite_sequence'
[0m
  [4;36;1mSQL (0.0ms)[0m   [0;1mSELECT version FROM schema_migrations[0m
  [4;35;1mSQL (0.0ms)[0m   [0m SELECT name
 FROM sqlite_master
 WHERE type = 'table' AND NOT name = 'sqlite_sequence'
[0m
  [4;36;1mSQL (0.0ms)[0m   [0;1mPRAGMA index_list("ballots")[0m
  [4;35;1mSQL (0.0ms)[0m   [0mPRAGMA index_list("candidates")[0m
  [4;36;1mSQL (0.0ms)[0m   [0;1mPRAGMA index_list("events")[0m
  [4;35;1mSQL (0.0ms)[0m   [0mPRAGMA index_list("gadmins")[0m
  [4;36;1mSQL (0.0ms)[0m   [0;1mPRAGMA index_list("groups")[0m
  [4;35;1mSQL (0.0ms)[0m   [0mPRAGMA index_list("users")[0m
  [4;36;1mSQL (0.0ms)[0m   [0;1mPRAGMA index_list("voters")[0m


Processing EventsController#index (for 127.0.0.1 at 2009-12-01 22:57:07) [GET]
  [4;36;1mUser Load (0.0ms)[0m   [0;1mSELECT * FROM "users" WHERE ("users"."id" = 1) [0m

ActiveRecord::RecordNotFound (Couldn't find User with ID=1):
  app/controllers/application_controller.rb:28:in `set_user'
  -e:2:in `load'
  -e:2

Rendered rescues/_trace (47.0ms)
Rendered rescues/_request_and_response (0.0ms)
Rendering rescues/layout (not_found)
  [4;35;1mGroup Create (0.0ms)[0m   [0mSQLite3::SQLException: database schema has changed: INSERT INTO "groups" ("gname", "updated_at", "public", "description", "created_at") VALUES('climbing', '2009-12-02 03:58:11', 0, 'It is fun to climb!', '2009-12-02 03:58:11')[0m
  [4;36;1mGroup Create (0.0ms)[0m   [0;1mINSERT INTO "groups" ("gname", "updated_at", "public", "description", "created_at") VALUES('climbing', '2009-12-02 03:58:11', 0, 'It is fun to climb!', '2009-12-02 03:58:11')[0m
  [4;35;1mGroup Create (0.0ms)[0m   [0mINSERT INTO "groups" ("gname", "updated_at", "public", "description", "created_at") VALUES('GSA', '2009-12-02 03:58:40', 1, NULL, '2009-12-02 03:58:40')[0m
  [4;36;1mGroup Load (0.0ms)[0m   [0;1mSELECT * FROM "groups" [0m
  [4;35;1mEvent Create (0.0ms)[0m   [0mINSERT INTO "events" ("start_date", "end_date", "updated_at", "group_id", "edescription", "ename", "created_at") VALUES(NULL, NULL, '2009-12-02 03:59:25', 2, 'black or white?', 'which color you like?', '2009-12-02 03:59:25')[0m
  [4;36;1mEvent Create (0.0ms)[0m   [0;1mINSERT INTO "events" ("start_date", "end_date", "updated_at", "group_id", "edescription", "ename", "created_at") VALUES(NULL, NULL, '2009-12-02 03:59:34', 1, 'Chinese food or Japanese food?', 'Where to eat?', '2009-12-02 03:59:34')[0m
  [4;35;1mEvent Create (0.0ms)[0m   [0mINSERT INTO "events" ("start_date", "end_date", "updated_at", "group_id", "edescription", "ename", "created_at") VALUES(NULL, NULL, '2009-12-02 03:59:58', 2, 'Pick your president by yourself!', 'Vote for President', '2009-12-02 03:59:58')[0m
  [4;36;1mEvent Load (0.0ms)[0m   [0;1mSELECT * FROM "events" [0m


Processing EventsController#index (for 127.0.0.1 at 2009-12-01 23:00:12) [GET]
  [4;35;1mUser Load (0.0ms)[0m   [0mSELECT * FROM "users" WHERE ("users"."id" = 1) [0m

ActiveRecord::RecordNotFound (Couldn't find User with ID=1):
  app/controllers/application_controller.rb:28:in `set_user'
  -e:2:in `load'
  -e:2

Rendered rescues/_trace (140.0ms)
Rendered rescues/_request_and_response (0.0ms)
Rendering rescues/layout (not_found)


Processing EventsController#index (for 127.0.0.1 at 2009-12-01 23:00:15) [GET]
  [4;36;1mUser Load (0.0ms)[0m   [0;1mSELECT * FROM "users" WHERE ("users"."id" = 1) [0m

ActiveRecord::RecordNotFound (Couldn't find User with ID=1):
  app/controllers/application_controller.rb:28:in `set_user'
  -e:2:in `load'
  -e:2

Rendered rescues/_trace (62.0ms)
Rendered rescues/_request_and_response (0.0ms)
Rendering rescues/layout (not_found)


Processing EventsController#index (for 127.0.0.1 at 2009-12-01 23:00:17) [GET]
  [4;35;1mUser Load (0.0ms)[0m   [0mSELECT * FROM "users" WHERE ("users"."id" = 1) [0m

ActiveRecord::RecordNotFound (Couldn't find User with ID=1):
  app/controllers/application_controller.rb:28:in `set_user'
  -e:2:in `load'
  -e:2

Rendered rescues/_trace (47.0ms)
Rendered rescues/_request_and_response (0.0ms)
Rendering rescues/layout (not_found)


Processing GroupsController#index (for 127.0.0.1 at 2009-12-01 23:00:21) [GET]
  [4;36;1mUser Load (0.0ms)[0m   [0;1mSELECT * FROM "users" WHERE ("users"."id" = 1) [0m

ActiveRecord::RecordNotFound (Couldn't find User with ID=1):
  app/controllers/application_controller.rb:28:in `set_user'
  -e:2:in `load'
  -e:2

Rendered rescues/_trace (140.0ms)
Rendered rescues/_request_and_response (0.0ms)
Rendering rescues/layout (not_found)
Exception occurred during reader method compilation.
Maybe admin? is not a valid Ruby identifier?
compile error
D:/Ruby/lib/ruby/gems/1.8/gems/activerecord-2.3.2/lib/active_record/attribute_methods.rb:211: syntax error, unexpected '?', expecting '\n' or ';'
def admin?=(new_value);write_attribute('admin?', new_value);end
          ^
D:/Ruby/lib/ruby/gems/1.8/gems/activerecord-2.3.2/lib/active_record/attribute_methods.rb:211: syntax error, unexpected kEND, expecting $end
def admin?=(new_value);write_attribute('admin?', new_value);end
                                                               ^
Exception occurred during reader method compilation.
Maybe admin? is not a valid Ruby identifier?
compile error
D:/Ruby/lib/ruby/gems/1.8/gems/activerecord-2.3.2/lib/active_record/attribute_methods.rb:211: syntax error, unexpected '?', expecting '\n' or ';'
def admin??; query_attribute('admin?'); end
           ^
D:/Ruby/lib/ruby/gems/1.8/gems/activerecord-2.3.2/lib/active_record/attribute_methods.rb:211: syntax error, unexpected kEND, expecting $end
def admin??; query_attribute('admin?'); end
                                           ^
  [4;35;1mUser Exists (0.0ms)[0m   [0mSELECT "users".id FROM "users" WHERE ("users"."andrewID" = 'keying') LIMIT 1[0m
  [4;36;1mUser Create (0.0ms)[0m   [0;1mINSERT INTO "users" ("last_login", "updated_at", "lname", "college", "fname", "year", "andrewID", "encryptedPassword", "admin?", "email", "created_at") VALUES(NULL, '2009-12-02 04:01:11', NULL, NULL, NULL, NULL, 'keying', 'admin', 'f', NULL, '2009-12-02 04:01:11')[0m


Processing GroupsController#index (for 127.0.0.1 at 2009-12-01 23:01:14) [GET]
  [4;35;1mUser Load (0.0ms)[0m   [0mSELECT * FROM "users" WHERE ("users"."id" = 1) [0m
  [4;36;1mGroup Load (0.0ms)[0m   [0;1mSELECT * FROM "groups" [0m
Rendering template within layouts/groups
Rendering groups/index
Completed in 16ms (View: 0, DB: 0) | 200 OK [http://127.0.0.1/groups]


Processing EventsController#index (for 127.0.0.1 at 2009-12-01 23:01:17) [GET]
  Parameters: {"id"=>"group"}
  [4;35;1mUser Load (0.0ms)[0m   [0mSELECT * FROM "users" WHERE ("users"."id" = 1) [0m
  [4;36;1mEvent Load (0.0ms)[0m   [0;1mSELECT * FROM "events" [0m
Rendering template within layouts/events
Rendering events/index
Completed in 16ms (View: 0, DB: 0) | 200 OK [http://127.0.0.1/events/index/group]


Processing GroupsController#index (for 127.0.0.1 at 2009-12-01 23:01:26) [GET]
  [4;35;1mUser Load (0.0ms)[0m   [0mSELECT * FROM "users" WHERE ("users"."id" = 1) [0m
  [4;36;1mGroup Load (0.0ms)[0m   [0;1mSELECT * FROM "groups" [0m
Rendering template within layouts/groups
Rendering groups/index
Completed in 32ms (View: 16, DB: 0) | 200 OK [http://127.0.0.1/groups]


Processing HomeController#index (for 127.0.0.1 at 2009-12-01 23:02:01) [GET]
  [4;35;1mUser Load (0.0ms)[0m   [0mSELECT * FROM "users" WHERE ("users"."id" = 1) [0m
Rendering template within layouts/application
Rendering home/index
Exception occurred during reader method compilation.
Maybe admin? is not a valid Ruby identifier?
compile error
D:/Ruby/lib/ruby/gems/1.8/gems/activerecord-2.3.2/lib/active_record/attribute_methods.rb:211: syntax error, unexpected '?', expecting '\n' or ';'
def admin?=(new_value);write_attribute('admin?', new_value);end
          ^
D:/Ruby/lib/ruby/gems/1.8/gems/activerecord-2.3.2/lib/active_record/attribute_methods.rb:211: syntax error, unexpected kEND, expecting $end
def admin?=(new_value);write_attribute('admin?', new_value);end
                                                               ^
Exception occurred during reader method compilation.
Maybe admin? is not a valid Ruby identifier?
compile error
D:/Ruby/lib/ruby/gems/1.8/gems/activerecord-2.3.2/lib/active_record/attribute_methods.rb:211: syntax error, unexpected '?', expecting '\n' or ';'
def admin??; query_attribute('admin?'); end
           ^
D:/Ruby/lib/ruby/gems/1.8/gems/activerecord-2.3.2/lib/active_record/attribute_methods.rb:211: syntax error, unexpected kEND, expecting $end
def admin??; query_attribute('admin?'); end
                                           ^
Completed in 16ms (View: 16, DB: 0) | 200 OK [http://127.0.0.1/]


Processing GroupsController#index (for 127.0.0.1 at 2009-12-01 23:02:02) [GET]
  [4;36;1mUser Load (0.0ms)[0m   [0;1mSELECT * FROM "users" WHERE ("users"."id" = 1) [0m
  [4;35;1mGroup Load (0.0ms)[0m   [0mSELECT * FROM "groups" [0m
Rendering template within layouts/groups
Rendering groups/index
Completed in 16ms (View: 0, DB: 0) | 200 OK [http://127.0.0.1/groups]


Processing EventsController#index (for 127.0.0.1 at 2009-12-01 23:02:04) [GET]
  Parameters: {"id"=>"group"}
  [4;36;1mUser Load (0.0ms)[0m   [0;1mSELECT * FROM "users" WHERE ("users"."id" = 1) [0m
  [4;35;1mEvent Load (0.0ms)[0m   [0mSELECT * FROM "events" [0m
Rendering template within layouts/events
Rendering events/index
Completed in 16ms (View: 0, DB: 0) | 200 OK [http://127.0.0.1/events/index/group]


Processing GroupsController#index (for 127.0.0.1 at 2009-12-01 23:02:07) [GET]
  [4;36;1mUser Load (0.0ms)[0m   [0;1mSELECT * FROM "users" WHERE ("users"."id" = 1) [0m
  [4;35;1mGroup Load (0.0ms)[0m   [0mSELECT * FROM "groups" [0m
Rendering template within layouts/groups
Rendering groups/index
Completed in 93ms (View: 0, DB: 0) | 200 OK [http://127.0.0.1/groups]


Processing GroupsController#index (for 127.0.0.1 at 2009-12-01 23:04:07) [GET]
  [4;36;1mUser Load (0.0ms)[0m   [0;1mSELECT * FROM "users" WHERE ("users"."id" = 1) [0m
  [4;35;1mGroup Load (0.0ms)[0m   [0mSELECT * FROM "groups" [0m
Rendering template within layouts/groups
Rendering groups/index
Completed in 16ms (View: 0, DB: 0) | 200 OK [http://127.0.0.1/groups]


Processing GroupsController#index (for 127.0.0.1 at 2009-12-01 23:04:59) [GET]
  [4;36;1mUser Load (0.0ms)[0m   [0;1mSELECT * FROM "users" WHERE ("users"."id" = 1) [0m
  [4;35;1mGroup Load (0.0ms)[0m   [0mSELECT * FROM "groups" [0m
Rendering template within layouts/groups
Rendering groups/index
Completed in 78ms (View: 31, DB: 0) | 200 OK [http://127.0.0.1/groups]


Processing GroupsController#index (for 127.0.0.1 at 2009-12-01 23:05:56) [GET]
  [4;36;1mUser Load (0.0ms)[0m   [0;1mSELECT * FROM "users" WHERE ("users"."id" = 1) [0m
  [4;35;1mGroup Load (0.0ms)[0m   [0mSELECT * FROM "groups" [0m
Rendering template within layouts/groups
Rendering groups/index
Completed in 31ms (View: 15, DB: 0) | 200 OK [http://127.0.0.1/groups]


Processing GroupsController#index (for 127.0.0.1 at 2009-12-01 23:06:29) [GET]
  [4;36;1mUser Load (0.0ms)[0m   [0;1mSELECT * FROM "users" WHERE ("users"."id" = 1) [0m
  [4;35;1mGroup Load (0.0ms)[0m   [0mSELECT * FROM "groups" [0m
Rendering template within layouts/groups
Rendering groups/index
Completed in 31ms (View: 16, DB: 0) | 200 OK [http://127.0.0.1/groups]


Processing GroupsController#index (for 127.0.0.1 at 2009-12-01 23:07:30) [GET]
  [4;36;1mUser Load (0.0ms)[0m   [0;1mSELECT * FROM "users" WHERE ("users"."id" = 1) [0m
  [4;35;1mGroup Load (0.0ms)[0m   [0mSELECT * FROM "groups" [0m
Rendering template within layouts/groups
Rendering groups/index
Completed in 31ms (View: 16, DB: 0) | 200 OK [http://127.0.0.1/groups]


Processing GroupsController#index (for 127.0.0.1 at 2009-12-01 23:08:11) [GET]
  [4;36;1mUser Load (0.0ms)[0m   [0;1mSELECT * FROM "users" WHERE ("users"."id" = 1) [0m
  [4;35;1mGroup Load (0.0ms)[0m   [0mSELECT * FROM "groups" [0m
Rendering template within layouts/groups
Rendering groups/index
Completed in 204ms (View: 125, DB: 0) | 200 OK [http://127.0.0.1/groups]


Processing GroupsController#index (for 127.0.0.1 at 2009-12-01 23:08:45) [GET]
  [4;36;1mUser Load (0.0ms)[0m   [0;1mSELECT * FROM "users" WHERE ("users"."id" = 1) [0m
  [4;35;1mGroup Load (0.0ms)[0m   [0mSELECT * FROM "groups" [0m
Rendering template within layouts/groups
Rendering groups/index
Completed in 15ms (View: 0, DB: 0) | 200 OK [http://127.0.0.1/groups]


Processing GroupsController#index (for 127.0.0.1 at 2009-12-01 23:09:07) [GET]
  [4;36;1mUser Load (0.0ms)[0m   [0;1mSELECT * FROM "users" WHERE ("users"."id" = 1) [0m
  [4;35;1mGroup Load (0.0ms)[0m   [0mSELECT * FROM "groups" [0m
Rendering template within layouts/groups
Rendering groups/index
Completed in 31ms (View: 15, DB: 0) | 200 OK [http://127.0.0.1/groups]


Processing EventsController#index (for 127.0.0.1 at 2009-12-01 23:09:08) [GET]
  Parameters: {"id"=>"group"}
  [4;36;1mUser Load (0.0ms)[0m   [0;1mSELECT * FROM "users" WHERE ("users"."id" = 1) [0m
  [4;35;1mEvent Load (0.0ms)[0m   [0mSELECT * FROM "events" [0m
Rendering template within layouts/events
Rendering events/index
Completed in 31ms (View: 15, DB: 0) | 200 OK [http://127.0.0.1/events/index/group]


Processing GroupsController#index (for 127.0.0.1 at 2009-12-01 23:09:09) [GET]
  [4;36;1mUser Load (0.0ms)[0m   [0;1mSELECT * FROM "users" WHERE ("users"."id" = 1) [0m
  [4;35;1mGroup Load (0.0ms)[0m   [0mSELECT * FROM "groups" [0m
Rendering template within layouts/groups
Rendering groups/index
Completed in 31ms (View: 15, DB: 0) | 200 OK [http://127.0.0.1/groups]


Processing HomeController#index (for 127.0.0.1 at 2009-12-01 23:09:13) [GET]
  [4;36;1mUser Load (0.0ms)[0m   [0;1mSELECT * FROM "users" WHERE ("users"."id" = 1) [0m
Rendering template within layouts/application
Rendering home/index
Exception occurred during reader method compilation.
Maybe admin? is not a valid Ruby identifier?
compile error
D:/Ruby/lib/ruby/gems/1.8/gems/activerecord-2.3.2/lib/active_record/attribute_methods.rb:211: syntax error, unexpected '?', expecting '\n' or ';'
def admin?=(new_value);write_attribute('admin?', new_value);end
          ^
D:/Ruby/lib/ruby/gems/1.8/gems/activerecord-2.3.2/lib/active_record/attribute_methods.rb:211: syntax error, unexpected kEND, expecting $end
def admin?=(new_value);write_attribute('admin?', new_value);end
                                                               ^
Exception occurred during reader method compilation.
Maybe admin? is not a valid Ruby identifier?
compile error
D:/Ruby/lib/ruby/gems/1.8/gems/activerecord-2.3.2/lib/active_record/attribute_methods.rb:211: syntax error, unexpected '?', expecting '\n' or ';'
def admin??; query_attribute('admin?'); end
           ^
D:/Ruby/lib/ruby/gems/1.8/gems/activerecord-2.3.2/lib/active_record/attribute_methods.rb:211: syntax error, unexpected kEND, expecting $end
def admin??; query_attribute('admin?'); end
                                           ^
Completed in 16ms (View: 16, DB: 0) | 200 OK [http://127.0.0.1/]


Processing GroupsController#index (for 127.0.0.1 at 2009-12-01 23:09:16) [GET]
  [4;35;1mUser Load (0.0ms)[0m   [0mSELECT * FROM "users" WHERE ("users"."id" = 1) [0m
  [4;36;1mGroup Load (0.0ms)[0m   [0;1mSELECT * FROM "groups" [0m
Rendering template within layouts/groups
Rendering groups/index
Completed in 16ms (View: 0, DB: 0) | 200 OK [http://127.0.0.1/groups]


Processing HomeController#index (for 127.0.0.1 at 2009-12-01 23:09:18) [GET]
  [4;35;1mUser Load (0.0ms)[0m   [0mSELECT * FROM "users" WHERE ("users"."id" = 1) [0m
Rendering template within layouts/application
Rendering home/index
Exception occurred during reader method compilation.
Maybe admin? is not a valid Ruby identifier?
compile error
D:/Ruby/lib/ruby/gems/1.8/gems/activerecord-2.3.2/lib/active_record/attribute_methods.rb:211: syntax error, unexpected '?', expecting '\n' or ';'
def admin?=(new_value);write_attribute('admin?', new_value);end
          ^
D:/Ruby/lib/ruby/gems/1.8/gems/activerecord-2.3.2/lib/active_record/attribute_methods.rb:211: syntax error, unexpected kEND, expecting $end
def admin?=(new_value);write_attribute('admin?', new_value);end
                                                               ^
Exception occurred during reader method compilation.
Maybe admin? is not a valid Ruby identifier?
compile error
D:/Ruby/lib/ruby/gems/1.8/gems/activerecord-2.3.2/lib/active_record/attribute_methods.rb:211: syntax error, unexpected '?', expecting '\n' or ';'
def admin??; query_attribute('admin?'); end
           ^
D:/Ruby/lib/ruby/gems/1.8/gems/activerecord-2.3.2/lib/active_record/attribute_methods.rb:211: syntax error, unexpected kEND, expecting $end
def admin??; query_attribute('admin?'); end
                                           ^
Completed in 16ms (View: 0, DB: 0) | 200 OK [http://127.0.0.1/]


Processing EventsController#index (for 127.0.0.1 at 2009-12-01 23:09:19) [GET]
  [4;36;1mUser Load (0.0ms)[0m   [0;1mSELECT * FROM "users" WHERE ("users"."id" = 1) [0m
  [4;35;1mEvent Load (0.0ms)[0m   [0mSELECT * FROM "events" [0m
Rendering template within layouts/events
Rendering events/index
Completed in 16ms (View: 0, DB: 0) | 200 OK [http://127.0.0.1/events]


Processing HomeController#index (for 127.0.0.1 at 2009-12-01 23:09:20) [GET]
  [4;36;1mUser Load (0.0ms)[0m   [0;1mSELECT * FROM "users" WHERE ("users"."id" = 1) [0m
Rendering template within layouts/application
Rendering home/index
Exception occurred during reader method compilation.
Maybe admin? is not a valid Ruby identifier?
compile error
D:/Ruby/lib/ruby/gems/1.8/gems/activerecord-2.3.2/lib/active_record/attribute_methods.rb:211: syntax error, unexpected '?', expecting '\n' or ';'
def admin?=(new_value);write_attribute('admin?', new_value);end
          ^
D:/Ruby/lib/ruby/gems/1.8/gems/activerecord-2.3.2/lib/active_record/attribute_methods.rb:211: syntax error, unexpected kEND, expecting $end
def admin?=(new_value);write_attribute('admin?', new_value);end
                                                               ^
Exception occurred during reader method compilation.
Maybe admin? is not a valid Ruby identifier?
compile error
D:/Ruby/lib/ruby/gems/1.8/gems/activerecord-2.3.2/lib/active_record/attribute_methods.rb:211: syntax error, unexpected '?', expecting '\n' or ';'
def admin??; query_attribute('admin?'); end
           ^
D:/Ruby/lib/ruby/gems/1.8/gems/activerecord-2.3.2/lib/active_record/attribute_methods.rb:211: syntax error, unexpected kEND, expecting $end
def admin??; query_attribute('admin?'); end
                                           ^
Completed in 31ms (View: 16, DB: 0) | 200 OK [http://127.0.0.1/]


Processing CandidatesController#index (for 127.0.0.1 at 2009-12-01 23:09:21) [GET]
  [4;35;1mUser Load (0.0ms)[0m   [0mSELECT * FROM "users" WHERE ("users"."id" = 1) [0m
  [4;36;1mCandidate Load (0.0ms)[0m   [0;1mSELECT * FROM "candidates" [0m
Rendering template within layouts/candidates
Rendering candidates/index
Completed in 15ms (View: 0, DB: 0) | 200 OK [http://127.0.0.1/candidates]


Processing HomeController#index (for 127.0.0.1 at 2009-12-01 23:09:22) [GET]
  [4;35;1mUser Load (0.0ms)[0m   [0mSELECT * FROM "users" WHERE ("users"."id" = 1) [0m
Rendering template within layouts/application
Rendering home/index
Exception occurred during reader method compilation.
Maybe admin? is not a valid Ruby identifier?
compile error
D:/Ruby/lib/ruby/gems/1.8/gems/activerecord-2.3.2/lib/active_record/attribute_methods.rb:211: syntax error, unexpected '?', expecting '\n' or ';'
def admin?=(new_value);write_attribute('admin?', new_value);end
          ^
D:/Ruby/lib/ruby/gems/1.8/gems/activerecord-2.3.2/lib/active_record/attribute_methods.rb:211: syntax error, unexpected kEND, expecting $end
def admin?=(new_value);write_attribute('admin?', new_value);end
                                                               ^
Exception occurred during reader method compilation.
Maybe admin? is not a valid Ruby identifier?
compile error
D:/Ruby/lib/ruby/gems/1.8/gems/activerecord-2.3.2/lib/active_record/attribute_methods.rb:211: syntax error, unexpected '?', expecting '\n' or ';'
def admin??; query_attribute('admin?'); end
           ^
D:/Ruby/lib/ruby/gems/1.8/gems/activerecord-2.3.2/lib/active_record/attribute_methods.rb:211: syntax error, unexpected kEND, expecting $end
def admin??; query_attribute('admin?'); end
                                           ^
Completed in 31ms (View: 16, DB: 0) | 200 OK [http://127.0.0.1/]


Processing UserController#login (for 127.0.0.1 at 2009-12-01 23:09:26) [GET]
  [4;36;1mUser Load (0.0ms)[0m   [0;1mSELECT * FROM "users" WHERE ("users"."id" = 1) [0m
Exception occurred during reader method compilation.
Maybe admin? is not a valid Ruby identifier?
compile error
D:/Ruby/lib/ruby/gems/1.8/gems/activerecord-2.3.2/lib/active_record/attribute_methods.rb:211: syntax error, unexpected '?', expecting '\n' or ';'
def admin?=(new_value);write_attribute('admin?', new_value);end
          ^
D:/Ruby/lib/ruby/gems/1.8/gems/activerecord-2.3.2/lib/active_record/attribute_methods.rb:211: syntax error, unexpected kEND, expecting $end
def admin?=(new_value);write_attribute('admin?', new_value);end
                                                               ^
Exception occurred during reader method compilation.
Maybe admin? is not a valid Ruby identifier?
compile error
D:/Ruby/lib/ruby/gems/1.8/gems/activerecord-2.3.2/lib/active_record/attribute_methods.rb:211: syntax error, unexpected '?', expecting '\n' or ';'
def admin??; query_attribute('admin?'); end
           ^
D:/Ruby/lib/ruby/gems/1.8/gems/activerecord-2.3.2/lib/active_record/attribute_methods.rb:211: syntax error, unexpected kEND, expecting $end
def admin??; query_attribute('admin?'); end
                                           ^
Rendering template within layouts/application
Rendering user/login
Completed in 15ms (View: 0, DB: 0) | 200 OK [http://127.0.0.1/user/login]


Processing HomeController#index (for 127.0.0.1 at 2009-12-01 23:09:27) [GET]
  [4;35;1mUser Load (0.0ms)[0m   [0mSELECT * FROM "users" WHERE ("users"."id" = 1) [0m
Rendering template within layouts/application
Rendering home/index
Exception occurred during reader method compilation.
Maybe admin? is not a valid Ruby identifier?
compile error
D:/Ruby/lib/ruby/gems/1.8/gems/activerecord-2.3.2/lib/active_record/attribute_methods.rb:211: syntax error, unexpected '?', expecting '\n' or ';'
def admin?=(new_value);write_attribute('admin?', new_value);end
          ^
D:/Ruby/lib/ruby/gems/1.8/gems/activerecord-2.3.2/lib/active_record/attribute_methods.rb:211: syntax error, unexpected kEND, expecting $end
def admin?=(new_value);write_attribute('admin?', new_value);end
                                                               ^
Exception occurred during reader method compilation.
Maybe admin? is not a valid Ruby identifier?
compile error
D:/Ruby/lib/ruby/gems/1.8/gems/activerecord-2.3.2/lib/active_record/attribute_methods.rb:211: syntax error, unexpected '?', expecting '\n' or ';'
def admin??; query_attribute('admin?'); end
           ^
D:/Ruby/lib/ruby/gems/1.8/gems/activerecord-2.3.2/lib/active_record/attribute_methods.rb:211: syntax error, unexpected kEND, expecting $end
def admin??; query_attribute('admin?'); end
                                           ^
Completed in 16ms (View: 16, DB: 0) | 200 OK [http://127.0.0.1/]
  [4;35;1mCandidate Create (0.0ms)[0m   [0mINSERT INTO "candidates" ("event_id", "updated_at", "title", "lname", "fname", "description", "created_at") VALUES(1, '2009-12-02 04:11:52', 'VP', 'Smith', 'Will', 'A nice guy', '2009-12-02 04:11:52')[0m


Processing CandidatesController#index (for 127.0.0.1 at 2009-12-01 23:12:01) [GET]
  [4;36;1mUser Load (0.0ms)[0m   [0;1mSELECT * FROM "users" WHERE ("users"."id" = 1) [0m
  [4;35;1mCandidate Load (0.0ms)[0m   [0mSELECT * FROM "candidates" [0m
Rendering template within layouts/candidates
Rendering candidates/index
Completed in 47ms (View: 16, DB: 0) | 200 OK [http://127.0.0.1/candidates]


Processing CandidatesController#index (for 127.0.0.1 at 2009-12-01 23:12:49) [GET]
  [4;36;1mUser Load (0.0ms)[0m   [0;1mSELECT * FROM "users" WHERE ("users"."id" = 1) [0m
  [4;35;1mCandidate Load (0.0ms)[0m   [0mSELECT * FROM "candidates" [0m
Rendering template within layouts/candidates
Rendering candidates/index
Completed in 15ms (View: 0, DB: 0) | 200 OK [http://127.0.0.1/candidates]


Processing CandidatesController#index (for 127.0.0.1 at 2009-12-01 23:13:20) [GET]
  [4;36;1mUser Load (0.0ms)[0m   [0;1mSELECT * FROM "users" WHERE ("users"."id" = 1) [0m
  [4;35;1mCandidate Load (0.0ms)[0m   [0mSELECT * FROM "candidates" [0m
Rendering template within layouts/candidates
Rendering candidates/index
Completed in 31ms (View: 15, DB: 0) | 200 OK [http://127.0.0.1/candidates]


Processing CandidatesController#index (for 127.0.0.1 at 2009-12-01 23:14:03) [GET]
  [4;36;1mUser Load (16.0ms)[0m   [0;1mSELECT * FROM "users" WHERE ("users"."id" = 1) [0m
  [4;35;1mCandidate Load (0.0ms)[0m   [0mSELECT * FROM "candidates" [0m
Rendering template within layouts/candidates
Rendering candidates/index
Completed in 47ms (View: 16, DB: 16) | 200 OK [http://127.0.0.1/candidates]


Processing HomeController#index (for 127.0.0.1 at 2009-12-01 23:35:55) [GET]
Rendering template within layouts/application
Rendering home/index
Completed in 1422ms (View: 31, DB: 0) | 200 OK [http://127.0.0.1/]


Processing GroupsController#index (for 127.0.0.1 at 2009-12-01 23:35:59) [GET]
  [4;36;1mGroup Load (15.0ms)[0m   [0;1mSELECT * FROM "groups" [0m
Rendering template within layouts/groups
Rendering groups/index
Completed in 110ms (View: 32, DB: 15) | 200 OK [http://127.0.0.1/groups]


Processing HomeController#index (for 127.0.0.1 at 2009-12-01 23:36:03) [GET]
Rendering template within layouts/application
Rendering home/index
Completed in 15ms (View: 15, DB: 0) | 200 OK [http://127.0.0.1/]


Processing EventsController#index (for 127.0.0.1 at 2009-12-01 23:36:04) [GET]
  [4;35;1mEvent Load (0.0ms)[0m   [0mSELECT * FROM "events" [0m
Rendering template within layouts/events
Rendering events/index
Completed in 46ms (View: 31, DB: 0) | 200 OK [http://127.0.0.1/events]


Processing HomeController#index (for 127.0.0.1 at 2009-12-01 23:36:07) [GET]
Rendering template within layouts/application
Rendering home/index
Completed in 16ms (View: 0, DB: 0) | 200 OK [http://127.0.0.1/]


Processing CandidatesController#index (for 127.0.0.1 at 2009-12-01 23:36:09) [GET]
  [4;36;1mCandidate Load (0.0ms)[0m   [0;1mSELECT * FROM "candidates" [0m
Rendering template within layouts/candidates
Rendering candidates/index
Completed in 32ms (View: 16, DB: 0) | 200 OK [http://127.0.0.1/candidates]


Processing HomeController#index (for 127.0.0.1 at 2009-12-01 23:36:16) [GET]
Rendering template within layouts/application
Rendering home/index
Completed in 15ms (View: 15, DB: 0) | 200 OK [http://127.0.0.1/]


Processing UserController#login (for 127.0.0.1 at 2009-12-01 23:36:18) [GET]
Exception occurred during reader method compilation.
Maybe admin? is not a valid Ruby identifier?
compile error
D:/Ruby/lib/ruby/gems/1.8/gems/activerecord-2.3.2/lib/active_record/attribute_methods.rb:211: syntax error, unexpected '?', expecting '\n' or ';'
def admin?=(new_value);write_attribute('admin?', new_value);end
          ^
D:/Ruby/lib/ruby/gems/1.8/gems/activerecord-2.3.2/lib/active_record/attribute_methods.rb:211: syntax error, unexpected kEND, expecting $end
def admin?=(new_value);write_attribute('admin?', new_value);end
                                                               ^
Exception occurred during reader method compilation.
Maybe admin? is not a valid Ruby identifier?
compile error
D:/Ruby/lib/ruby/gems/1.8/gems/activerecord-2.3.2/lib/active_record/attribute_methods.rb:211: syntax error, unexpected '?', expecting '\n' or ';'
def admin??; query_attribute('admin?'); end
           ^
D:/Ruby/lib/ruby/gems/1.8/gems/activerecord-2.3.2/lib/active_record/attribute_methods.rb:211: syntax error, unexpected kEND, expecting $end
def admin??; query_attribute('admin?'); end
                                           ^
Rendering template within layouts/application
Rendering user/login
Completed in 125ms (View: 15, DB: 0) | 200 OK [http://127.0.0.1/user/login]


Processing HomeController#index (for 127.0.0.1 at 2009-12-01 23:36:20) [GET]
Rendering template within layouts/application
Rendering home/index
Completed in 0ms (View: 0, DB: 0) | 200 OK [http://127.0.0.1/]
